#
# There is insufficient memory for the Java Runtime Environment to continue.
# Native memory allocation (malloc) failed to allocate 437776 bytes. Error detail: Chunk::new
# Possible reasons:
#   The system is out of physical RAM or swap space
#   This process is running with CompressedOops enabled, and the Java Heap may be blocking the growth of the native heap
# Possible solutions:
#   Reduce memory load on the system
#   Increase physical memory or swap space
#   Check if swap backing store is full
#   Decrease Java heap size (-Xmx/-Xms)
#   Decrease number of Java threads
#   Decrease Java thread stack sizes (-Xss)
#   Set larger code cache with -XX:ReservedCodeCacheSize=
#   JVM is running with Unscaled Compressed Oops mode in which the Java heap is
#     placed in the first 4GB address space. The Java Heap base address is the
#     maximum limit for the native heap growth. Please use -XX:HeapBaseMinAddress
#     to set the Java Heap base and to place the Java Heap above 4GB virtual address.
# This output file may be truncated or incomplete.
#
#  Out of Memory Error (arena.cpp:191), pid=10396, tid=6552
#
# JRE version: OpenJDK Runtime Environment Temurin-17.0.12+7 (17.0.12+7) (build 17.0.12+7)
# Java VM: OpenJDK 64-Bit Server VM Temurin-17.0.12+7 (17.0.12+7, mixed mode, tiered, compressed oops, compressed class ptrs, parallel gc, windows-amd64)
# No core dump will be written. Minidumps are not enabled by default on client versions of Windows
#

---------------  S U M M A R Y ------------

Command Line: --add-modules=ALL-SYSTEM --add-opens=java.base/java.util=ALL-UNNAMED --add-opens=java.base/java.lang=ALL-UNNAMED --add-opens=java.base/sun.nio.fs=ALL-UNNAMED -Declipse.application=org.eclipse.jdt.ls.core.id1 -Dosgi.bundles.defaultStartLevel=4 -Declipse.product=org.eclipse.jdt.ls.core.product -Djava.import.generatesMetadataFilesAtProjectRoot=false -DDetectVMInstallationsJob.disabled=true -Dfile.encoding=utf8 -XX:+UseParallelGC -XX:GCTimeRatio=4 -XX:AdaptiveSizePolicyWeight=90 -Dsun.zip.disableMemoryMapping=true -Xmx1G -Xms100m -Xlog:disable -javaagent:c:\Users\areda\.vscode\extensions\redhat.java-1.35.1-win32-x64\lombok\lombok-1.18.33.jar c:\Users\areda\.vscode\extensions\redhat.java-1.35.1-win32-x64\server\plugins\org.eclipse.equinox.launcher_1.6.900.v20240613-2009.jar -configuration c:\Users\areda\AppData\Roaming\Code\User\globalStorage\redhat.java\1.35.1\config_ss_win -data c:\Users\areda\AppData\Roaming\Code\User\workspaceStorage\94f0b2c071ba42e58c71592650ef5944\redhat.java\ss_ws --pipe=\\.\pipe\lsp-72c0c467ad74e66231e31e95ab9b0908-sock

Host: Intel(R) Core(TM) i5-1035G1 CPU @ 1.00GHz, 8 cores, 7G,  Windows 10 , 64 bit Build 19041 (10.0.19041.292)
Time: Wed Oct 16 23:33:00 2024 Egypt Standard Time elapsed time: 12.836871 seconds (0d 0h 0m 12s)

---------------  T H R E A D  ---------------

Current thread (0x0000029d06abef80):  JavaThread "C2 CompilerThread2" daemon [_thread_in_native, id=6552, stack(0x000000c935400000,0x000000c935500000)]


Current CompileTask:
C2:  12837 4086       4       org.eclipse.jdt.internal.compiler.util.JrtFileSystem$2::visitFile (10 bytes)

Stack: [0x000000c935400000,0x000000c935500000]
Native frames: (J=compiled Java code, j=interpreted, Vv=VM code, C=native code)
V  [jvm.dll+0x67f929]
V  [jvm.dll+0x8371ba]
V  [jvm.dll+0x838c7e]
V  [jvm.dll+0x8392e3]
V  [jvm.dll+0x24834f]
V  [jvm.dll+0xac9d4]
V  [jvm.dll+0xad01c]
V  [jvm.dll+0x367452]
V  [jvm.dll+0x33197a]
V  [jvm.dll+0x330e1a]
V  [jvm.dll+0x21a8b1]
V  [jvm.dll+0x219cf1]
V  [jvm.dll+0x1a58bd]
V  [jvm.dll+0x229a2d]
V  [jvm.dll+0x227bdc]
V  [jvm.dll+0x7ec1f7]
V  [jvm.dll+0x7e65dc]
V  [jvm.dll+0x67e7f7]
C  [ucrtbase.dll+0x214c2]
C  [KERNEL32.DLL+0x16fd4]
C  [ntdll.dll+0x4cec1]


---------------  P R O C E S S  ---------------

Threads class SMR info:
_java_thread_list=0x0000029d0793a0f0, length=37, elements={
0x0000029d6c3a70d0, 0x0000029d7e236170, 0x0000029d7e2382e0, 0x0000029d7f4a6160,
0x0000029d7f4a6a30, 0x0000029d7f4a7aa0, 0x0000029d7f4ac380, 0x0000029d7f4baea0,
0x0000029d7f4bc7c0, 0x0000029d7f4bd0d0, 0x0000029d7f5f8a10, 0x0000029d7f805ce0,
0x0000029d06e63040, 0x0000029d06f997d0, 0x0000029d06e8c900, 0x0000029d06e81fb0,
0x0000029d070ae910, 0x0000029d070acfc0, 0x0000029d070ab160, 0x0000029d070ae400,
0x0000029d070ab670, 0x0000029d070ac5a0, 0x0000029d070acab0, 0x0000029d070abb80,
0x0000029d070ad4d0, 0x0000029d070ac090, 0x0000029d070ad9e0, 0x0000029d070adef0,
0x0000029d081b2060, 0x0000029d081b43d0, 0x0000029d081b94d0, 0x0000029d081b48e0,
0x0000029d081b4df0, 0x0000029d081b6c50, 0x0000029d079f8ee0, 0x0000029d06abef80,
0x0000029d081b99e0
}

Java Threads: ( => current thread )
  0x0000029d6c3a70d0 JavaThread "main" [_thread_blocked, id=13168, stack(0x000000c932600000,0x000000c932700000)]
  0x0000029d7e236170 JavaThread "Reference Handler" daemon [_thread_blocked, id=6716, stack(0x000000c932900000,0x000000c932a00000)]
  0x0000029d7e2382e0 JavaThread "Finalizer" daemon [_thread_blocked, id=6608, stack(0x000000c932a00000,0x000000c932b00000)]
  0x0000029d7f4a6160 JavaThread "Signal Dispatcher" daemon [_thread_blocked, id=10000, stack(0x000000c932b00000,0x000000c932c00000)]
  0x0000029d7f4a6a30 JavaThread "Attach Listener" daemon [_thread_blocked, id=11516, stack(0x000000c932c00000,0x000000c932d00000)]
  0x0000029d7f4a7aa0 JavaThread "Service Thread" daemon [_thread_blocked, id=3432, stack(0x000000c932d00000,0x000000c932e00000)]
  0x0000029d7f4ac380 JavaThread "Monitor Deflation Thread" daemon [_thread_blocked, id=13052, stack(0x000000c932e00000,0x000000c932f00000)]
  0x0000029d7f4baea0 JavaThread "C2 CompilerThread0" daemon [_thread_in_native, id=14768, stack(0x000000c932f00000,0x000000c933000000)]
  0x0000029d7f4bc7c0 JavaThread "C1 CompilerThread0" daemon [_thread_blocked, id=9728, stack(0x000000c933000000,0x000000c933100000)]
  0x0000029d7f4bd0d0 JavaThread "Sweeper thread" daemon [_thread_blocked, id=14168, stack(0x000000c933100000,0x000000c933200000)]
  0x0000029d7f5f8a10 JavaThread "Common-Cleaner" daemon [_thread_blocked, id=9064, stack(0x000000c933200000,0x000000c933300000)]
  0x0000029d7f805ce0 JavaThread "Notification Thread" daemon [_thread_blocked, id=13440, stack(0x000000c933400000,0x000000c933500000)]
  0x0000029d06e63040 JavaThread "Active Thread: Equinox Container: dbdaa99d-69bf-42fa-8ab0-693a9fe36145" [_thread_blocked, id=13696, stack(0x000000c933c00000,0x000000c933d00000)]
  0x0000029d06f997d0 JavaThread "Framework Event Dispatcher: Equinox Container: dbdaa99d-69bf-42fa-8ab0-693a9fe36145" daemon [_thread_blocked, id=3756, stack(0x000000c933d00000,0x000000c933e00000)]
  0x0000029d06e8c900 JavaThread "Start Level: Equinox Container: dbdaa99d-69bf-42fa-8ab0-693a9fe36145" daemon [_thread_blocked, id=9692, stack(0x000000c933e00000,0x000000c933f00000)]
  0x0000029d06e81fb0 JavaThread "SCR Component Actor" daemon [_thread_blocked, id=12864, stack(0x000000c933f00000,0x000000c934000000)]
  0x0000029d070ae910 JavaThread "Worker-JM" [_thread_blocked, id=15456, stack(0x000000c934100000,0x000000c934200000)]
  0x0000029d070acfc0 JavaThread "JNA Cleaner" daemon [_thread_blocked, id=12956, stack(0x000000c934200000,0x000000c934300000)]
  0x0000029d070ab160 JavaThread "Worker-0: Building" [_thread_blocked, id=14268, stack(0x000000c934300000,0x000000c934400000)]
  0x0000029d070ae400 JavaThread "Worker-1: Refreshing workspace" [_thread_blocked, id=2548, stack(0x000000c934400000,0x000000c934500000)]
  0x0000029d070ab670 JavaThread "Thread-2" daemon [_thread_in_native, id=15452, stack(0x000000c934600000,0x000000c934700000)]
  0x0000029d070ac5a0 JavaThread "Thread-3" daemon [_thread_in_native, id=14588, stack(0x000000c934700000,0x000000c934800000)]
  0x0000029d070acab0 JavaThread "Thread-4" daemon [_thread_in_native, id=9508, stack(0x000000c934800000,0x000000c934900000)]
  0x0000029d070abb80 JavaThread "Thread-5" daemon [_thread_in_native, id=14940, stack(0x000000c934900000,0x000000c934a00000)]
  0x0000029d070ad4d0 JavaThread "Thread-6" daemon [_thread_in_native, id=14956, stack(0x000000c934a00000,0x000000c934b00000)]
  0x0000029d070ac090 JavaThread "Thread-7" daemon [_thread_in_native, id=15156, stack(0x000000c934b00000,0x000000c934c00000)]
  0x0000029d070ad9e0 JavaThread "Thread-8" daemon [_thread_in_native, id=13268, stack(0x000000c934c00000,0x000000c934d00000)]
  0x0000029d070adef0 JavaThread "Thread-9" daemon [_thread_in_native, id=3640, stack(0x000000c934d00000,0x000000c934e00000)]
  0x0000029d081b2060 JavaThread "Thread-10" daemon [_thread_in_native, id=7928, stack(0x000000c934e00000,0x000000c934f00000)]
  0x0000029d081b43d0 JavaThread "pool-2-thread-1" [_thread_blocked, id=14340, stack(0x000000c934500000,0x000000c934600000)]
  0x0000029d081b94d0 JavaThread "WorkspaceEventsHandler" [_thread_blocked, id=14760, stack(0x000000c935000000,0x000000c935100000)]
  0x0000029d081b48e0 JavaThread "pool-1-thread-1" [_thread_blocked, id=14664, stack(0x000000c935100000,0x000000c935200000)]
  0x0000029d081b4df0 JavaThread "ForkJoinPool.commonPool-worker-1" daemon [_thread_blocked, id=1616, stack(0x000000c935200000,0x000000c935300000)]
  0x0000029d081b6c50 JavaThread "ForkJoinPool.commonPool-worker-2" daemon [_thread_blocked, id=13652, stack(0x000000c935300000,0x000000c935400000)]
  0x0000029d079f8ee0 JavaThread "C2 CompilerThread1" daemon [_thread_in_native, id=14892, stack(0x000000c934f00000,0x000000c935000000)]
=>0x0000029d06abef80 JavaThread "C2 CompilerThread2" daemon [_thread_in_native, id=6552, stack(0x000000c935400000,0x000000c935500000)]
  0x0000029d081b99e0 JavaThread "Worker-2" [_thread_blocked, id=8276, stack(0x000000c934000000,0x000000c934100000)]

Other Threads:
  0x0000029d6c45e940 VMThread "VM Thread" [stack: 0x000000c932800000,0x000000c932900000] [id=14864]
  0x0000029d7f8061c0 WatcherThread [stack: 0x000000c933500000,0x000000c933600000] [id=10304]
  0x0000029d6c3bae20 GCTaskThread "GC Thread#0" [stack: 0x000000c932700000,0x000000c932800000] [id=10820]
  0x0000029d06562540 GCTaskThread "GC Thread#1" [stack: 0x000000c933600000,0x000000c933700000] [id=9304]
  0x0000029d06724950 GCTaskThread "GC Thread#2" [stack: 0x000000c933700000,0x000000c933800000] [id=11748]
  0x0000029d06a94d00 GCTaskThread "GC Thread#3" [stack: 0x000000c933800000,0x000000c933900000] [id=8216]
  0x0000029d06a94fc0 GCTaskThread "GC Thread#4" [stack: 0x000000c933900000,0x000000c933a00000] [id=4136]
  0x0000029d06a95280 GCTaskThread "GC Thread#5" [stack: 0x000000c933a00000,0x000000c933b00000] [id=1264]
  0x0000029d0675f020 GCTaskThread "GC Thread#6" [stack: 0x000000c933b00000,0x000000c933c00000] [id=7244]
  0x0000029d06fb0d00 GCTaskThread "GC Thread#7" [stack: 0x000000c933300000,0x000000c933400000] [id=11520]

Threads with active compile tasks:
C2 CompilerThread1    12911 4120   !   4       org.eclipse.osgi.internal.loader.classpath.ClasspathManager::findLocalClass (210 bytes)
C2 CompilerThread2    12912 4086       4       org.eclipse.jdt.internal.compiler.util.JrtFileSystem$2::visitFile (10 bytes)

VM state: not at safepoint (normal execution)

VM Mutex/Monitor currently owned by a thread: None

Heap address: 0x00000000c0000000, size: 1024 MB, Compressed Oops mode: 32-bit

CDS archive(s) not mapped
Compressed class space mapped at: 0x0000000100000000-0x0000000140000000, reserved size: 1073741824
Narrow klass base: 0x0000000000000000, Narrow klass shift: 3, Narrow klass range: 0x140000000

GC Precious Log:
 CPUs: 8 total, 8 available
 Memory: 7973M
 Large Page Support: Disabled
 NUMA Support: Disabled
 Compressed Oops: Enabled (32-bit)
 Alignments: Space 512K, Generation 512K, Heap 2M
 Heap Min Capacity: 100M
 Heap Initial Capacity: 100M
 Heap Max Capacity: 1G
 Pre-touch: Disabled
 Parallel Workers: 8

Heap:
 PSYoungGen      total 24064K, used 13252K [0x00000000eab00000, 0x00000000ec580000, 0x0000000100000000)
  eden space 22016K, 52% used [0x00000000eab00000,0x00000000eb644350,0x00000000ec080000)
  from space 2048K, 83% used [0x00000000ec380000,0x00000000ec52cf80,0x00000000ec580000)
  to   space 2560K, 0% used [0x00000000ec080000,0x00000000ec080000,0x00000000ec300000)
 ParOldGen       total 68608K, used 24147K [0x00000000c0000000, 0x00000000c4300000, 0x00000000eab00000)
  object space 68608K, 35% used [0x00000000c0000000,0x00000000c1794f10,0x00000000c4300000)
 Metaspace       used 40438K, committed 41280K, reserved 1114112K
  class space    used 4132K, committed 4544K, reserved 1048576K

Card table byte_map: [0x0000029d6bd40000,0x0000029d6bf50000] _byte_map_base: 0x0000029d6b740000

Marking Bits: (ParMarkBitMap*) 0x00007ff818a558b0
 Begin Bits: [0x0000029d00000000, 0x0000029d01000000)
 End Bits:   [0x0000029d01000000, 0x0000029d02000000)

Polling page: 0x0000029d6a380000

Metaspace:

Usage:
  Non-class:     35.46 MB used.
      Class:      4.04 MB used.
       Both:     39.49 MB used.

Virtual space:
  Non-class space:       64.00 MB reserved,      35.88 MB ( 56%) committed,  1 nodes.
      Class space:        1.00 GB reserved,       4.44 MB ( <1%) committed,  1 nodes.
             Both:        1.06 GB reserved,      40.31 MB (  4%) committed. 

Chunk freelists:
   Non-Class:  11.88 MB
       Class:  11.59 MB
        Both:  23.47 MB

MaxMetaspaceSize: unlimited
CompressedClassSpaceSize: 1.00 GB
Initial GC threshold: 21.00 MB
Current GC threshold: 58.38 MB
CDS: off
MetaspaceReclaimPolicy: balanced
 - commit_granule_bytes: 65536.
 - commit_granule_words: 8192.
 - virtual_space_node_default_size: 8388608.
 - enlarge_chunks_in_place: 1.
 - new_chunks_are_fully_committed: 0.
 - uncommit_free_chunks: 1.
 - use_allocation_guard: 0.
 - handle_deallocations: 1.


Internal statistics:

num_allocs_failed_limit: 6.
num_arena_births: 626.
num_arena_deaths: 14.
num_vsnodes_births: 2.
num_vsnodes_deaths: 0.
num_space_committed: 645.
num_space_uncommitted: 0.
num_chunks_returned_to_freelist: 20.
num_chunks_taken_from_freelist: 2026.
num_chunk_merges: 8.
num_chunk_splits: 1255.
num_chunks_enlarged: 756.
num_inconsistent_stats: 0.

CodeHeap 'non-profiled nmethods': size=120000Kb used=2077Kb max_used=2077Kb free=117923Kb
 bounds [0x0000029d76b10000, 0x0000029d76d80000, 0x0000029d7e040000]
CodeHeap 'profiled nmethods': size=120000Kb used=8084Kb max_used=8084Kb free=111915Kb
 bounds [0x0000029d6f040000, 0x0000029d6f830000, 0x0000029d76570000]
CodeHeap 'non-nmethods': size=5760Kb used=1316Kb max_used=1353Kb free=4443Kb
 bounds [0x0000029d76570000, 0x0000029d767e0000, 0x0000029d76b10000]
 total_blobs=4751 nmethods=4117 adapters=547
 compilation: enabled
              stopped_count=0, restarted_count=0
 full_count=0

Compilation events (20 events):
Event: 12.660 Thread 0x0000029d7f4bc7c0 4096       3       java.util.ResourceBundle::getObject (82 bytes)
Event: 12.661 Thread 0x0000029d7f4bc7c0 nmethod 4096 0x0000029d6f81bc90 code [0x0000029d6f81bf40, 0x0000029d6f81ca98]
Event: 12.661 Thread 0x0000029d7f4bc7c0 4100       3       org.eclipse.jdt.internal.compiler.util.HashtableOfInt::put (95 bytes)
Event: 12.661 Thread 0x0000029d7f4bc7c0 nmethod 4100 0x0000029d6f81cf10 code [0x0000029d6f81d100, 0x0000029d6f81d6e8]
Event: 12.661 Thread 0x0000029d7f4bc7c0 4099       3       sun.util.ResourceBundleEnumeration::hasMoreElements (117 bytes)
Event: 12.662 Thread 0x0000029d7f4bc7c0 nmethod 4099 0x0000029d6f81d910 code [0x0000029d6f81db40, 0x0000029d6f81e528]
Event: 12.662 Thread 0x0000029d7f4bc7c0 4097       3       java.util.ResourceBundle::getString (9 bytes)
Event: 12.662 Thread 0x0000029d7f4bc7c0 nmethod 4097 0x0000029d6f81e710 code [0x0000029d6f81e8c0, 0x0000029d6f81eae8]
Event: 12.662 Thread 0x0000029d7f4bc7c0 4098       3       java.util.PropertyResourceBundle::handleGetObject (23 bytes)
Event: 12.662 Thread 0x0000029d7f4bc7c0 nmethod 4098 0x0000029d6f81eb90 code [0x0000029d6f81ed40, 0x0000029d6f81eff8]
Event: 12.662 Thread 0x0000029d7f4bc7c0 4101       3       sun.util.ResourceBundleEnumeration::nextElement (5 bytes)
Event: 12.663 Thread 0x0000029d7f4bc7c0 nmethod 4101 0x0000029d6f81f110 code [0x0000029d6f81f2e0, 0x0000029d6f81f5b8]
Event: 12.663 Thread 0x0000029d7f4bc7c0 4102       3       sun.util.ResourceBundleEnumeration::nextElement (27 bytes)
Event: 12.663 Thread 0x0000029d7f4bc7c0 nmethod 4102 0x0000029d6f81f710 code [0x0000029d6f81f8c0, 0x0000029d6f81fb38]
Event: 12.663 Thread 0x0000029d7f4bc7c0 4103       3       org.eclipse.jdt.internal.compiler.problem.DefaultProblemFactory::keyFromID (4 bytes)
Event: 12.663 Thread 0x0000029d7f4bc7c0 nmethod 4103 0x0000029d6f81fc90 code [0x0000029d6f81fe20, 0x0000029d6f81ff18]
Event: 12.664 Thread 0x0000029d7f4bc7c0 4104       3       org.eclipse.jdt.internal.core.builder.ClasspathJrt$JrtPackageVisitor::visitPackage (14 bytes)
Event: 12.665 Thread 0x0000029d7f4bc7c0 nmethod 4104 0x0000029d6f81ff90 code [0x0000029d6f820160, 0x0000029d6f8205d8]
Event: 12.665 Thread 0x0000029d7f4bc7c0 4105       3       org.eclipse.jdt.internal.core.builder.ClasspathJrt$JrtPackageVisitor::visitPackage (18 bytes)
Event: 12.665 Thread 0x0000029d7f4bc7c0 nmethod 4105 0x0000029d6f820710 code [0x0000029d6f8208c0, 0x0000029d6f820ad8]

GC Heap History (20 events):
Event: 8.957 GC heap before
{Heap before GC invocations=7 (full 1):
 PSYoungGen      total 27648K, used 27264K [0x00000000eab00000, 0x00000000eca80000, 0x0000000100000000)
  eden space 25088K, 99% used [0x00000000eab00000,0x00000000ec369460,0x00000000ec380000)
  from space 2560K, 88% used [0x00000000ec400000,0x00000000ec636e40,0x00000000ec680000)
  to   space 3584K, 0% used [0x00000000ec700000,0x00000000ec700000,0x00000000eca80000)
 ParOldGen       total 68608K, used 7092K [0x00000000c0000000, 0x00000000c4300000, 0x00000000eab00000)
  object space 68608K, 10% used [0x00000000c0000000,0x00000000c06ed0e0,0x00000000c4300000)
 Metaspace       used 28093K, committed 28608K, reserved 1114112K
  class space    used 2755K, committed 3008K, reserved 1048576K
}
Event: 8.959 GC heap after
{Heap after GC invocations=7 (full 1):
 PSYoungGen      total 27648K, used 2793K [0x00000000eab00000, 0x00000000eca00000, 0x0000000100000000)
  eden space 24576K, 0% used [0x00000000eab00000,0x00000000eab00000,0x00000000ec300000)
  from space 3072K, 90% used [0x00000000ec700000,0x00000000ec9ba610,0x00000000eca00000)
  to   space 3072K, 0% used [0x00000000ec400000,0x00000000ec400000,0x00000000ec700000)
 ParOldGen       total 68608K, used 7092K [0x00000000c0000000, 0x00000000c4300000, 0x00000000eab00000)
  object space 68608K, 10% used [0x00000000c0000000,0x00000000c06ed0e0,0x00000000c4300000)
 Metaspace       used 28093K, committed 28608K, reserved 1114112K
  class space    used 2755K, committed 3008K, reserved 1048576K
}
Event: 9.630 GC heap before
{Heap before GC invocations=8 (full 1):
 PSYoungGen      total 27648K, used 27369K [0x00000000eab00000, 0x00000000eca00000, 0x0000000100000000)
  eden space 24576K, 100% used [0x00000000eab00000,0x00000000ec300000,0x00000000ec300000)
  from space 3072K, 90% used [0x00000000ec700000,0x00000000ec9ba610,0x00000000eca00000)
  to   space 3072K, 0% used [0x00000000ec400000,0x00000000ec400000,0x00000000ec700000)
 ParOldGen       total 68608K, used 7092K [0x00000000c0000000, 0x00000000c4300000, 0x00000000eab00000)
  object space 68608K, 10% used [0x00000000c0000000,0x00000000c06ed0e0,0x00000000c4300000)
 Metaspace       used 30507K, committed 31104K, reserved 1114112K
  class space    used 2951K, committed 3200K, reserved 1048576K
}
Event: 9.632 GC heap after
{Heap after GC invocations=8 (full 1):
 PSYoungGen      total 27136K, used 3057K [0x00000000eab00000, 0x00000000ecb80000, 0x0000000100000000)
  eden space 24064K, 0% used [0x00000000eab00000,0x00000000eab00000,0x00000000ec280000)
  from space 3072K, 99% used [0x00000000ec400000,0x00000000ec6fc6e8,0x00000000ec700000)
  to   space 4608K, 0% used [0x00000000ec700000,0x00000000ec700000,0x00000000ecb80000)
 ParOldGen       total 68608K, used 8037K [0x00000000c0000000, 0x00000000c4300000, 0x00000000eab00000)
  object space 68608K, 11% used [0x00000000c0000000,0x00000000c07d9600,0x00000000c4300000)
 Metaspace       used 30507K, committed 31104K, reserved 1114112K
  class space    used 2951K, committed 3200K, reserved 1048576K
}
Event: 11.163 GC heap before
{Heap before GC invocations=9 (full 1):
 PSYoungGen      total 27136K, used 27121K [0x00000000eab00000, 0x00000000ecb80000, 0x0000000100000000)
  eden space 24064K, 100% used [0x00000000eab00000,0x00000000ec280000,0x00000000ec280000)
  from space 3072K, 99% used [0x00000000ec400000,0x00000000ec6fc6e8,0x00000000ec700000)
  to   space 4608K, 0% used [0x00000000ec700000,0x00000000ec700000,0x00000000ecb80000)
 ParOldGen       total 68608K, used 8037K [0x00000000c0000000, 0x00000000c4300000, 0x00000000eab00000)
  object space 68608K, 11% used [0x00000000c0000000,0x00000000c07d9600,0x00000000c4300000)
 Metaspace       used 34144K, committed 34880K, reserved 1114112K
  class space    used 3402K, committed 3712K, reserved 1048576K
}
Event: 11.166 GC heap after
{Heap after GC invocations=9 (full 1):
 PSYoungGen      total 28160K, used 4222K [0x00000000eab00000, 0x00000000ecb80000, 0x0000000100000000)
  eden space 23552K, 0% used [0x00000000eab00000,0x00000000eab00000,0x00000000ec200000)
  from space 4608K, 91% used [0x00000000ec700000,0x00000000ecb1fa30,0x00000000ecb80000)
  to   space 4608K, 0% used [0x00000000ec280000,0x00000000ec280000,0x00000000ec700000)
 ParOldGen       total 68608K, used 8045K [0x00000000c0000000, 0x00000000c4300000, 0x00000000eab00000)
  object space 68608K, 11% used [0x00000000c0000000,0x00000000c07db600,0x00000000c4300000)
 Metaspace       used 34144K, committed 34880K, reserved 1114112K
  class space    used 3402K, committed 3712K, reserved 1048576K
}
Event: 11.319 GC heap before
{Heap before GC invocations=10 (full 1):
 PSYoungGen      total 28160K, used 11109K [0x00000000eab00000, 0x00000000ecb80000, 0x0000000100000000)
  eden space 23552K, 29% used [0x00000000eab00000,0x00000000eb1b9b80,0x00000000ec200000)
  from space 4608K, 91% used [0x00000000ec700000,0x00000000ecb1fa30,0x00000000ecb80000)
  to   space 4608K, 0% used [0x00000000ec280000,0x00000000ec280000,0x00000000ec700000)
 ParOldGen       total 68608K, used 8045K [0x00000000c0000000, 0x00000000c4300000, 0x00000000eab00000)
  object space 68608K, 11% used [0x00000000c0000000,0x00000000c07db600,0x00000000c4300000)
 Metaspace       used 35146K, committed 35840K, reserved 1114112K
  class space    used 3529K, committed 3840K, reserved 1048576K
}
Event: 11.324 GC heap after
{Heap after GC invocations=10 (full 1):
 PSYoungGen      total 27136K, used 3178K [0x00000000eab00000, 0x00000000ec900000, 0x0000000100000000)
  eden space 23552K, 0% used [0x00000000eab00000,0x00000000eab00000,0x00000000ec200000)
  from space 3584K, 88% used [0x00000000ec280000,0x00000000ec59a948,0x00000000ec600000)
  to   space 3072K, 0% used [0x00000000ec600000,0x00000000ec600000,0x00000000ec900000)
 ParOldGen       total 68608K, used 9761K [0x00000000c0000000, 0x00000000c4300000, 0x00000000eab00000)
  object space 68608K, 14% used [0x00000000c0000000,0x00000000c0988788,0x00000000c4300000)
 Metaspace       used 35146K, committed 35840K, reserved 1114112K
  class space    used 3529K, committed 3840K, reserved 1048576K
}
Event: 11.324 GC heap before
{Heap before GC invocations=11 (full 2):
 PSYoungGen      total 27136K, used 3178K [0x00000000eab00000, 0x00000000ec900000, 0x0000000100000000)
  eden space 23552K, 0% used [0x00000000eab00000,0x00000000eab00000,0x00000000ec200000)
  from space 3584K, 88% used [0x00000000ec280000,0x00000000ec59a948,0x00000000ec600000)
  to   space 3072K, 0% used [0x00000000ec600000,0x00000000ec600000,0x00000000ec900000)
 ParOldGen       total 68608K, used 9761K [0x00000000c0000000, 0x00000000c4300000, 0x00000000eab00000)
  object space 68608K, 14% used [0x00000000c0000000,0x00000000c0988788,0x00000000c4300000)
 Metaspace       used 35146K, committed 35840K, reserved 1114112K
  class space    used 3529K, committed 3840K, reserved 1048576K
}
Event: 11.357 GC heap after
{Heap after GC invocations=11 (full 2):
 PSYoungGen      total 27136K, used 0K [0x00000000eab00000, 0x00000000ec900000, 0x0000000100000000)
  eden space 23552K, 0% used [0x00000000eab00000,0x00000000eab00000,0x00000000ec200000)
  from space 3584K, 0% used [0x00000000ec280000,0x00000000ec280000,0x00000000ec600000)
  to   space 3072K, 0% used [0x00000000ec600000,0x00000000ec600000,0x00000000ec900000)
 ParOldGen       total 68608K, used 12612K [0x00000000c0000000, 0x00000000c4300000, 0x00000000eab00000)
  object space 68608K, 18% used [0x00000000c0000000,0x00000000c0c512c0,0x00000000c4300000)
 Metaspace       used 35146K, committed 35840K, reserved 1114112K
  class space    used 3529K, committed 3840K, reserved 1048576K
}
Event: 12.059 GC heap before
{Heap before GC invocations=12 (full 2):
 PSYoungGen      total 27136K, used 23552K [0x00000000eab00000, 0x00000000ec900000, 0x0000000100000000)
  eden space 23552K, 100% used [0x00000000eab00000,0x00000000ec200000,0x00000000ec200000)
  from space 3584K, 0% used [0x00000000ec280000,0x00000000ec280000,0x00000000ec600000)
  to   space 3072K, 0% used [0x00000000ec600000,0x00000000ec600000,0x00000000ec900000)
 ParOldGen       total 68608K, used 12612K [0x00000000c0000000, 0x00000000c4300000, 0x00000000eab00000)
  object space 68608K, 18% used [0x00000000c0000000,0x00000000c0c512c0,0x00000000c4300000)
 Metaspace       used 38133K, committed 38976K, reserved 1114112K
  class space    used 3874K, committed 4288K, reserved 1048576K
}
Event: 12.063 GC heap after
{Heap after GC invocations=12 (full 2):
 PSYoungGen      total 25088K, used 1721K [0x00000000eab00000, 0x00000000ec800000, 0x0000000100000000)
  eden space 23040K, 0% used [0x00000000eab00000,0x00000000eab00000,0x00000000ec180000)
  from space 2048K, 84% used [0x00000000ec600000,0x00000000ec7ae490,0x00000000ec800000)
  to   space 2560K, 0% used [0x00000000ec300000,0x00000000ec300000,0x00000000ec580000)
 ParOldGen       total 68608K, used 12620K [0x00000000c0000000, 0x00000000c4300000, 0x00000000eab00000)
  object space 68608K, 18% used [0x00000000c0000000,0x00000000c0c532c0,0x00000000c4300000)
 Metaspace       used 38133K, committed 38976K, reserved 1114112K
  class space    used 3874K, committed 4288K, reserved 1048576K
}
Event: 12.246 GC heap before
{Heap before GC invocations=13 (full 2):
 PSYoungGen      total 25088K, used 24761K [0x00000000eab00000, 0x00000000ec800000, 0x0000000100000000)
  eden space 23040K, 100% used [0x00000000eab00000,0x00000000ec180000,0x00000000ec180000)
  from space 2048K, 84% used [0x00000000ec600000,0x00000000ec7ae490,0x00000000ec800000)
  to   space 2560K, 0% used [0x00000000ec300000,0x00000000ec300000,0x00000000ec580000)
 ParOldGen       total 68608K, used 12620K [0x00000000c0000000, 0x00000000c4300000, 0x00000000eab00000)
  object space 68608K, 18% used [0x00000000c0000000,0x00000000c0c532c0,0x00000000c4300000)
 Metaspace       used 38676K, committed 39616K, reserved 1114112K
  class space    used 3962K, committed 4416K, reserved 1048576K
}
Event: 12.251 GC heap after
{Heap after GC invocations=13 (full 2):
 PSYoungGen      total 25088K, used 2161K [0x00000000eab00000, 0x00000000ec680000, 0x0000000100000000)
  eden space 22528K, 0% used [0x00000000eab00000,0x00000000eab00000,0x00000000ec100000)
  from space 2560K, 84% used [0x00000000ec300000,0x00000000ec51c480,0x00000000ec580000)
  to   space 1024K, 0% used [0x00000000ec580000,0x00000000ec580000,0x00000000ec680000)
 ParOldGen       total 68608K, used 14215K [0x00000000c0000000, 0x00000000c4300000, 0x00000000eab00000)
  object space 68608K, 20% used [0x00000000c0000000,0x00000000c0de1ca8,0x00000000c4300000)
 Metaspace       used 38676K, committed 39616K, reserved 1114112K
  class space    used 3962K, committed 4416K, reserved 1048576K
}
Event: 12.381 GC heap before
{Heap before GC invocations=14 (full 2):
 PSYoungGen      total 25088K, used 24689K [0x00000000eab00000, 0x00000000ec680000, 0x0000000100000000)
  eden space 22528K, 100% used [0x00000000eab00000,0x00000000ec100000,0x00000000ec100000)
  from space 2560K, 84% used [0x00000000ec300000,0x00000000ec51c480,0x00000000ec580000)
  to   space 1024K, 0% used [0x00000000ec580000,0x00000000ec580000,0x00000000ec680000)
 ParOldGen       total 68608K, used 14215K [0x00000000c0000000, 0x00000000c4300000, 0x00000000eab00000)
  object space 68608K, 20% used [0x00000000c0000000,0x00000000c0de1ca8,0x00000000c4300000)
 Metaspace       used 38829K, committed 39808K, reserved 1114112K
  class space    used 3966K, committed 4416K, reserved 1048576K
}
Event: 12.386 GC heap after
{Heap after GC invocations=14 (full 2):
 PSYoungGen      total 23040K, used 994K [0x00000000eab00000, 0x00000000ec980000, 0x0000000100000000)
  eden space 22016K, 0% used [0x00000000eab00000,0x00000000eab00000,0x00000000ec080000)
  from space 1024K, 97% used [0x00000000ec580000,0x00000000ec678800,0x00000000ec680000)
  to   space 4608K, 0% used [0x00000000ec080000,0x00000000ec080000,0x00000000ec500000)
 ParOldGen       total 68608K, used 17325K [0x00000000c0000000, 0x00000000c4300000, 0x00000000eab00000)
  object space 68608K, 25% used [0x00000000c0000000,0x00000000c10eb5a8,0x00000000c4300000)
 Metaspace       used 38829K, committed 39808K, reserved 1114112K
  class space    used 3966K, committed 4416K, reserved 1048576K
}
Event: 12.519 GC heap before
{Heap before GC invocations=15 (full 2):
 PSYoungGen      total 23040K, used 23010K [0x00000000eab00000, 0x00000000ec980000, 0x0000000100000000)
  eden space 22016K, 100% used [0x00000000eab00000,0x00000000ec080000,0x00000000ec080000)
  from space 1024K, 97% used [0x00000000ec580000,0x00000000ec678800,0x00000000ec680000)
  to   space 4608K, 0% used [0x00000000ec080000,0x00000000ec080000,0x00000000ec500000)
 ParOldGen       total 68608K, used 17325K [0x00000000c0000000, 0x00000000c4300000, 0x00000000eab00000)
  object space 68608K, 25% used [0x00000000c0000000,0x00000000c10eb5a8,0x00000000c4300000)
 Metaspace       used 39076K, committed 40000K, reserved 1114112K
  class space    used 3990K, committed 4416K, reserved 1048576K
}
Event: 12.524 GC heap after
{Heap after GC invocations=15 (full 2):
 PSYoungGen      total 24576K, used 2231K [0x00000000eab00000, 0x00000000ec680000, 0x0000000100000000)
  eden space 22016K, 0% used [0x00000000eab00000,0x00000000eab00000,0x00000000ec080000)
  from space 2560K, 87% used [0x00000000ec080000,0x00000000ec2ade10,0x00000000ec300000)
  to   space 3072K, 0% used [0x00000000ec380000,0x00000000ec380000,0x00000000ec680000)
 ParOldGen       total 68608K, used 18351K [0x00000000c0000000, 0x00000000c4300000, 0x00000000eab00000)
  object space 68608K, 26% used [0x00000000c0000000,0x00000000c11ebda8,0x00000000c4300000)
 Metaspace       used 39076K, committed 40000K, reserved 1114112K
  class space    used 3990K, committed 4416K, reserved 1048576K
}
Event: 12.646 GC heap before
{Heap before GC invocations=16 (full 2):
 PSYoungGen      total 24576K, used 24247K [0x00000000eab00000, 0x00000000ec680000, 0x0000000100000000)
  eden space 22016K, 100% used [0x00000000eab00000,0x00000000ec080000,0x00000000ec080000)
  from space 2560K, 87% used [0x00000000ec080000,0x00000000ec2ade10,0x00000000ec300000)
  to   space 3072K, 0% used [0x00000000ec380000,0x00000000ec380000,0x00000000ec680000)
 ParOldGen       total 68608K, used 18351K [0x00000000c0000000, 0x00000000c4300000, 0x00000000eab00000)
  object space 68608K, 26% used [0x00000000c0000000,0x00000000c11ebda8,0x00000000c4300000)
 Metaspace       used 39240K, committed 40128K, reserved 1114112K
  class space    used 4017K, committed 4416K, reserved 1048576K
}
Event: 12.650 GC heap after
{Heap after GC invocations=16 (full 2):
 PSYoungGen      total 24064K, used 1760K [0x00000000eab00000, 0x00000000ec580000, 0x0000000100000000)
  eden space 22016K, 0% used [0x00000000eab00000,0x00000000eab00000,0x00000000ec080000)
  from space 2048K, 85% used [0x00000000ec380000,0x00000000ec538000,0x00000000ec580000)
  to   space 2048K, 0% used [0x00000000ec180000,0x00000000ec180000,0x00000000ec380000)
 ParOldGen       total 68608K, used 20248K [0x00000000c0000000, 0x00000000c4300000, 0x00000000eab00000)
  object space 68608K, 29% used [0x00000000c0000000,0x00000000c13c6220,0x00000000c4300000)
 Metaspace       used 39240K, committed 40128K, reserved 1114112K
  class space    used 4017K, committed 4416K, reserved 1048576K
}

Dll operation events (10 events):
Event: 0.047 Loaded shared library c:\Users\areda\.vscode\extensions\redhat.java-1.35.1-win32-x64\jre\17.0.12-win32-x86_64\bin\java.dll
Event: 0.221 Loaded shared library c:\Users\areda\.vscode\extensions\redhat.java-1.35.1-win32-x64\jre\17.0.12-win32-x86_64\bin\zip.dll
Event: 0.227 Loaded shared library C:\Users\areda\.vscode\extensions\redhat.java-1.35.1-win32-x64\jre\17.0.12-win32-x86_64\bin\instrument.dll
Event: 0.261 Loaded shared library C:\Users\areda\.vscode\extensions\redhat.java-1.35.1-win32-x64\jre\17.0.12-win32-x86_64\bin\net.dll
Event: 0.285 Loaded shared library C:\Users\areda\.vscode\extensions\redhat.java-1.35.1-win32-x64\jre\17.0.12-win32-x86_64\bin\nio.dll
Event: 0.296 Loaded shared library C:\Users\areda\.vscode\extensions\redhat.java-1.35.1-win32-x64\jre\17.0.12-win32-x86_64\bin\zip.dll
Event: 0.318 Loaded shared library C:\Users\areda\.vscode\extensions\redhat.java-1.35.1-win32-x64\jre\17.0.12-win32-x86_64\bin\jimage.dll
Event: 0.462 Loaded shared library c:\Users\areda\.vscode\extensions\redhat.java-1.35.1-win32-x64\jre\17.0.12-win32-x86_64\bin\verify.dll
Event: 2.946 Loaded shared library C:\Users\areda\AppData\Roaming\Code\User\globalStorage\redhat.java\1.35.1\config_ss_win\org.eclipse.equinox.launcher\org.eclipse.equinox.launcher.win32.win32.x86_64_1.2.1100.v20240722-2106\eclipse_11904.dll
Event: 7.121 Loaded shared library C:\Users\areda\AppData\Local\Temp\jna-63525297\jna4958163504480041919.dll

Deoptimization events (20 events):
Event: 12.087 Thread 0x0000029d070ab160 Uncommon trap: trap_request=0xffffff45 fr.pc=0x0000029d76be58e8 relative=0x00000000000000e8
Event: 12.087 Thread 0x0000029d081b4df0 Uncommon trap: trap_request=0xffffff45 fr.pc=0x0000029d76be58e8 relative=0x00000000000000e8
Event: 12.087 Thread 0x0000029d081b4df0 Uncommon trap: reason=unstable_if action=reinterpret pc=0x0000029d76be58e8 method=jdk.internal.org.objectweb.asm.ByteVector.putShort(I)Ljdk/internal/org/objectweb/asm/ByteVector; @ 13 c2
Event: 12.087 Thread 0x0000029d081b6c50 Uncommon trap: trap_request=0xffffff45 fr.pc=0x0000029d76be58e8 relative=0x00000000000000e8
Event: 12.087 Thread 0x0000029d070ab160 Uncommon trap: reason=unstable_if action=reinterpret pc=0x0000029d76be58e8 method=jdk.internal.org.objectweb.asm.ByteVector.putShort(I)Ljdk/internal/org/objectweb/asm/ByteVector; @ 13 c2
Event: 12.087 Thread 0x0000029d081b6c50 Uncommon trap: reason=unstable_if action=reinterpret pc=0x0000029d76be58e8 method=jdk.internal.org.objectweb.asm.ByteVector.putShort(I)Ljdk/internal/org/objectweb/asm/ByteVector; @ 13 c2
Event: 12.087 Thread 0x0000029d081b4df0 DEOPT PACKING pc=0x0000029d76be58e8 sp=0x000000c9352fc350
Event: 12.087 Thread 0x0000029d081b4df0 DEOPT UNPACKING pc=0x0000029d765c9ea3 sp=0x000000c9352fc2e8 mode 2
Event: 12.087 Thread 0x0000029d070ab160 DEOPT PACKING pc=0x0000029d76be58e8 sp=0x000000c9343fbbc0
Event: 12.087 Thread 0x0000029d070ab160 DEOPT UNPACKING pc=0x0000029d765c9ea3 sp=0x000000c9343fbb58 mode 2
Event: 12.087 Thread 0x0000029d081b6c50 DEOPT PACKING pc=0x0000029d76be58e8 sp=0x000000c9353fc090
Event: 12.087 Thread 0x0000029d081b6c50 DEOPT UNPACKING pc=0x0000029d765c9ea3 sp=0x000000c9353fc028 mode 2
Event: 12.118 Thread 0x0000029d081b6c50 Uncommon trap: trap_request=0xffffff45 fr.pc=0x0000029d76c9102c relative=0x000000000000052c
Event: 12.118 Thread 0x0000029d081b6c50 Uncommon trap: reason=unstable_if action=reinterpret pc=0x0000029d76c9102c method=java.util.concurrent.locks.ReentrantReadWriteLock$Sync.tryAcquireShared(I)I @ 55 c2
Event: 12.118 Thread 0x0000029d081b6c50 DEOPT PACKING pc=0x0000029d76c9102c sp=0x000000c9353fcc80
Event: 12.118 Thread 0x0000029d081b6c50 DEOPT UNPACKING pc=0x0000029d765c9ea3 sp=0x000000c9353fca70 mode 2
Event: 12.271 Thread 0x0000029d081b48e0 Uncommon trap: trap_request=0xffffff45 fr.pc=0x0000029d76cbf208 relative=0x0000000000000888
Event: 12.271 Thread 0x0000029d081b48e0 Uncommon trap: reason=unstable_if action=reinterpret pc=0x0000029d76cbf208 method=java.util.ArrayList.equalsRange(Ljava/util/List;II)Z @ 76 c2
Event: 12.271 Thread 0x0000029d081b48e0 DEOPT PACKING pc=0x0000029d76cbf208 sp=0x000000c9351fce70
Event: 12.272 Thread 0x0000029d081b48e0 DEOPT UNPACKING pc=0x0000029d765c9ea3 sp=0x000000c9351fce10 mode 2

Classes loaded (20 events):
Event: 12.083 Loading class java/util/AbstractList$SubList$1
Event: 12.083 Loading class java/util/AbstractList$SubList$1 done
Event: 12.085 Loading class java/lang/invoke/MethodHandleImpl$CountingWrapper
Event: 12.085 Loading class java/lang/invoke/MethodHandleImpl$CountingWrapper done
Event: 12.118 Loading class java/util/concurrent/locks/ReentrantReadWriteLock$Sync$HoldCounter
Event: 12.119 Loading class java/util/concurrent/locks/ReentrantReadWriteLock$Sync$HoldCounter done
Event: 12.128 Loading class java/nio/channels/Channels$ReadableByteChannelImpl
Event: 12.128 Loading class java/nio/channels/Channels$ReadableByteChannelImpl done
Event: 12.130 Loading class java/nio/channels/NonWritableChannelException
Event: 12.130 Loading class java/nio/channels/NonWritableChannelException done
Event: 12.280 Loading class java/lang/invoke/MethodHandleImpl$CountingWrapper$1
Event: 12.280 Loading class java/lang/invoke/MethodHandleImpl$CountingWrapper$1 done
Event: 12.515 Loading class sun/nio/cs/ThreadLocalCoders
Event: 12.515 Loading class sun/nio/cs/ThreadLocalCoders done
Event: 12.515 Loading class sun/nio/cs/ThreadLocalCoders$1
Event: 12.516 Loading class sun/nio/cs/ThreadLocalCoders$Cache
Event: 12.516 Loading class sun/nio/cs/ThreadLocalCoders$Cache done
Event: 12.516 Loading class sun/nio/cs/ThreadLocalCoders$1 done
Event: 12.516 Loading class sun/nio/cs/ThreadLocalCoders$2
Event: 12.516 Loading class sun/nio/cs/ThreadLocalCoders$2 done

Classes unloaded (7 events):
Event: 6.202 Thread 0x0000029d6c45e940 Unloading class 0x000000010021b400 'java/lang/invoke/LambdaForm$MH+0x000000010021b400'
Event: 6.202 Thread 0x0000029d6c45e940 Unloading class 0x000000010021b000 'java/lang/invoke/LambdaForm$MH+0x000000010021b000'
Event: 6.202 Thread 0x0000029d6c45e940 Unloading class 0x000000010021ac00 'java/lang/invoke/LambdaForm$MH+0x000000010021ac00'
Event: 6.202 Thread 0x0000029d6c45e940 Unloading class 0x000000010021a800 'java/lang/invoke/LambdaForm$MH+0x000000010021a800'
Event: 6.202 Thread 0x0000029d6c45e940 Unloading class 0x000000010021a400 'java/lang/invoke/LambdaForm$BMH+0x000000010021a400'
Event: 6.202 Thread 0x0000029d6c45e940 Unloading class 0x000000010021a000 'java/lang/invoke/LambdaForm$DMH+0x000000010021a000'
Event: 6.202 Thread 0x0000029d6c45e940 Unloading class 0x0000000100214400 'java/lang/invoke/LambdaForm$DMH+0x0000000100214400'

Classes redefined (0 events):
No events

Internal exceptions (20 events):
Event: 12.042 Thread 0x0000029d070ab160 Exception <a 'java/lang/NoSuchMethodError'{0x00000000ec16b2f8}: 'int java.lang.invoke.DirectMethodHandle$Holder.invokeVirtual(java.lang.Object, java.lang.Object)'> (0x00000000ec16b2f8) 
thrown [s\src\hotspot\share\interpreter\linkResolver.cpp, line 759]
Event: 12.043 Thread 0x0000029d070ab160 Exception <a 'java/lang/NoSuchMethodError'{0x00000000ec16faa8}: 'int java.lang.invoke.DirectMethodHandle$Holder.invokeStaticInit(java.lang.Object, int, int)'> (0x00000000ec16faa8) 
thrown [s\src\hotspot\share\interpreter\linkResolver.cpp, line 759]
Event: 12.044 Thread 0x0000029d070ab160 Exception <a 'java/lang/NoSuchMethodError'{0x00000000ec177780}: 'int java.lang.invoke.DirectMethodHandle$Holder.invokeStaticInit(java.lang.Object, long, long)'> (0x00000000ec177780) 
thrown [s\src\hotspot\share\interpreter\linkResolver.cpp, line 759]
Event: 12.045 Thread 0x0000029d070ab160 Exception <a 'java/lang/NoSuchMethodError'{0x00000000ec17ed10}: 'int java.lang.invoke.DirectMethodHandle$Holder.invokeStaticInit(java.lang.Object, float, float)'> (0x00000000ec17ed10) 
thrown [s\src\hotspot\share\interpreter\linkResolver.cpp, line 759]
Event: 12.047 Thread 0x0000029d070ab160 Exception <a 'java/lang/NoSuchMethodError'{0x00000000ec1862c8}: 'int java.lang.invoke.DirectMethodHandle$Holder.invokeStaticInit(java.lang.Object, double, double)'> (0x00000000ec1862c8) 
thrown [s\src\hotspot\share\interpreter\linkResolver.cpp, line 759]
Event: 12.047 Thread 0x0000029d070ab160 Exception <a 'java/lang/NoSuchMethodError'{0x00000000ec18add0}: 'int java.lang.invoke.DirectMethodHandle$Holder.invokeStatic(java.lang.Object, long)'> (0x00000000ec18add0) 
thrown [s\src\hotspot\share\interpreter\linkResolver.cpp, line 759]
Event: 12.054 Thread 0x0000029d070ab160 Exception <a 'java/lang/NoSuchMethodError'{0x00000000ec1ea9a8}: 'int java.lang.invoke.Invokers$Holder.linkToTargetMethod(java.lang.Object, java.lang.Object)'> (0x00000000ec1ea9a8) 
thrown [s\src\hotspot\share\interpreter\linkResolver.cpp, line 759]
Event: 12.054 Thread 0x0000029d081b48e0 Exception <a 'java/lang/NoSuchMethodError'{0x00000000ec1dc120}: 'int java.lang.invoke.Invokers$Holder.linkToTargetMethod(java.lang.Object, java.lang.Object)'> (0x00000000ec1dc120) 
thrown [s\src\hotspot\share\interpreter\linkResolver.cpp, line 759]
Event: 12.081 Thread 0x0000029d070ab160 Exception <a 'java/lang/NoSuchMethodError'{0x00000000eaca0190}: 'int java.lang.invoke.DirectMethodHandle$Holder.invokeSpecial(java.lang.Object, java.lang.Object, java.lang.Object, java.lang.Object)'> (0x00000000eaca0190) 
thrown [s\src\hotspot\share\interpreter\linkResolver.cpp, line 759]
Event: 12.081 Thread 0x0000029d081b6c50 Exception <a 'java/lang/NoSuchMethodError'{0x00000000eac81dc0}: 'int java.lang.invoke.DirectMethodHandle$Holder.invokeSpecial(java.lang.Object, java.lang.Object, java.lang.Object, java.lang.Object)'> (0x00000000eac81dc0) 
thrown [s\src\hotspot\share\interpreter\linkResolver.cpp, line 759]
Event: 12.081 Thread 0x0000029d081b4df0 Exception <a 'java/lang/NoSuchMethodError'{0x00000000eac75108}: 'int java.lang.invoke.DirectMethodHandle$Holder.invokeSpecial(java.lang.Object, java.lang.Object, java.lang.Object, java.lang.Object)'> (0x00000000eac75108) 
thrown [s\src\hotspot\share\interpreter\linkResolver.cpp, line 759]
Event: 12.084 Thread 0x0000029d081b4df0 Exception <a 'java/lang/NoSuchMethodError'{0x00000000eacd11e0}: 'java.lang.Object java.lang.invoke.DirectMethodHandle$Holder.invokeStatic(java.lang.Object, int, java.lang.Object, java.lang.Object)'> (0x00000000eacd11e0) 
thrown [s\src\hotspot\share\interpreter\linkResolver.cpp, line 759]
Event: 12.084 Thread 0x0000029d081b6c50 Exception <a 'java/lang/NoSuchMethodError'{0x00000000eac8fe80}: 'java.lang.Object java.lang.invoke.DirectMethodHandle$Holder.invokeStatic(java.lang.Object, int, java.lang.Object, java.lang.Object)'> (0x00000000eac8fe80) 
thrown [s\src\hotspot\share\interpreter\linkResolver.cpp, line 759]
Event: 12.084 Thread 0x0000029d070ab160 Exception <a 'java/lang/NoSuchMethodError'{0x00000000eacae458}: 'java.lang.Object java.lang.invoke.DirectMethodHandle$Holder.invokeStatic(java.lang.Object, int, java.lang.Object, java.lang.Object)'> (0x00000000eacae458) 
thrown [s\src\hotspot\share\interpreter\linkResolver.cpp, line 759]
Event: 12.085 Thread 0x0000029d070ab160 Exception <a 'java/lang/NoSuchMethodError'{0x00000000eacb1f50}: 'java.lang.Object java.lang.invoke.DelegatingMethodHandle$Holder.delegate(java.lang.Object, int, java.lang.Object, java.lang.Object)'> (0x00000000eacb1f50) 
thrown [s\src\hotspot\share\interpreter\linkResolver.cpp, line 759]
Event: 12.085 Thread 0x0000029d081b6c50 Exception <a 'java/lang/NoSuchMethodError'{0x00000000eac93988}: 'java.lang.Object java.lang.invoke.DelegatingMethodHandle$Holder.delegate(java.lang.Object, int, java.lang.Object, java.lang.Object)'> (0x00000000eac93988) 
thrown [s\src\hotspot\share\interpreter\linkResolver.cpp, line 759]
Event: 12.085 Thread 0x0000029d081b4df0 Exception <a 'java/lang/NoSuchMethodError'{0x00000000eaced570}: 'java.lang.Object java.lang.invoke.DelegatingMethodHandle$Holder.delegate(java.lang.Object, int, java.lang.Object, java.lang.Object)'> (0x00000000eaced570) 
thrown [s\src\hotspot\share\interpreter\linkResolver.cpp, line 759]
Event: 12.088 Thread 0x0000029d070ab160 Exception <a 'java/lang/NoSuchMethodError'{0x00000000ead32a88}: 'int java.lang.invoke.Invokers$Holder.linkToTargetMethod(java.lang.Object, java.lang.Object, java.lang.Object)'> (0x00000000ead32a88) 
thrown [s\src\hotspot\share\interpreter\linkResolver.cpp, line 759]
Event: 12.088 Thread 0x0000029d081b4df0 Exception <a 'java/lang/NoSuchMethodError'{0x00000000ead291f8}: 'int java.lang.invoke.Invokers$Holder.linkToTargetMethod(java.lang.Object, java.lang.Object, java.lang.Object)'> (0x00000000ead291f8) 
thrown [s\src\hotspot\share\interpreter\linkResolver.cpp, line 759]
Event: 12.088 Thread 0x0000029d081b6c50 Exception <a 'java/lang/NoSuchMethodError'{0x00000000ead145a8}: 'int java.lang.invoke.Invokers$Holder.linkToTargetMethod(java.lang.Object, java.lang.Object, java.lang.Object)'> (0x00000000ead145a8) 
thrown [s\src\hotspot\share\interpreter\linkResolver.cpp, line 759]

VM Operations (20 events):
Event: 11.918 Executing VM operation: HandshakeAllThreads
Event: 11.918 Executing VM operation: HandshakeAllThreads done
Event: 11.919 Executing VM operation: HandshakeAllThreads
Event: 11.919 Executing VM operation: HandshakeAllThreads done
Event: 12.015 Executing VM operation: HandshakeAllThreads
Event: 12.015 Executing VM operation: HandshakeAllThreads done
Event: 12.057 Executing VM operation: HandshakeAllThreads
Event: 12.058 Executing VM operation: HandshakeAllThreads done
Event: 12.059 Executing VM operation: ParallelGCFailedAllocation
Event: 12.063 Executing VM operation: ParallelGCFailedAllocation done
Event: 12.129 Executing VM operation: HandshakeAllThreads
Event: 12.129 Executing VM operation: HandshakeAllThreads done
Event: 12.246 Executing VM operation: ParallelGCFailedAllocation
Event: 12.251 Executing VM operation: ParallelGCFailedAllocation done
Event: 12.381 Executing VM operation: ParallelGCFailedAllocation
Event: 12.386 Executing VM operation: ParallelGCFailedAllocation done
Event: 12.519 Executing VM operation: ParallelGCFailedAllocation
Event: 12.524 Executing VM operation: ParallelGCFailedAllocation done
Event: 12.646 Executing VM operation: ParallelGCFailedAllocation
Event: 12.650 Executing VM operation: ParallelGCFailedAllocation done

Events (20 events):
Event: 10.693 Thread 0x0000029d070ac5a0 Thread added: 0x0000029d070ac5a0
Event: 10.694 Thread 0x0000029d070acab0 Thread added: 0x0000029d070acab0
Event: 10.694 Thread 0x0000029d070abb80 Thread added: 0x0000029d070abb80
Event: 10.694 Thread 0x0000029d070ad4d0 Thread added: 0x0000029d070ad4d0
Event: 10.694 Thread 0x0000029d070ac090 Thread added: 0x0000029d070ac090
Event: 10.694 Thread 0x0000029d070ad9e0 Thread added: 0x0000029d070ad9e0
Event: 10.695 Thread 0x0000029d070adef0 Thread added: 0x0000029d070adef0
Event: 10.695 Thread 0x0000029d081b2060 Thread added: 0x0000029d081b2060
Event: 10.695 Thread 0x0000029d06b67030 Thread exited: 0x0000029d06b67030
Event: 10.714 Thread 0x0000029d081b43d0 Thread added: 0x0000029d081b43d0
Event: 11.042 Thread 0x0000029d0895af80 Thread added: 0x0000029d0895af80
Event: 11.185 Thread 0x0000029d081b94d0 Thread added: 0x0000029d081b94d0
Event: 11.185 Thread 0x0000029d081b48e0 Thread added: 0x0000029d081b48e0
Event: 11.498 Thread 0x0000029d081b4df0 Thread added: 0x0000029d081b4df0
Event: 11.500 Thread 0x0000029d081b6c50 Thread added: 0x0000029d081b6c50
Event: 11.822 Thread 0x0000029d0895af80 Thread exited: 0x0000029d0895af80
Event: 11.964 Thread 0x0000029d079f8ee0 Thread added: 0x0000029d079f8ee0
Event: 12.253 Thread 0x0000029d06abef80 Thread added: 0x0000029d06abef80
Event: 12.498 Thread 0x0000029d06bface0 Thread exited: 0x0000029d06bface0
Event: 12.683 Thread 0x0000029d081b99e0 Thread added: 0x0000029d081b99e0


Dynamic libraries:
0x00007ff66a5f0000 - 0x00007ff66a5fe000 	c:\Users\areda\.vscode\extensions\redhat.java-1.35.1-win32-x64\jre\17.0.12-win32-x86_64\bin\java.exe
0x00007ff87b570000 - 0x00007ff87b765000 	C:\windows\SYSTEM32\ntdll.dll
0x00007ff879bf0000 - 0x00007ff879cad000 	C:\windows\System32\KERNEL32.DLL
0x00007ff878c80000 - 0x00007ff878f47000 	C:\windows\System32\KERNELBASE.dll
0x00007ff875720000 - 0x00007ff8757b0000 	C:\windows\SYSTEM32\apphelp.dll
0x00007ff878ae0000 - 0x00007ff878be0000 	C:\windows\System32\ucrtbase.dll
0x00007ff872170000 - 0x00007ff872187000 	c:\Users\areda\.vscode\extensions\redhat.java-1.35.1-win32-x64\jre\17.0.12-win32-x86_64\bin\jli.dll
0x00007ff85e470000 - 0x00007ff85e48b000 	c:\Users\areda\.vscode\extensions\redhat.java-1.35.1-win32-x64\jre\17.0.12-win32-x86_64\bin\VCRUNTIME140.dll
0x00007ff87aca0000 - 0x00007ff87ae40000 	C:\windows\System32\USER32.dll
0x00007ff8792f0000 - 0x00007ff879312000 	C:\windows\System32\win32u.dll
0x00007ff87b3d0000 - 0x00007ff87b3fa000 	C:\windows\System32\GDI32.dll
0x00007ff85f740000 - 0x00007ff85f9db000 	C:\windows\WinSxS\amd64_microsoft.windows.common-controls_6595b64144ccf1df_6.0.19041.488_none_ca04af081b815d21\COMCTL32.dll
0x00007ff879080000 - 0x00007ff879189000 	C:\windows\System32\gdi32full.dll
0x00007ff87aba0000 - 0x00007ff87ac3e000 	C:\windows\System32\msvcrt.dll
0x00007ff878be0000 - 0x00007ff878c7d000 	C:\windows\System32\msvcp_win.dll
0x00007ff87a970000 - 0x00007ff87a9a0000 	C:\windows\System32\IMM32.DLL
0x00007ff874d20000 - 0x00007ff874d2c000 	c:\Users\areda\.vscode\extensions\redhat.java-1.35.1-win32-x64\jre\17.0.12-win32-x86_64\bin\vcruntime140_1.dll
0x00007ff846e60000 - 0x00007ff846eed000 	c:\Users\areda\.vscode\extensions\redhat.java-1.35.1-win32-x64\jre\17.0.12-win32-x86_64\bin\msvcp140.dll
0x00007ff817eb0000 - 0x00007ff818b1a000 	c:\Users\areda\.vscode\extensions\redhat.java-1.35.1-win32-x64\jre\17.0.12-win32-x86_64\bin\server\jvm.dll
0x00007ff8795a0000 - 0x00007ff87964a000 	C:\windows\System32\ADVAPI32.dll
0x00007ff879aa0000 - 0x00007ff879b3b000 	C:\windows\System32\sechost.dll
0x00007ff879650000 - 0x00007ff879773000 	C:\windows\System32\RPCRT4.dll
0x00007ff87ab30000 - 0x00007ff87ab9b000 	C:\windows\System32\WS2_32.dll
0x00007ff85dd40000 - 0x00007ff85dd67000 	C:\windows\SYSTEM32\WINMM.dll
0x00007ff878450000 - 0x00007ff87849b000 	C:\windows\SYSTEM32\POWRPROF.dll
0x00007ff870560000 - 0x00007ff87056a000 	C:\windows\SYSTEM32\VERSION.dll
0x00007ff878430000 - 0x00007ff878442000 	C:\windows\SYSTEM32\UMPDC.dll
0x00007ff877670000 - 0x00007ff877683000 	C:\windows\SYSTEM32\kernel.appcore.dll
0x00007ff874d00000 - 0x00007ff874d0a000 	c:\Users\areda\.vscode\extensions\redhat.java-1.35.1-win32-x64\jre\17.0.12-win32-x86_64\bin\jimage.dll
0x00007ff8770a0000 - 0x00007ff877284000 	C:\windows\SYSTEM32\DBGHELP.DLL
0x00007ff85baa0000 - 0x00007ff85bacc000 	C:\windows\SYSTEM32\dbgcore.DLL
0x00007ff879000000 - 0x00007ff87907f000 	C:\windows\System32\bcryptPrimitives.dll
0x00007ff872250000 - 0x00007ff87225e000 	c:\Users\areda\.vscode\extensions\redhat.java-1.35.1-win32-x64\jre\17.0.12-win32-x86_64\bin\instrument.dll
0x00007ff85e180000 - 0x00007ff85e1a5000 	c:\Users\areda\.vscode\extensions\redhat.java-1.35.1-win32-x64\jre\17.0.12-win32-x86_64\bin\java.dll
0x00007ff85e160000 - 0x00007ff85e178000 	c:\Users\areda\.vscode\extensions\redhat.java-1.35.1-win32-x64\jre\17.0.12-win32-x86_64\bin\zip.dll
0x00007ff87a160000 - 0x00007ff87a8a1000 	C:\windows\System32\SHELL32.dll
0x00007ff8767e0000 - 0x00007ff876f72000 	C:\windows\SYSTEM32\windows.storage.dll
0x00007ff879d80000 - 0x00007ff87a0d4000 	C:\windows\System32\combase.dll
0x00007ff8783b0000 - 0x00007ff8783dc000 	C:\windows\SYSTEM32\Wldp.dll
0x00007ff879b40000 - 0x00007ff879bee000 	C:\windows\System32\SHCORE.dll
0x00007ff87b4a0000 - 0x00007ff87b4f5000 	C:\windows\System32\shlwapi.dll
0x00007ff8789b0000 - 0x00007ff8789d6000 	C:\windows\SYSTEM32\profapi.dll
0x00007ff85e0d0000 - 0x00007ff85e0e9000 	C:\Users\areda\.vscode\extensions\redhat.java-1.35.1-win32-x64\jre\17.0.12-win32-x86_64\bin\net.dll
0x00007ff86a8d0000 - 0x00007ff86a9d0000 	C:\windows\SYSTEM32\WINHTTP.dll
0x00007ff878140000 - 0x00007ff8781aa000 	C:\windows\system32\mswsock.dll
0x00007ff85dd90000 - 0x00007ff85dda6000 	C:\Users\areda\.vscode\extensions\redhat.java-1.35.1-win32-x64\jre\17.0.12-win32-x86_64\bin\nio.dll
0x00007ff872100000 - 0x00007ff872110000 	c:\Users\areda\.vscode\extensions\redhat.java-1.35.1-win32-x64\jre\17.0.12-win32-x86_64\bin\verify.dll
0x00007ff849db0000 - 0x00007ff849df5000 	C:\Users\areda\AppData\Roaming\Code\User\globalStorage\redhat.java\1.35.1\config_ss_win\org.eclipse.equinox.launcher\org.eclipse.equinox.launcher.win32.win32.x86_64_1.2.1100.v20240722-2106\eclipse_11904.dll
0x00007ff87a9a0000 - 0x00007ff87aac9000 	C:\windows\System32\ole32.dll
0x00007ff8783f0000 - 0x00007ff878408000 	C:\windows\SYSTEM32\CRYPTSP.dll
0x00007ff877af0000 - 0x00007ff877b24000 	C:\windows\system32\rsaenh.dll
0x00007ff879570000 - 0x00007ff879597000 	C:\windows\System32\bcrypt.dll
0x00007ff878930000 - 0x00007ff87895e000 	C:\windows\SYSTEM32\USERENV.dll
0x00007ff8782c0000 - 0x00007ff8782cc000 	C:\windows\SYSTEM32\CRYPTBASE.dll
0x00007ff877e50000 - 0x00007ff877e8b000 	C:\windows\SYSTEM32\IPHLPAPI.DLL
0x00007ff87a960000 - 0x00007ff87a969000 	C:\windows\System32\NSI.dll
0x00007ff871c40000 - 0x00007ff871c57000 	C:\windows\SYSTEM32\dhcpcsvc6.DLL
0x00007ff871b70000 - 0x00007ff871b8d000 	C:\windows\SYSTEM32\dhcpcsvc.DLL
0x00007ff877e90000 - 0x00007ff877f5b000 	C:\windows\SYSTEM32\DNSAPI.dll
0x00007ff843ff0000 - 0x00007ff844039000 	C:\Users\areda\AppData\Local\Temp\jna-63525297\jna4958163504480041919.dll
0x00007ff87a150000 - 0x00007ff87a158000 	C:\windows\System32\PSAPI.DLL

dbghelp: loaded successfully - version: 4.0.5 - missing functions: none
symbol engine: initialized successfully - sym options: 0x614 - pdb path: .;c:\Users\areda\.vscode\extensions\redhat.java-1.35.1-win32-x64\jre\17.0.12-win32-x86_64\bin;C:\windows\SYSTEM32;C:\windows\WinSxS\amd64_microsoft.windows.common-controls_6595b64144ccf1df_6.0.19041.488_none_ca04af081b815d21;c:\Users\areda\.vscode\extensions\redhat.java-1.35.1-win32-x64\jre\17.0.12-win32-x86_64\bin\server;C:\Users\areda\AppData\Roaming\Code\User\globalStorage\redhat.java\1.35.1\config_ss_win\org.eclipse.equinox.launcher\org.eclipse.equinox.launcher.win32.win32.x86_64_1.2.1100.v20240722-2106;C:\Users\areda\AppData\Local\Temp\jna-63525297

VM Arguments:
jvm_args: --add-modules=ALL-SYSTEM --add-opens=java.base/java.util=ALL-UNNAMED --add-opens=java.base/java.lang=ALL-UNNAMED --add-opens=java.base/sun.nio.fs=ALL-UNNAMED -Declipse.application=org.eclipse.jdt.ls.core.id1 -Dosgi.bundles.defaultStartLevel=4 -Declipse.product=org.eclipse.jdt.ls.core.product -Djava.import.generatesMetadataFilesAtProjectRoot=false -DDetectVMInstallationsJob.disabled=true -Dfile.encoding=utf8 -XX:+UseParallelGC -XX:GCTimeRatio=4 -XX:AdaptiveSizePolicyWeight=90 -Dsun.zip.disableMemoryMapping=true -Xmx1G -Xms100m -Xlog:disable -javaagent:c:\Users\areda\.vscode\extensions\redhat.java-1.35.1-win32-x64\lombok\lombok-1.18.33.jar 
java_command: c:\Users\areda\.vscode\extensions\redhat.java-1.35.1-win32-x64\server\plugins\org.eclipse.equinox.launcher_1.6.900.v20240613-2009.jar -configuration c:\Users\areda\AppData\Roaming\Code\User\globalStorage\redhat.java\1.35.1\config_ss_win -data c:\Users\areda\AppData\Roaming\Code\User\workspaceStorage\94f0b2c071ba42e58c71592650ef5944\redhat.java\ss_ws --pipe=\\.\pipe\lsp-72c0c467ad74e66231e31e95ab9b0908-sock
java_class_path (initial): c:\Users\areda\.vscode\extensions\redhat.java-1.35.1-win32-x64\server\plugins\org.eclipse.equinox.launcher_1.6.900.v20240613-2009.jar
Launcher Type: SUN_STANDARD

[Global flags]
    uintx AdaptiveSizePolicyWeight                 = 90                                        {product} {command line}
     intx CICompilerCount                          = 4                                         {product} {ergonomic}
    uintx GCTimeRatio                              = 4                                         {product} {command line}
   size_t InitialHeapSize                          = 104857600                                 {product} {command line}
   size_t MaxHeapSize                              = 1073741824                                {product} {command line}
   size_t MaxNewSize                               = 357564416                                 {product} {ergonomic}
   size_t MinHeapDeltaBytes                        = 524288                                    {product} {ergonomic}
   size_t MinHeapSize                              = 104857600                                 {product} {command line}
   size_t NewSize                                  = 34603008                                  {product} {ergonomic}
    uintx NonNMethodCodeHeapSize                   = 5839372                                {pd product} {ergonomic}
    uintx NonProfiledCodeHeapSize                  = 122909434                              {pd product} {ergonomic}
   size_t OldSize                                  = 70254592                                  {product} {ergonomic}
    uintx ProfiledCodeHeapSize                     = 122909434                              {pd product} {ergonomic}
    uintx ReservedCodeCacheSize                    = 251658240                              {pd product} {ergonomic}
     bool SegmentedCodeCache                       = true                                      {product} {ergonomic}
   size_t SoftMaxHeapSize                          = 1073741824                             {manageable} {ergonomic}
     bool UseCompressedClassPointers               = true                           {product lp64_product} {ergonomic}
     bool UseCompressedOops                        = true                           {product lp64_product} {ergonomic}
     bool UseLargePagesIndividualAllocation        = false                                  {pd product} {ergonomic}
     bool UseParallelGC                            = true                                      {product} {command line}

Logging:
Log output configuration:
 #0: stdout all=off uptime,level,tags
 #1: stderr all=off uptime,level,tags

Environment Variables:
JAVA_HOME=C:\Program Files\BellSoft\LibericaJDK-21\
PATH=C:\Program Files\BellSoft\LibericaJDK-21\bin\;C:\Program Files (x86)\Common Files\Oracle\Java\java8path;C:\Program Files (x86)\Common Files\Oracle\Java\javapath;C:\Program Files (x86)\VMware\VMware Workstation\bin\;C:\oraclexe\app\oracle\product\11.2.0\server\bin;C:\windows\system32;C:\windows;C:\windows\System32\Wbem;C:\windows\System32\WindowsPowerShell\v1.0\;C:\windows\System32\OpenSSH\;C:\Program Files (x86)\NVIDIA Corporation\PhysX\Common;C:\Program Files\NVIDIA Corporation\NVIDIA NvDLISR;C:\Program Files\Java\jdk1.8.0_202\bin;C:\Users\areda\Downloads\apache-maven-3.9.8\bin;C:\Program Files\BellSoft\LibericaJDK-21\\bin;C:\Program Files\nodejs\;C:\Program Files\Git\cmd;C:\Program Files\GitHub CLI\;C:\Ruby33-x64\bin;C:\Users\areda\AppData\Local\Microsoft\WindowsApps;C:\Users\areda\AppData\Local\Programs\Microsoft VS Code\bin;C:\Users\areda\AppData\Roaming\npm;C:\Program Files\PostgreSQL\17\bin;
USERNAME=Areda
OS=Windows_NT
PROCESSOR_IDENTIFIER=Intel64 Family 6 Model 126 Stepping 5, GenuineIntel
TMP=C:\Users\areda\AppData\Local\Temp
TEMP=C:\Users\areda\AppData\Local\Temp



Periodic native trim disabled


---------------  S Y S T E M  ---------------

OS:
 Windows 10 , 64 bit Build 19041 (10.0.19041.292)
OS uptime: 0 days 1:59 hours
Hyper-V role detected

CPU: total 8 (initial active 8) (4 cores per cpu, 2 threads per core) family 6 model 126 stepping 5 microcode 0x96, cx8, cmov, fxsr, ht, mmx, 3dnowpref, sse, sse2, sse3, ssse3, sse4.1, sse4.2, popcnt, lzcnt, tsc, tscinvbit, avx, avx2, aes, erms, clmul, bmi1, bmi2, adx, avx512f, avx512dq, avx512cd, avx512bw, avx512vl, sha, fma, vzeroupper, avx512_vpopcntdq, avx512_vpclmulqdq, avx512_vaes, avx512_vnni, clflush, clflushopt, avx512_vbmi2, avx512_vbmi, hv
Processor Information for all 8 processors :
  Max Mhz: 1190, Current Mhz: 991, Mhz Limit: 987

Memory: 4k page, system-wide physical 7973M (775M free)
TotalPageFile size 10973M (AvailPageFile size 4M)
current process WorkingSet (physical memory assigned to process): 171M, peak: 171M
current process commit charge ("private bytes"): 257M, peak: 260M

vm_info: OpenJDK 64-Bit Server VM (17.0.12+7) for windows-amd64 JRE (17.0.12+7), built on Jul 16 2024 22:08:24 by "admin" with MS VC++ 16.10 / 16.11 (VS2019)

END.
