#
# There is insufficient memory for the Java Runtime Environment to continue.
# Native memory allocation (malloc) failed to allocate 545456 bytes. Error detail: Chunk::new
# Possible reasons:
#   The system is out of physical RAM or swap space
#   This process is running with CompressedOops enabled, and the Java Heap may be blocking the growth of the native heap
# Possible solutions:
#   Reduce memory load on the system
#   Increase physical memory or swap space
#   Check if swap backing store is full
#   Decrease Java heap size (-Xmx/-Xms)
#   Decrease number of Java threads
#   Decrease Java thread stack sizes (-Xss)
#   Set larger code cache with -XX:ReservedCodeCacheSize=
#   JVM is running with Unscaled Compressed Oops mode in which the Java heap is
#     placed in the first 4GB address space. The Java Heap base address is the
#     maximum limit for the native heap growth. Please use -XX:HeapBaseMinAddress
#     to set the Java Heap base and to place the Java Heap above 4GB virtual address.
# This output file may be truncated or incomplete.
#
#  Out of Memory Error (arena.cpp:191), pid=11064, tid=12632
#
# JRE version: OpenJDK Runtime Environment Temurin-17.0.12+7 (17.0.12+7) (build 17.0.12+7)
# Java VM: OpenJDK 64-Bit Server VM Temurin-17.0.12+7 (17.0.12+7, mixed mode, tiered, compressed oops, compressed class ptrs, parallel gc, windows-amd64)
# No core dump will be written. Minidumps are not enabled by default on client versions of Windows
#

---------------  S U M M A R Y ------------

Command Line: --add-modules=ALL-SYSTEM --add-opens=java.base/java.util=ALL-UNNAMED --add-opens=java.base/java.lang=ALL-UNNAMED --add-opens=java.base/sun.nio.fs=ALL-UNNAMED -Declipse.application=org.eclipse.jdt.ls.core.id1 -Dosgi.bundles.defaultStartLevel=4 -Declipse.product=org.eclipse.jdt.ls.core.product -Djava.import.generatesMetadataFilesAtProjectRoot=false -DDetectVMInstallationsJob.disabled=true -Dfile.encoding=utf8 -XX:+UseParallelGC -XX:GCTimeRatio=4 -XX:AdaptiveSizePolicyWeight=90 -Dsun.zip.disableMemoryMapping=true -Xmx1G -Xms100m -Xlog:disable -javaagent:c:\Users\areda\.vscode\extensions\redhat.java-1.35.1-win32-x64\lombok\lombok-1.18.33.jar -XX:+HeapDumpOnOutOfMemoryError -XX:HeapDumpPath=c:\Users\areda\AppData\Roaming\Code\User\workspaceStorage\94f0b2c071ba42e58c71592650ef5944\redhat.java -Daether.dependencyCollector.impl=bf c:\Users\areda\.vscode\extensions\redhat.java-1.35.1-win32-x64\server\plugins\org.eclipse.equinox.launcher_1.6.900.v20240613-2009.jar -configuration c:\Users\areda\AppData\Roaming\Code\User\globalStorage\redhat.java\1.35.1\config_win -data c:\Users\areda\AppData\Roaming\Code\User\workspaceStorage\94f0b2c071ba42e58c71592650ef5944\redhat.java\jdt_ws --pipe=\\.\pipe\lsp-3a3834619087e2180393ace365b9dd53-sock

Host: Intel(R) Core(TM) i5-1035G1 CPU @ 1.00GHz, 8 cores, 7G,  Windows 10 , 64 bit Build 19041 (10.0.19041.292)
Time: Wed Oct 16 23:33:00 2024 Egypt Standard Time elapsed time: 12.552608 seconds (0d 0h 0m 12s)

---------------  T H R E A D  ---------------

Current thread (0x000002c3ae5bbcb0):  JavaThread "C2 CompilerThread0" daemon [_thread_in_native, id=12632, stack(0x000000f930000000,0x000000f930100000)]


Current CompileTask:
C2:  12554 2898 %     4       java.util.zip.ZipFile$Source::initCEN @ 240 (591 bytes)

Stack: [0x000000f930000000,0x000000f930100000]
Native frames: (J=compiled Java code, j=interpreted, Vv=VM code, C=native code)
V  [jvm.dll+0x67f929]
V  [jvm.dll+0x8371ba]
V  [jvm.dll+0x838c7e]
V  [jvm.dll+0x8392e3]
V  [jvm.dll+0x24834f]
V  [jvm.dll+0xac9d4]
V  [jvm.dll+0xad01c]
V  [jvm.dll+0x367452]
V  [jvm.dll+0x33197a]
V  [jvm.dll+0x330e1a]
V  [jvm.dll+0x21a8b1]
V  [jvm.dll+0x219cf1]
V  [jvm.dll+0x1a58bd]
V  [jvm.dll+0x229a2d]
V  [jvm.dll+0x227bdc]
V  [jvm.dll+0x7ec1f7]
V  [jvm.dll+0x7e65dc]
V  [jvm.dll+0x67e7f7]
C  [ucrtbase.dll+0x214c2]
C  [KERNEL32.DLL+0x16fd4]
C  [ntdll.dll+0x4cec1]


---------------  P R O C E S S  ---------------

Threads class SMR info:
_java_thread_list=0x000002c3afdd8de0, length=20, elements={
0x000002c395438740, 0x000002c3a92c9400, 0x000002c3a92cd990, 0x000002c3ae5a6270,
0x000002c3ae5a9450, 0x000002c3ae5aa9c0, 0x000002c3ae5b34c0, 0x000002c3ae5bbcb0,
0x000002c3ae5c06d0, 0x000002c3ae5c98a0, 0x000002c3ae5b1150, 0x000002c3ae5b0c40,
0x000002c3ae5b2fb0, 0x000002c3ae5b1b70, 0x000002c3ae5b2590, 0x000002c3ae5b1660,
0x000002c3ae5b2080, 0x000002c3ae5b0220, 0x000002c3ae5b2aa0, 0x000002c3af79b0a0
}

Java Threads: ( => current thread )
  0x000002c395438740 JavaThread "main" [_thread_blocked, id=12444, stack(0x000000f92f700000,0x000000f92f800000)]
  0x000002c3a92c9400 JavaThread "Reference Handler" daemon [_thread_blocked, id=12252, stack(0x000000f92fa00000,0x000000f92fb00000)]
  0x000002c3a92cd990 JavaThread "Finalizer" daemon [_thread_blocked, id=12052, stack(0x000000f92fb00000,0x000000f92fc00000)]
  0x000002c3ae5a6270 JavaThread "Signal Dispatcher" daemon [_thread_blocked, id=3664, stack(0x000000f92fc00000,0x000000f92fd00000)]
  0x000002c3ae5a9450 JavaThread "Attach Listener" daemon [_thread_blocked, id=2232, stack(0x000000f92fd00000,0x000000f92fe00000)]
  0x000002c3ae5aa9c0 JavaThread "Service Thread" daemon [_thread_blocked, id=14732, stack(0x000000f92fe00000,0x000000f92ff00000)]
  0x000002c3ae5b34c0 JavaThread "Monitor Deflation Thread" daemon [_thread_blocked, id=7260, stack(0x000000f92ff00000,0x000000f930000000)]
=>0x000002c3ae5bbcb0 JavaThread "C2 CompilerThread0" daemon [_thread_in_native, id=12632, stack(0x000000f930000000,0x000000f930100000)]
  0x000002c3ae5c06d0 JavaThread "C1 CompilerThread0" daemon [_thread_blocked, id=13544, stack(0x000000f930100000,0x000000f930200000)]
  0x000002c3ae5c98a0 JavaThread "Sweeper thread" daemon [_thread_blocked, id=15584, stack(0x000000f930200000,0x000000f930300000)]
  0x000002c3ae5b1150 JavaThread "Common-Cleaner" daemon [_thread_blocked, id=15264, stack(0x000000f930300000,0x000000f930400000)]
  0x000002c3ae5b0c40 JavaThread "Notification Thread" daemon [_thread_blocked, id=13392, stack(0x000000f930500000,0x000000f930600000)]
  0x000002c3ae5b2fb0 JavaThread "Active Thread: Equinox Container: ff127d66-9632-4591-afcb-e97d5a4ac35c" [_thread_blocked, id=13820, stack(0x000000f930400000,0x000000f930500000)]
  0x000002c3ae5b1b70 JavaThread "Framework Event Dispatcher: Equinox Container: ff127d66-9632-4591-afcb-e97d5a4ac35c" daemon [_thread_blocked, id=11656, stack(0x000000f930e00000,0x000000f930f00000)]
  0x000002c3ae5b2590 JavaThread "Start Level: Equinox Container: ff127d66-9632-4591-afcb-e97d5a4ac35c" daemon [_thread_in_native, id=15532, stack(0x000000f930f00000,0x000000f931000000)]
  0x000002c3ae5b1660 JavaThread "Bundle File Closer" daemon [_thread_blocked, id=8716, stack(0x000000f931000000,0x000000f931100000)]
  0x000002c3ae5b2080 JavaThread "SCR Component Actor" daemon [_thread_blocked, id=9952, stack(0x000000f931100000,0x000000f931200000)]
  0x000002c3ae5b0220 JavaThread "SCR Component Registry" daemon [_thread_blocked, id=8460, stack(0x000000f931200000,0x000000f931300000)]
  0x000002c3ae5b2aa0 JavaThread "Worker-JM" [_thread_blocked, id=12752, stack(0x000000f931300000,0x000000f931400000)]
  0x000002c3af79b0a0 JavaThread "C2 CompilerThread1" daemon [_thread_blocked, id=16056, stack(0x000000f931400000,0x000000f931500000)]

Other Threads:
  0x000002c3a92c3370 VMThread "VM Thread" [stack: 0x000000f92f900000,0x000000f92fa00000] [id=9740]
  0x000002c3ae7fdd20 WatcherThread [stack: 0x000000f930600000,0x000000f930700000] [id=9416]
  0x000002c39544d4a0 GCTaskThread "GC Thread#0" [stack: 0x000000f92f800000,0x000000f92f900000] [id=10380]
  0x000002c3af93ed70 GCTaskThread "GC Thread#1" [stack: 0x000000f930800000,0x000000f930900000] [id=1600]
  0x000002c3afc35c10 GCTaskThread "GC Thread#2" [stack: 0x000000f930900000,0x000000f930a00000] [id=14812]
  0x000002c3afc44100 GCTaskThread "GC Thread#3" [stack: 0x000000f930a00000,0x000000f930b00000] [id=5736]
  0x000002c3afc443c0 GCTaskThread "GC Thread#4" [stack: 0x000000f930b00000,0x000000f930c00000] [id=2952]
  0x000002c3afc44680 GCTaskThread "GC Thread#5" [stack: 0x000000f930c00000,0x000000f930d00000] [id=13500]
  0x000002c3afc44940 GCTaskThread "GC Thread#6" [stack: 0x000000f930d00000,0x000000f930e00000] [id=10420]
  0x000002c3932bc580 GCTaskThread "GC Thread#7" [stack: 0x000000f930700000,0x000000f930800000] [id=16264]

Threads with active compile tasks:
C2 CompilerThread0    12614 2898 %     4       java.util.zip.ZipFile$Source::initCEN @ 240 (591 bytes)

VM state: not at safepoint (normal execution)

VM Mutex/Monitor currently owned by a thread: None

Heap address: 0x00000000c0000000, size: 1024 MB, Compressed Oops mode: 32-bit

CDS archive(s) not mapped
Compressed class space mapped at: 0x0000000100000000-0x0000000140000000, reserved size: 1073741824
Narrow klass base: 0x0000000000000000, Narrow klass shift: 3, Narrow klass range: 0x140000000

GC Precious Log:
 CPUs: 8 total, 8 available
 Memory: 7973M
 Large Page Support: Disabled
 NUMA Support: Disabled
 Compressed Oops: Enabled (32-bit)
 Alignments: Space 512K, Generation 512K, Heap 2M
 Heap Min Capacity: 100M
 Heap Initial Capacity: 100M
 Heap Max Capacity: 1G
 Pre-touch: Disabled
 Parallel Workers: 8

Heap:
 PSYoungGen      total 29696K, used 12182K [0x00000000eab00000, 0x00000000ece00000, 0x0000000100000000)
  eden space 25600K, 47% used [0x00000000eab00000,0x00000000eb6e5ba8,0x00000000ec400000)
  from space 4096K, 0% used [0x00000000ec400000,0x00000000ec400000,0x00000000ec800000)
  to   space 5120K, 0% used [0x00000000ec900000,0x00000000ec900000,0x00000000ece00000)
 ParOldGen       total 68608K, used 10593K [0x00000000c0000000, 0x00000000c4300000, 0x00000000eab00000)
  object space 68608K, 15% used [0x00000000c0000000,0x00000000c0a58640,0x00000000c4300000)
 Metaspace       used 23020K, committed 23552K, reserved 1114112K
  class space    used 2329K, committed 2560K, reserved 1048576K

Card table byte_map: [0x000002c394dd0000,0x000002c394fe0000] _byte_map_base: 0x000002c3947d0000

Marking Bits: (ParMarkBitMap*) 0x00007ff818a558b0
 Begin Bits: [0x000002c3a70d0000, 0x000002c3a80d0000)
 End Bits:   [0x000002c3a80d0000, 0x000002c3a90d0000)

Polling page: 0x000002c393370000

Metaspace:

Usage:
  Non-class:     20.21 MB used.
      Class:      2.28 MB used.
       Both:     22.48 MB used.

Virtual space:
  Non-class space:       64.00 MB reserved,      20.50 MB ( 32%) committed,  1 nodes.
      Class space:        1.00 GB reserved,       2.50 MB ( <1%) committed,  1 nodes.
             Both:        1.06 GB reserved,      23.00 MB (  2%) committed. 

Chunk freelists:
   Non-Class:  11.48 MB
       Class:  13.50 MB
        Both:  24.98 MB

MaxMetaspaceSize: unlimited
CompressedClassSpaceSize: 1.00 GB
Initial GC threshold: 21.00 MB
Current GC threshold: 35.00 MB
CDS: off
MetaspaceReclaimPolicy: balanced
 - commit_granule_bytes: 65536.
 - commit_granule_words: 8192.
 - virtual_space_node_default_size: 8388608.
 - enlarge_chunks_in_place: 1.
 - new_chunks_are_fully_committed: 0.
 - uncommit_free_chunks: 1.
 - use_allocation_guard: 0.
 - handle_deallocations: 1.


Internal statistics:

num_allocs_failed_limit: 3.
num_arena_births: 262.
num_arena_deaths: 0.
num_vsnodes_births: 2.
num_vsnodes_deaths: 0.
num_space_committed: 368.
num_space_uncommitted: 0.
num_chunks_returned_to_freelist: 3.
num_chunks_taken_from_freelist: 802.
num_chunk_merges: 0.
num_chunk_splits: 510.
num_chunks_enlarged: 343.
num_inconsistent_stats: 0.

CodeHeap 'non-profiled nmethods': size=120000Kb used=1203Kb max_used=1203Kb free=118796Kb
 bounds [0x000002c39fba0000, 0x000002c39fe10000, 0x000002c3a70d0000]
CodeHeap 'profiled nmethods': size=120000Kb used=5922Kb max_used=5922Kb free=114077Kb
 bounds [0x000002c3980d0000, 0x000002c3986a0000, 0x000002c39f600000]
CodeHeap 'non-nmethods': size=5760Kb used=1206Kb max_used=1222Kb free=4553Kb
 bounds [0x000002c39f600000, 0x000002c39f870000, 0x000002c39fba0000]
 total_blobs=3419 nmethods=2920 adapters=413
 compilation: enabled
              stopped_count=0, restarted_count=0
 full_count=0

Compilation events (20 events):
Event: 12.424 Thread 0x000002c3ae5bbcb0 2895       4       org.eclipse.osgi.framework.eventmgr.CopyOnWriteIdentityMap$Snapshot$SnapshotIterator::hasNext (15 bytes)
Event: 12.424 Thread 0x000002c3ae5c06d0 nmethod 2894 0x000002c398691010 code [0x000002c3986911c0, 0x000002c398691308]
Event: 12.424 Thread 0x000002c3ae5c06d0 2896  s!   3       org.eclipse.osgi.framework.eventmgr.EventManager$EventThread::getNextEvent (61 bytes)
Event: 12.425 Thread 0x000002c3ae5bbcb0 nmethod 2895 0x000002c39fcca590 code [0x000002c39fcca700, 0x000002c39fcca798]
Event: 12.425 Thread 0x000002c3ae5c06d0 nmethod 2896 0x000002c398691390 code [0x000002c398691560, 0x000002c398691a48]
Event: 12.427 Thread 0x000002c3ae5bbcb0 2898 %     4       java.util.zip.ZipFile$Source::initCEN @ 240 (591 bytes)
Event: 12.451 Thread 0x000002c3ae5c06d0 2900       3       sun.invoke.util.Wrapper::isSubwordOrInt (20 bytes)
Event: 12.452 Thread 0x000002c3ae5c06d0 nmethod 2900 0x000002c398691b90 code [0x000002c398691d40, 0x000002c398692158]
Event: 12.452 Thread 0x000002c3ae5c06d0 2901       3       sun.invoke.util.Wrapper::isIntegral (23 bytes)
Event: 12.452 Thread 0x000002c3ae5c06d0 nmethod 2901 0x000002c398692290 code [0x000002c398692440, 0x000002c398692698]
Event: 12.452 Thread 0x000002c3ae5c06d0 2902       3       sun.invoke.util.Wrapper::isNumeric (16 bytes)
Event: 12.453 Thread 0x000002c3ae5c06d0 nmethod 2902 0x000002c398692790 code [0x000002c398692920, 0x000002c398692a98]
Event: 12.453 Thread 0x000002c3ae5c06d0 2903       3       sun.invoke.util.Wrapper::isSingleWord (15 bytes)
Event: 12.453 Thread 0x000002c3ae5c06d0 nmethod 2903 0x000002c398692b10 code [0x000002c398692ca0, 0x000002c398692e18]
Event: 12.469 Thread 0x000002c3ae5c06d0 2905       3       sun.security.provider.SHA::implCompress0 (506 bytes)
Event: 12.469 Thread 0x000002c3ae5c06d0 nmethod 2905 0x000002c398692e90 code [0x000002c3986930a0, 0x000002c398693aa8]
Event: 12.470 Thread 0x000002c3ae5c06d0 2906       3       sun.security.provider.SHA::implCompress (13 bytes)
Event: 12.471 Thread 0x000002c3ae5c06d0 nmethod 2906 0x000002c398693f90 code [0x000002c398694180, 0x000002c3986945c8]
Event: 12.471 Thread 0x000002c3ae5c06d0 2907       3       sun.security.provider.SHA::implCompressCheck (27 bytes)
Event: 12.471 Thread 0x000002c3ae5c06d0 nmethod 2907 0x000002c398694790 code [0x000002c398694960, 0x000002c398694d18]

GC Heap History (12 events):
Event: 1.230 GC heap before
{Heap before GC invocations=1 (full 0):
 PSYoungGen      total 29696K, used 25600K [0x00000000eab00000, 0x00000000ecc00000, 0x0000000100000000)
  eden space 25600K, 100% used [0x00000000eab00000,0x00000000ec400000,0x00000000ec400000)
  from space 4096K, 0% used [0x00000000ec800000,0x00000000ec800000,0x00000000ecc00000)
  to   space 4096K, 0% used [0x00000000ec400000,0x00000000ec400000,0x00000000ec800000)
 ParOldGen       total 68608K, used 0K [0x00000000c0000000, 0x00000000c4300000, 0x00000000eab00000)
  object space 68608K, 0% used [0x00000000c0000000,0x00000000c0000000,0x00000000c4300000)
 Metaspace       used 10941K, committed 11136K, reserved 1114112K
  class space    used 1088K, committed 1216K, reserved 1048576K
}
Event: 1.237 GC heap after
{Heap after GC invocations=1 (full 0):
 PSYoungGen      total 29696K, used 3172K [0x00000000eab00000, 0x00000000ecc00000, 0x0000000100000000)
  eden space 25600K, 0% used [0x00000000eab00000,0x00000000eab00000,0x00000000ec400000)
  from space 4096K, 77% used [0x00000000ec400000,0x00000000ec719340,0x00000000ec800000)
  to   space 4096K, 0% used [0x00000000ec800000,0x00000000ec800000,0x00000000ecc00000)
 ParOldGen       total 68608K, used 16K [0x00000000c0000000, 0x00000000c4300000, 0x00000000eab00000)
  object space 68608K, 0% used [0x00000000c0000000,0x00000000c0004000,0x00000000c4300000)
 Metaspace       used 10941K, committed 11136K, reserved 1114112K
  class space    used 1088K, committed 1216K, reserved 1048576K
}
Event: 2.853 GC heap before
{Heap before GC invocations=2 (full 0):
 PSYoungGen      total 29696K, used 28772K [0x00000000eab00000, 0x00000000ecc00000, 0x0000000100000000)
  eden space 25600K, 100% used [0x00000000eab00000,0x00000000ec400000,0x00000000ec400000)
  from space 4096K, 77% used [0x00000000ec400000,0x00000000ec719340,0x00000000ec800000)
  to   space 4096K, 0% used [0x00000000ec800000,0x00000000ec800000,0x00000000ecc00000)
 ParOldGen       total 68608K, used 16K [0x00000000c0000000, 0x00000000c4300000, 0x00000000eab00000)
  object space 68608K, 0% used [0x00000000c0000000,0x00000000c0004000,0x00000000c4300000)
 Metaspace       used 14548K, committed 14784K, reserved 1114112K
  class space    used 1450K, committed 1536K, reserved 1048576K
}
Event: 2.859 GC heap after
{Heap after GC invocations=2 (full 0):
 PSYoungGen      total 29696K, used 4084K [0x00000000eab00000, 0x00000000ecc00000, 0x0000000100000000)
  eden space 25600K, 0% used [0x00000000eab00000,0x00000000eab00000,0x00000000ec400000)
  from space 4096K, 99% used [0x00000000ec800000,0x00000000ecbfd000,0x00000000ecc00000)
  to   space 4096K, 0% used [0x00000000ec400000,0x00000000ec400000,0x00000000ec800000)
 ParOldGen       total 68608K, used 1504K [0x00000000c0000000, 0x00000000c4300000, 0x00000000eab00000)
  object space 68608K, 2% used [0x00000000c0000000,0x00000000c0178380,0x00000000c4300000)
 Metaspace       used 14548K, committed 14784K, reserved 1114112K
  class space    used 1450K, committed 1536K, reserved 1048576K
}
Event: 10.850 GC heap before
{Heap before GC invocations=3 (full 0):
 PSYoungGen      total 29696K, used 29684K [0x00000000eab00000, 0x00000000ecc00000, 0x0000000100000000)
  eden space 25600K, 100% used [0x00000000eab00000,0x00000000ec400000,0x00000000ec400000)
  from space 4096K, 99% used [0x00000000ec800000,0x00000000ecbfd000,0x00000000ecc00000)
  to   space 4096K, 0% used [0x00000000ec400000,0x00000000ec400000,0x00000000ec800000)
 ParOldGen       total 68608K, used 1504K [0x00000000c0000000, 0x00000000c4300000, 0x00000000eab00000)
  object space 68608K, 2% used [0x00000000c0000000,0x00000000c0178380,0x00000000c4300000)
 Metaspace       used 16002K, committed 16256K, reserved 1114112K
  class space    used 1603K, committed 1728K, reserved 1048576K
}
Event: 10.857 GC heap after
{Heap after GC invocations=3 (full 0):
 PSYoungGen      total 29696K, used 4073K [0x00000000eab00000, 0x00000000ecc00000, 0x0000000100000000)
  eden space 25600K, 0% used [0x00000000eab00000,0x00000000eab00000,0x00000000ec400000)
  from space 4096K, 99% used [0x00000000ec400000,0x00000000ec7fa5d0,0x00000000ec800000)
  to   space 4096K, 0% used [0x00000000ec800000,0x00000000ec800000,0x00000000ecc00000)
 ParOldGen       total 68608K, used 5368K [0x00000000c0000000, 0x00000000c4300000, 0x00000000eab00000)
  object space 68608K, 7% used [0x00000000c0000000,0x00000000c053e130,0x00000000c4300000)
 Metaspace       used 16002K, committed 16256K, reserved 1114112K
  class space    used 1603K, committed 1728K, reserved 1048576K
}
Event: 11.645 GC heap before
{Heap before GC invocations=4 (full 0):
 PSYoungGen      total 29696K, used 29673K [0x00000000eab00000, 0x00000000ecc00000, 0x0000000100000000)
  eden space 25600K, 100% used [0x00000000eab00000,0x00000000ec400000,0x00000000ec400000)
  from space 4096K, 99% used [0x00000000ec400000,0x00000000ec7fa5d0,0x00000000ec800000)
  to   space 4096K, 0% used [0x00000000ec800000,0x00000000ec800000,0x00000000ecc00000)
 ParOldGen       total 68608K, used 5368K [0x00000000c0000000, 0x00000000c4300000, 0x00000000eab00000)
  object space 68608K, 7% used [0x00000000c0000000,0x00000000c053e130,0x00000000c4300000)
 Metaspace       used 19420K, committed 19776K, reserved 1114112K
  class space    used 1966K, committed 2112K, reserved 1048576K
}
Event: 11.651 GC heap after
{Heap after GC invocations=4 (full 0):
 PSYoungGen      total 29696K, used 4082K [0x00000000eab00000, 0x00000000ecc00000, 0x0000000100000000)
  eden space 25600K, 0% used [0x00000000eab00000,0x00000000eab00000,0x00000000ec400000)
  from space 4096K, 99% used [0x00000000ec800000,0x00000000ecbfca40,0x00000000ecc00000)
  to   space 4096K, 0% used [0x00000000ec400000,0x00000000ec400000,0x00000000ec800000)
 ParOldGen       total 68608K, used 6448K [0x00000000c0000000, 0x00000000c4300000, 0x00000000eab00000)
  object space 68608K, 9% used [0x00000000c0000000,0x00000000c064c2f0,0x00000000c4300000)
 Metaspace       used 19420K, committed 19776K, reserved 1114112K
  class space    used 1966K, committed 2112K, reserved 1048576K
}
Event: 11.858 GC heap before
{Heap before GC invocations=5 (full 0):
 PSYoungGen      total 29696K, used 13550K [0x00000000eab00000, 0x00000000ecc00000, 0x0000000100000000)
  eden space 25600K, 36% used [0x00000000eab00000,0x00000000eb43efc0,0x00000000ec400000)
  from space 4096K, 99% used [0x00000000ec800000,0x00000000ecbfca40,0x00000000ecc00000)
  to   space 4096K, 0% used [0x00000000ec400000,0x00000000ec400000,0x00000000ec800000)
 ParOldGen       total 68608K, used 6448K [0x00000000c0000000, 0x00000000c4300000, 0x00000000eab00000)
  object space 68608K, 9% used [0x00000000c0000000,0x00000000c064c2f0,0x00000000c4300000)
 Metaspace       used 21094K, committed 21504K, reserved 1114112K
  class space    used 2119K, committed 2304K, reserved 1048576K
}
Event: 11.862 GC heap after
{Heap after GC invocations=5 (full 0):
 PSYoungGen      total 29696K, used 4073K [0x00000000eab00000, 0x00000000ece00000, 0x0000000100000000)
  eden space 25600K, 0% used [0x00000000eab00000,0x00000000eab00000,0x00000000ec400000)
  from space 4096K, 99% used [0x00000000ec400000,0x00000000ec7fa678,0x00000000ec800000)
  to   space 5120K, 0% used [0x00000000ec900000,0x00000000ec900000,0x00000000ece00000)
 ParOldGen       total 68608K, used 6875K [0x00000000c0000000, 0x00000000c4300000, 0x00000000eab00000)
  object space 68608K, 10% used [0x00000000c0000000,0x00000000c06b6fc0,0x00000000c4300000)
 Metaspace       used 21094K, committed 21504K, reserved 1114112K
  class space    used 2119K, committed 2304K, reserved 1048576K
}
Event: 11.862 GC heap before
{Heap before GC invocations=6 (full 1):
 PSYoungGen      total 29696K, used 4073K [0x00000000eab00000, 0x00000000ece00000, 0x0000000100000000)
  eden space 25600K, 0% used [0x00000000eab00000,0x00000000eab00000,0x00000000ec400000)
  from space 4096K, 99% used [0x00000000ec400000,0x00000000ec7fa678,0x00000000ec800000)
  to   space 5120K, 0% used [0x00000000ec900000,0x00000000ec900000,0x00000000ece00000)
 ParOldGen       total 68608K, used 6875K [0x00000000c0000000, 0x00000000c4300000, 0x00000000eab00000)
  object space 68608K, 10% used [0x00000000c0000000,0x00000000c06b6fc0,0x00000000c4300000)
 Metaspace       used 21094K, committed 21504K, reserved 1114112K
  class space    used 2119K, committed 2304K, reserved 1048576K
}
Event: 11.890 GC heap after
{Heap after GC invocations=6 (full 1):
 PSYoungGen      total 29696K, used 0K [0x00000000eab00000, 0x00000000ece00000, 0x0000000100000000)
  eden space 25600K, 0% used [0x00000000eab00000,0x00000000eab00000,0x00000000ec400000)
  from space 4096K, 0% used [0x00000000ec400000,0x00000000ec400000,0x00000000ec800000)
  to   space 5120K, 0% used [0x00000000ec900000,0x00000000ec900000,0x00000000ece00000)
 ParOldGen       total 68608K, used 10593K [0x00000000c0000000, 0x00000000c4300000, 0x00000000eab00000)
  object space 68608K, 15% used [0x00000000c0000000,0x00000000c0a58640,0x00000000c4300000)
 Metaspace       used 21094K, committed 21504K, reserved 1114112K
  class space    used 2119K, committed 2304K, reserved 1048576K
}

Dll operation events (9 events):
Event: 0.016 Loaded shared library c:\Users\areda\.vscode\extensions\redhat.java-1.35.1-win32-x64\jre\17.0.12-win32-x86_64\bin\java.dll
Event: 0.235 Loaded shared library c:\Users\areda\.vscode\extensions\redhat.java-1.35.1-win32-x64\jre\17.0.12-win32-x86_64\bin\zip.dll
Event: 0.245 Loaded shared library C:\Users\areda\.vscode\extensions\redhat.java-1.35.1-win32-x64\jre\17.0.12-win32-x86_64\bin\instrument.dll
Event: 0.273 Loaded shared library C:\Users\areda\.vscode\extensions\redhat.java-1.35.1-win32-x64\jre\17.0.12-win32-x86_64\bin\net.dll
Event: 0.277 Loaded shared library C:\Users\areda\.vscode\extensions\redhat.java-1.35.1-win32-x64\jre\17.0.12-win32-x86_64\bin\nio.dll
Event: 0.289 Loaded shared library C:\Users\areda\.vscode\extensions\redhat.java-1.35.1-win32-x64\jre\17.0.12-win32-x86_64\bin\zip.dll
Event: 0.319 Loaded shared library C:\Users\areda\.vscode\extensions\redhat.java-1.35.1-win32-x64\jre\17.0.12-win32-x86_64\bin\jimage.dll
Event: 0.437 Loaded shared library c:\Users\areda\.vscode\extensions\redhat.java-1.35.1-win32-x64\jre\17.0.12-win32-x86_64\bin\verify.dll
Event: 2.816 Loaded shared library C:\Users\areda\AppData\Roaming\Code\User\globalStorage\redhat.java\1.35.1\config_win\org.eclipse.equinox.launcher\org.eclipse.equinox.launcher.win32.win32.x86_64_1.2.1100.v20240722-2106\eclipse_11904.dll

Deoptimization events (20 events):
Event: 12.241 Thread 0x000002c3ae5b2590 Uncommon trap: trap_request=0xffffffde fr.pc=0x000002c39fc58e8c relative=0x000000000000034c
Event: 12.241 Thread 0x000002c3ae5b2590 Uncommon trap: reason=class_check action=maybe_recompile pc=0x000002c39fc58e8c method=java.io.DataInputStream.readUnsignedShort()I @ 6 c2
Event: 12.241 Thread 0x000002c3ae5b2590 DEOPT PACKING pc=0x000002c39fc58e8c sp=0x000000f930ff8f30
Event: 12.241 Thread 0x000002c3ae5b2590 DEOPT UNPACKING pc=0x000002c39f659ea3 sp=0x000000f930ff8ee8 mode 2
Event: 12.241 Thread 0x000002c3ae5b2590 Uncommon trap: trap_request=0xffffffde fr.pc=0x000002c39fc58e8c relative=0x000000000000034c
Event: 12.241 Thread 0x000002c3ae5b2590 Uncommon trap: reason=class_check action=maybe_recompile pc=0x000002c39fc58e8c method=java.io.DataInputStream.readUnsignedShort()I @ 6 c2
Event: 12.241 Thread 0x000002c3ae5b2590 DEOPT PACKING pc=0x000002c39fc58e8c sp=0x000000f930ff8e70
Event: 12.241 Thread 0x000002c3ae5b2590 DEOPT UNPACKING pc=0x000002c39f659ea3 sp=0x000000f930ff8e28 mode 2
Event: 12.241 Thread 0x000002c3ae5b2590 Uncommon trap: trap_request=0xffffffde fr.pc=0x000002c39fc58e8c relative=0x000000000000034c
Event: 12.241 Thread 0x000002c3ae5b2590 Uncommon trap: reason=class_check action=maybe_recompile pc=0x000002c39fc58e8c method=java.io.DataInputStream.readUnsignedShort()I @ 6 c2
Event: 12.241 Thread 0x000002c3ae5b2590 DEOPT PACKING pc=0x000002c39fc58e8c sp=0x000000f930ff8e70
Event: 12.241 Thread 0x000002c3ae5b2590 DEOPT UNPACKING pc=0x000002c39f659ea3 sp=0x000000f930ff8e28 mode 2
Event: 12.446 Thread 0x000002c3ae5b2590 Uncommon trap: trap_request=0xffffff45 fr.pc=0x000002c39fbf2bb8 relative=0x00000000000006b8
Event: 12.446 Thread 0x000002c3ae5b2590 Uncommon trap: reason=unstable_if action=reinterpret pc=0x000002c39fbf2bb8 method=java.lang.String.replace(Ljava/lang/CharSequence;Ljava/lang/CharSequence;)Ljava/lang/String; @ 42 c2
Event: 12.446 Thread 0x000002c3ae5b2590 DEOPT PACKING pc=0x000002c39fbf2bb8 sp=0x000000f930ff7130
Event: 12.446 Thread 0x000002c3ae5b2590 DEOPT UNPACKING pc=0x000002c39f659ea3 sp=0x000000f930ff70c0 mode 2
Event: 12.467 Thread 0x000002c3ae5b2590 DEOPT PACKING pc=0x000002c398444656 sp=0x000000f930ff5ac0
Event: 12.467 Thread 0x000002c3ae5b2590 DEOPT UNPACKING pc=0x000002c39f65a9e3 sp=0x000000f930ff4f60 mode 0
Event: 12.470 Thread 0x000002c3ae5b2590 DEOPT PACKING pc=0x000002c398444656 sp=0x000000f930ff5ac0
Event: 12.470 Thread 0x000002c3ae5b2590 DEOPT UNPACKING pc=0x000002c39f65a9e3 sp=0x000000f930ff4f60 mode 0

Classes loaded (20 events):
Event: 12.479 Loading class java/util/concurrent/ConcurrentSkipListMap$Node
Event: 12.479 Loading class java/util/concurrent/ConcurrentSkipListMap$Node done
Event: 12.479 Loading class java/net/InetAddressImplFactory
Event: 12.479 Loading class java/net/InetAddressImplFactory done
Event: 12.480 Loading class java/net/Inet6AddressImpl
Event: 12.480 Loading class java/net/InetAddressImpl
Event: 12.480 Loading class java/net/InetAddressImpl done
Event: 12.480 Loading class java/net/Inet6AddressImpl done
Event: 12.480 Loading class java/net/InetAddress$PlatformNameService
Event: 12.480 Loading class java/net/InetAddress$NameService
Event: 12.480 Loading class java/net/InetAddress$NameService done
Event: 12.480 Loading class java/net/InetAddress$PlatformNameService done
Event: 12.480 Loading class java/net/Inet4Address
Event: 12.480 Loading class java/net/Inet4Address done
Event: 12.481 Loading class java/net/Inet6Address
Event: 12.481 Loading class java/net/Inet6Address done
Event: 12.481 Loading class java/net/Inet6Address$Inet6AddressHolder
Event: 12.481 Loading class java/net/Inet6Address$Inet6AddressHolder done
Event: 12.481 Loading class java/net/DefaultInterface
Event: 12.481 Loading class java/net/DefaultInterface done

Classes unloaded (0 events):
No events

Classes redefined (0 events):
No events

Internal exceptions (20 events):
Event: 10.915 Thread 0x000002c3ae5b2590 Exception <a 'java/lang/NullPointerException'{0x00000000eae53510}> (0x00000000eae53510) 
thrown [s\src\hotspot\share\interpreter\linkResolver.cpp, line 1350]
Event: 11.557 Thread 0x000002c3ae5b2590 Exception <a 'java/io/FileNotFoundException'{0x00000000ec105cf8}> (0x00000000ec105cf8) 
thrown [s\src\hotspot\share\prims\jni.cpp, line 516]
Event: 11.667 Thread 0x000002c3ae5b2590 Exception <a 'java/lang/NoSuchMethodError'{0x00000000eab89388}: 'java.lang.Object java.lang.invoke.Invokers$Holder.invokeExact_MT(java.lang.Object, java.lang.Object, java.lang.Object, java.lang.Object, java.lang.Object, java.lang.Object)'> (0x00000000eab89388) 
thrown [s\src\hotspot\share\interpreter\linkResolver.cpp, line 759]
Event: 11.710 Thread 0x000002c3ae5b2590 Exception <a 'java/lang/NoSuchMethodError'{0x00000000ead05590}: 'java.lang.Object java.lang.invoke.Invokers$Holder.linkToTargetMethod(java.lang.Object, long, java.lang.Object)'> (0x00000000ead05590) 
thrown [s\src\hotspot\share\interpreter\linkResolver.cpp, line 759]
Event: 11.781 Thread 0x000002c3ae5b2590 Exception <a 'java/lang/NoSuchMethodError'{0x00000000eb036998}: 'void java.lang.invoke.DirectMethodHandle$Holder.invokeInterface(java.lang.Object, java.lang.Object, java.lang.Object)'> (0x00000000eb036998) 
thrown [s\src\hotspot\share\interpreter\linkResolver.cpp, line 759]
Event: 11.854 Thread 0x000002c3ae5b2590 Exception <a 'java/lang/NoSuchMethodError'{0x00000000eb3cd030}: 'void java.lang.invoke.DirectMethodHandle$Holder.invokeVirtual(java.lang.Object, java.lang.Object)'> (0x00000000eb3cd030) 
thrown [s\src\hotspot\share\interpreter\linkResolver.cpp, line 759]
Event: 11.917 Thread 0x000002c3ae5b2590 Exception <a 'java/lang/NoSuchMethodError'{0x00000000eac43830}: 'java.lang.Object java.lang.invoke.DirectMethodHandle$Holder.invokeStatic(java.lang.Object, java.lang.Object, int)'> (0x00000000eac43830) 
thrown [s\src\hotspot\share\interpreter\linkResolver.cpp, line 759]
Event: 11.918 Thread 0x000002c3ae5b2590 Exception <a 'java/lang/NoSuchMethodError'{0x00000000eac483e0}: 'void java.lang.invoke.DirectMethodHandle$Holder.invokeStatic(java.lang.Object, java.lang.Object, int, java.lang.Object)'> (0x00000000eac483e0) 
thrown [s\src\hotspot\share\interpreter\linkResolver.cpp, line 759]
Event: 11.920 Thread 0x000002c3ae5b2590 Exception <a 'java/lang/NoSuchMethodError'{0x00000000eac4f6b0}: 'void java.lang.invoke.DelegatingMethodHandle$Holder.delegate(java.lang.Object, java.lang.Object, int, java.lang.Object)'> (0x00000000eac4f6b0) 
thrown [s\src\hotspot\share\interpreter\linkResolver.cpp, line 759]
Event: 11.920 Thread 0x000002c3ae5b2590 Exception <a 'java/lang/NoSuchMethodError'{0x00000000eac53a98}: 'int java.lang.invoke.DirectMethodHandle$Holder.invokeSpecial(java.lang.Object, java.lang.Object, java.lang.Object)'> (0x00000000eac53a98) 
thrown [s\src\hotspot\share\interpreter\linkResolver.cpp, line 759]
Event: 11.922 Thread 0x000002c3ae5b2590 Exception <a 'java/lang/NoSuchMethodError'{0x00000000eac65ae0}: 'int java.lang.invoke.DirectMethodHandle$Holder.invokeStatic(java.lang.Object, java.lang.Object, int)'> (0x00000000eac65ae0) 
thrown [s\src\hotspot\share\interpreter\linkResolver.cpp, line 759]
Event: 11.922 Thread 0x000002c3ae5b2590 Exception <a 'java/lang/NoSuchMethodError'{0x00000000eac69b90}: 'int java.lang.invoke.DirectMethodHandle$Holder.invokeSpecial(java.lang.Object, java.lang.Object, java.lang.Object, int)'> (0x00000000eac69b90) 
thrown [s\src\hotspot\share\interpreter\linkResolver.cpp, line 759]
Event: 11.924 Thread 0x000002c3ae5b2590 Exception <a 'java/lang/NoSuchMethodError'{0x00000000eac86008}: 'java.lang.Object java.lang.invoke.DirectMethodHandle$Holder.invokeStatic(java.lang.Object, java.lang.Object, java.lang.Object, java.lang.Object, int)'> (0x00000000eac86008) 
thrown [s\src\hotspot\share\interpreter\linkResolver.cpp, line 759]
Event: 11.926 Thread 0x000002c3ae5b2590 Exception <a 'java/lang/NoSuchMethodError'{0x00000000eac92000}: 'java.lang.Object java.lang.invoke.DelegatingMethodHandle$Holder.reinvoke_L(java.lang.Object, java.lang.Object, java.lang.Object, java.lang.Object, int, int)'> (0x00000000eac92000) 
thrown [s\src\hotspot\share\interpreter\linkResolver.cpp, line 759]
Event: 11.928 Thread 0x000002c3ae5b2590 Exception <a 'java/lang/NoSuchMethodError'{0x00000000eaca6820}: 'java.lang.Object java.lang.invoke.Invokers$Holder.invokeExact_MT(java.lang.Object, java.lang.Object, java.lang.Object, java.lang.Object)'> (0x00000000eaca6820) 
thrown [s\src\hotspot\share\interpreter\linkResolver.cpp, line 759]
Event: 12.115 Thread 0x000002c3ae5b2590 Exception <a 'java/io/FileNotFoundException'{0x00000000eaf34800}> (0x00000000eaf34800) 
thrown [s\src\hotspot\share\prims\jni.cpp, line 516]
Event: 12.118 Thread 0x000002c3ae5b2590 Exception <a 'java/io/FileNotFoundException'{0x00000000eaf3c608}> (0x00000000eaf3c608) 
thrown [s\src\hotspot\share\prims\jni.cpp, line 516]
Event: 12.246 Thread 0x000002c3ae5b2590 Exception <a 'java/lang/NoSuchMethodError'{0x00000000eb210b28}: 'java.lang.Object java.lang.invoke.DirectMethodHandle$Holder.newInvokeSpecial(java.lang.Object, java.lang.Object, java.lang.Object, java.lang.Object, java.lang.Object)'> (0x00000000eb210b28) 
thrown [s\src\hotspot\share\interpreter\linkResolver.cpp, line 759]
Event: 12.354 Thread 0x000002c3ae5b2590 Exception <a 'java/lang/NoSuchMethodError'{0x00000000eb3606f0}: 'java.lang.Object java.lang.invoke.DirectMethodHandle$Holder.invokeStaticInit(java.lang.Object, int)'> (0x00000000eb3606f0) 
thrown [s\src\hotspot\share\interpreter\linkResolver.cpp, line 759]
Event: 12.452 Thread 0x000002c3ae5b2590 Exception <a 'java/lang/NoSuchMethodError'{0x00000000eb5eba60}: 'java.lang.Object java.lang.invoke.DirectMethodHandle$Holder.invokeStaticInit(java.lang.Object, int, int, int, int)'> (0x00000000eb5eba60) 
thrown [s\src\hotspot\share\interpreter\linkResolver.cpp, line 759]

VM Operations (20 events):
Event: 8.318 Executing VM operation: Cleanup
Event: 8.318 Executing VM operation: Cleanup done
Event: 9.329 Executing VM operation: Cleanup
Event: 9.329 Executing VM operation: Cleanup done
Event: 10.850 Executing VM operation: ParallelGCFailedAllocation
Event: 10.857 Executing VM operation: ParallelGCFailedAllocation done
Event: 10.912 Executing VM operation: HandshakeAllThreads
Event: 10.912 Executing VM operation: HandshakeAllThreads done
Event: 11.645 Executing VM operation: ParallelGCFailedAllocation
Event: 11.651 Executing VM operation: ParallelGCFailedAllocation done
Event: 11.858 Executing VM operation: CollectForMetadataAllocation
Event: 11.890 Executing VM operation: CollectForMetadataAllocation done
Event: 11.916 Executing VM operation: HandshakeAllThreads
Event: 11.916 Executing VM operation: HandshakeAllThreads done
Event: 12.171 Executing VM operation: HandshakeAllThreads
Event: 12.171 Executing VM operation: HandshakeAllThreads done
Event: 12.374 Executing VM operation: HandshakeAllThreads
Event: 12.374 Executing VM operation: HandshakeAllThreads done
Event: 12.478 Executing VM operation: HandshakeAllThreads
Event: 12.478 Executing VM operation: HandshakeAllThreads done

Events (20 events):
Event: 0.101 Thread 0x000002c3ae5c98a0 Thread added: 0x000002c3ae5c98a0
Event: 0.175 Thread 0x000002c3ae5b1150 Thread added: 0x000002c3ae5b1150
Event: 0.212 Thread 0x000002c3ae76b220 Thread added: 0x000002c3ae76b220
Event: 0.601 Thread 0x000002c3ae5b0c40 Thread added: 0x000002c3ae5b0c40
Event: 0.710 Thread 0x000002c3ae90e210 Thread added: 0x000002c3ae90e210
Event: 1.672 Thread 0x000002c3ae90e210 Thread exited: 0x000002c3ae90e210
Event: 2.078 Thread 0x000002c3ae76b220 Thread exited: 0x000002c3ae76b220
Event: 2.102 Thread 0x000002c3ae5b2fb0 Thread added: 0x000002c3ae5b2fb0
Event: 2.217 Thread 0x000002c3afdc6060 Thread added: 0x000002c3afdc6060
Event: 2.406 Thread 0x000002c3ae5b1b70 Thread added: 0x000002c3ae5b1b70
Event: 2.410 Thread 0x000002c3ae5b2590 Thread added: 0x000002c3ae5b2590
Event: 2.658 Thread 0x000002c3afdc6060 Thread exited: 0x000002c3afdc6060
Event: 3.298 Thread 0x000002c3b01b6490 Thread added: 0x000002c3b01b6490
Event: 3.482 Thread 0x000002c3b01b6490 Thread exited: 0x000002c3b01b6490
Event: 6.096 Thread 0x000002c3b01b6730 Thread added: 0x000002c3b01b6730
Event: 6.279 Thread 0x000002c3b01b6730 Thread exited: 0x000002c3b01b6730
Event: 7.394 Thread 0x000002c3ae5b1660 Thread added: 0x000002c3ae5b1660
Event: 10.882 Thread 0x000002c3ae5b2080 Thread added: 0x000002c3ae5b2080
Event: 10.997 Thread 0x000002c3ae5b0220 Thread added: 0x000002c3ae5b0220
Event: 11.791 Thread 0x000002c3ae5b2aa0 Thread added: 0x000002c3ae5b2aa0


Dynamic libraries:
0x00007ff66a5f0000 - 0x00007ff66a5fe000 	c:\Users\areda\.vscode\extensions\redhat.java-1.35.1-win32-x64\jre\17.0.12-win32-x86_64\bin\java.exe
0x00007ff87b570000 - 0x00007ff87b765000 	C:\windows\SYSTEM32\ntdll.dll
0x00007ff879bf0000 - 0x00007ff879cad000 	C:\windows\System32\KERNEL32.DLL
0x00007ff878c80000 - 0x00007ff878f47000 	C:\windows\System32\KERNELBASE.dll
0x00007ff875720000 - 0x00007ff8757b0000 	C:\windows\SYSTEM32\apphelp.dll
0x00007ff878ae0000 - 0x00007ff878be0000 	C:\windows\System32\ucrtbase.dll
0x00007ff872170000 - 0x00007ff872187000 	c:\Users\areda\.vscode\extensions\redhat.java-1.35.1-win32-x64\jre\17.0.12-win32-x86_64\bin\jli.dll
0x00007ff85e470000 - 0x00007ff85e48b000 	c:\Users\areda\.vscode\extensions\redhat.java-1.35.1-win32-x64\jre\17.0.12-win32-x86_64\bin\VCRUNTIME140.dll
0x00007ff87aca0000 - 0x00007ff87ae40000 	C:\windows\System32\USER32.dll
0x00007ff8792f0000 - 0x00007ff879312000 	C:\windows\System32\win32u.dll
0x00007ff87b3d0000 - 0x00007ff87b3fa000 	C:\windows\System32\GDI32.dll
0x00007ff85f740000 - 0x00007ff85f9db000 	C:\windows\WinSxS\amd64_microsoft.windows.common-controls_6595b64144ccf1df_6.0.19041.488_none_ca04af081b815d21\COMCTL32.dll
0x00007ff879080000 - 0x00007ff879189000 	C:\windows\System32\gdi32full.dll
0x00007ff87aba0000 - 0x00007ff87ac3e000 	C:\windows\System32\msvcrt.dll
0x00007ff878be0000 - 0x00007ff878c7d000 	C:\windows\System32\msvcp_win.dll
0x00007ff87a970000 - 0x00007ff87a9a0000 	C:\windows\System32\IMM32.DLL
0x00007ff874d20000 - 0x00007ff874d2c000 	c:\Users\areda\.vscode\extensions\redhat.java-1.35.1-win32-x64\jre\17.0.12-win32-x86_64\bin\vcruntime140_1.dll
0x00007ff846e60000 - 0x00007ff846eed000 	c:\Users\areda\.vscode\extensions\redhat.java-1.35.1-win32-x64\jre\17.0.12-win32-x86_64\bin\msvcp140.dll
0x00007ff817eb0000 - 0x00007ff818b1a000 	c:\Users\areda\.vscode\extensions\redhat.java-1.35.1-win32-x64\jre\17.0.12-win32-x86_64\bin\server\jvm.dll
0x00007ff8795a0000 - 0x00007ff87964a000 	C:\windows\System32\ADVAPI32.dll
0x00007ff879aa0000 - 0x00007ff879b3b000 	C:\windows\System32\sechost.dll
0x00007ff879650000 - 0x00007ff879773000 	C:\windows\System32\RPCRT4.dll
0x00007ff87ab30000 - 0x00007ff87ab9b000 	C:\windows\System32\WS2_32.dll
0x00007ff878450000 - 0x00007ff87849b000 	C:\windows\SYSTEM32\POWRPROF.dll
0x00007ff870560000 - 0x00007ff87056a000 	C:\windows\SYSTEM32\VERSION.dll
0x00007ff85dd40000 - 0x00007ff85dd67000 	C:\windows\SYSTEM32\WINMM.dll
0x00007ff878430000 - 0x00007ff878442000 	C:\windows\SYSTEM32\UMPDC.dll
0x00007ff877670000 - 0x00007ff877683000 	C:\windows\SYSTEM32\kernel.appcore.dll
0x00007ff874d00000 - 0x00007ff874d0a000 	c:\Users\areda\.vscode\extensions\redhat.java-1.35.1-win32-x64\jre\17.0.12-win32-x86_64\bin\jimage.dll
0x00007ff8770a0000 - 0x00007ff877284000 	C:\windows\SYSTEM32\DBGHELP.DLL
0x00007ff85baa0000 - 0x00007ff85bacc000 	C:\windows\SYSTEM32\dbgcore.DLL
0x00007ff879000000 - 0x00007ff87907f000 	C:\windows\System32\bcryptPrimitives.dll
0x00007ff872250000 - 0x00007ff87225e000 	c:\Users\areda\.vscode\extensions\redhat.java-1.35.1-win32-x64\jre\17.0.12-win32-x86_64\bin\instrument.dll
0x00007ff85e180000 - 0x00007ff85e1a5000 	c:\Users\areda\.vscode\extensions\redhat.java-1.35.1-win32-x64\jre\17.0.12-win32-x86_64\bin\java.dll
0x00007ff85e160000 - 0x00007ff85e178000 	c:\Users\areda\.vscode\extensions\redhat.java-1.35.1-win32-x64\jre\17.0.12-win32-x86_64\bin\zip.dll
0x00007ff87a160000 - 0x00007ff87a8a1000 	C:\windows\System32\SHELL32.dll
0x00007ff8767e0000 - 0x00007ff876f72000 	C:\windows\SYSTEM32\windows.storage.dll
0x00007ff879d80000 - 0x00007ff87a0d4000 	C:\windows\System32\combase.dll
0x00007ff8783b0000 - 0x00007ff8783dc000 	C:\windows\SYSTEM32\Wldp.dll
0x00007ff879b40000 - 0x00007ff879bee000 	C:\windows\System32\SHCORE.dll
0x00007ff87b4a0000 - 0x00007ff87b4f5000 	C:\windows\System32\shlwapi.dll
0x00007ff8789b0000 - 0x00007ff8789d6000 	C:\windows\SYSTEM32\profapi.dll
0x00007ff85e0d0000 - 0x00007ff85e0e9000 	C:\Users\areda\.vscode\extensions\redhat.java-1.35.1-win32-x64\jre\17.0.12-win32-x86_64\bin\net.dll
0x00007ff86a8d0000 - 0x00007ff86a9d0000 	C:\windows\SYSTEM32\WINHTTP.dll
0x00007ff878140000 - 0x00007ff8781aa000 	C:\windows\system32\mswsock.dll
0x00007ff85dd90000 - 0x00007ff85dda6000 	C:\Users\areda\.vscode\extensions\redhat.java-1.35.1-win32-x64\jre\17.0.12-win32-x86_64\bin\nio.dll
0x00007ff872100000 - 0x00007ff872110000 	c:\Users\areda\.vscode\extensions\redhat.java-1.35.1-win32-x64\jre\17.0.12-win32-x86_64\bin\verify.dll
0x00007ff845570000 - 0x00007ff8455b5000 	C:\Users\areda\AppData\Roaming\Code\User\globalStorage\redhat.java\1.35.1\config_win\org.eclipse.equinox.launcher\org.eclipse.equinox.launcher.win32.win32.x86_64_1.2.1100.v20240722-2106\eclipse_11904.dll
0x00007ff87a9a0000 - 0x00007ff87aac9000 	C:\windows\System32\ole32.dll
0x00007ff8783f0000 - 0x00007ff878408000 	C:\windows\SYSTEM32\CRYPTSP.dll
0x00007ff877af0000 - 0x00007ff877b24000 	C:\windows\system32\rsaenh.dll
0x00007ff879570000 - 0x00007ff879597000 	C:\windows\System32\bcrypt.dll
0x00007ff878930000 - 0x00007ff87895e000 	C:\windows\SYSTEM32\USERENV.dll
0x00007ff8782c0000 - 0x00007ff8782cc000 	C:\windows\SYSTEM32\CRYPTBASE.dll
0x00007ff877e50000 - 0x00007ff877e8b000 	C:\windows\SYSTEM32\IPHLPAPI.DLL
0x00007ff87a960000 - 0x00007ff87a969000 	C:\windows\System32\NSI.dll
0x00007ff871c40000 - 0x00007ff871c57000 	C:\windows\SYSTEM32\dhcpcsvc6.DLL
0x00007ff871b70000 - 0x00007ff871b8d000 	C:\windows\SYSTEM32\dhcpcsvc.DLL
0x00007ff877e90000 - 0x00007ff877f5b000 	C:\windows\SYSTEM32\DNSAPI.dll

dbghelp: loaded successfully - version: 4.0.5 - missing functions: none
symbol engine: initialized successfully - sym options: 0x614 - pdb path: .;c:\Users\areda\.vscode\extensions\redhat.java-1.35.1-win32-x64\jre\17.0.12-win32-x86_64\bin;C:\windows\SYSTEM32;C:\windows\WinSxS\amd64_microsoft.windows.common-controls_6595b64144ccf1df_6.0.19041.488_none_ca04af081b815d21;c:\Users\areda\.vscode\extensions\redhat.java-1.35.1-win32-x64\jre\17.0.12-win32-x86_64\bin\server;C:\Users\areda\AppData\Roaming\Code\User\globalStorage\redhat.java\1.35.1\config_win\org.eclipse.equinox.launcher\org.eclipse.equinox.launcher.win32.win32.x86_64_1.2.1100.v20240722-2106

VM Arguments:
jvm_args: --add-modules=ALL-SYSTEM --add-opens=java.base/java.util=ALL-UNNAMED --add-opens=java.base/java.lang=ALL-UNNAMED --add-opens=java.base/sun.nio.fs=ALL-UNNAMED -Declipse.application=org.eclipse.jdt.ls.core.id1 -Dosgi.bundles.defaultStartLevel=4 -Declipse.product=org.eclipse.jdt.ls.core.product -Djava.import.generatesMetadataFilesAtProjectRoot=false -DDetectVMInstallationsJob.disabled=true -Dfile.encoding=utf8 -XX:+UseParallelGC -XX:GCTimeRatio=4 -XX:AdaptiveSizePolicyWeight=90 -Dsun.zip.disableMemoryMapping=true -Xmx1G -Xms100m -Xlog:disable -javaagent:c:\Users\areda\.vscode\extensions\redhat.java-1.35.1-win32-x64\lombok\lombok-1.18.33.jar -XX:+HeapDumpOnOutOfMemoryError -XX:HeapDumpPath=c:\Users\areda\AppData\Roaming\Code\User\workspaceStorage\94f0b2c071ba42e58c71592650ef5944\redhat.java -Daether.dependencyCollector.impl=bf 
java_command: c:\Users\areda\.vscode\extensions\redhat.java-1.35.1-win32-x64\server\plugins\org.eclipse.equinox.launcher_1.6.900.v20240613-2009.jar -configuration c:\Users\areda\AppData\Roaming\Code\User\globalStorage\redhat.java\1.35.1\config_win -data c:\Users\areda\AppData\Roaming\Code\User\workspaceStorage\94f0b2c071ba42e58c71592650ef5944\redhat.java\jdt_ws --pipe=\\.\pipe\lsp-3a3834619087e2180393ace365b9dd53-sock
java_class_path (initial): c:\Users\areda\.vscode\extensions\redhat.java-1.35.1-win32-x64\server\plugins\org.eclipse.equinox.launcher_1.6.900.v20240613-2009.jar
Launcher Type: SUN_STANDARD

[Global flags]
    uintx AdaptiveSizePolicyWeight                 = 90                                        {product} {command line}
     intx CICompilerCount                          = 4                                         {product} {ergonomic}
    uintx GCTimeRatio                              = 4                                         {product} {command line}
     bool HeapDumpOnOutOfMemoryError               = true                                   {manageable} {command line}
    ccstr HeapDumpPath                             = c:\Users\areda\AppData\Roaming\Code\User\workspaceStorage\94f0b2c071ba42e58c71592650ef5944\redhat.java         {manageable} {command line}
   size_t InitialHeapSize                          = 104857600                                 {product} {command line}
   size_t MaxHeapSize                              = 1073741824                                {product} {command line}
   size_t MaxNewSize                               = 357564416                                 {product} {ergonomic}
   size_t MinHeapDeltaBytes                        = 524288                                    {product} {ergonomic}
   size_t MinHeapSize                              = 104857600                                 {product} {command line}
   size_t NewSize                                  = 34603008                                  {product} {ergonomic}
    uintx NonNMethodCodeHeapSize                   = 5839372                                {pd product} {ergonomic}
    uintx NonProfiledCodeHeapSize                  = 122909434                              {pd product} {ergonomic}
   size_t OldSize                                  = 70254592                                  {product} {ergonomic}
    uintx ProfiledCodeHeapSize                     = 122909434                              {pd product} {ergonomic}
    uintx ReservedCodeCacheSize                    = 251658240                              {pd product} {ergonomic}
     bool SegmentedCodeCache                       = true                                      {product} {ergonomic}
   size_t SoftMaxHeapSize                          = 1073741824                             {manageable} {ergonomic}
     bool UseCompressedClassPointers               = true                           {product lp64_product} {ergonomic}
     bool UseCompressedOops                        = true                           {product lp64_product} {ergonomic}
     bool UseLargePagesIndividualAllocation        = false                                  {pd product} {ergonomic}
     bool UseParallelGC                            = true                                      {product} {command line}

Logging:
Log output configuration:
 #0: stdout all=off uptime,level,tags
 #1: stderr all=off uptime,level,tags

Environment Variables:
JAVA_HOME=C:\Program Files\BellSoft\LibericaJDK-21\
PATH=C:\Program Files\BellSoft\LibericaJDK-21\bin\;C:\Program Files (x86)\Common Files\Oracle\Java\java8path;C:\Program Files (x86)\Common Files\Oracle\Java\javapath;C:\Program Files (x86)\VMware\VMware Workstation\bin\;C:\oraclexe\app\oracle\product\11.2.0\server\bin;C:\windows\system32;C:\windows;C:\windows\System32\Wbem;C:\windows\System32\WindowsPowerShell\v1.0\;C:\windows\System32\OpenSSH\;C:\Program Files (x86)\NVIDIA Corporation\PhysX\Common;C:\Program Files\NVIDIA Corporation\NVIDIA NvDLISR;C:\Program Files\Java\jdk1.8.0_202\bin;C:\Users\areda\Downloads\apache-maven-3.9.8\bin;C:\Program Files\BellSoft\LibericaJDK-21\\bin;C:\Program Files\nodejs\;C:\Program Files\Git\cmd;C:\Program Files\GitHub CLI\;C:\Ruby33-x64\bin;C:\Users\areda\AppData\Local\Microsoft\WindowsApps;C:\Users\areda\AppData\Local\Programs\Microsoft VS Code\bin;C:\Users\areda\AppData\Roaming\npm;C:\Program Files\PostgreSQL\17\bin;
USERNAME=Areda
OS=Windows_NT
PROCESSOR_IDENTIFIER=Intel64 Family 6 Model 126 Stepping 5, GenuineIntel
TMP=C:\Users\areda\AppData\Local\Temp
TEMP=C:\Users\areda\AppData\Local\Temp



Periodic native trim disabled


---------------  S Y S T E M  ---------------

OS:
 Windows 10 , 64 bit Build 19041 (10.0.19041.292)
OS uptime: 0 days 1:59 hours
Hyper-V role detected

CPU: total 8 (initial active 8) (4 cores per cpu, 2 threads per core) family 6 model 126 stepping 5 microcode 0x96, cx8, cmov, fxsr, ht, mmx, 3dnowpref, sse, sse2, sse3, ssse3, sse4.1, sse4.2, popcnt, lzcnt, tsc, tscinvbit, avx, avx2, aes, erms, clmul, bmi1, bmi2, adx, avx512f, avx512dq, avx512cd, avx512bw, avx512vl, sha, fma, vzeroupper, avx512_vpopcntdq, avx512_vpclmulqdq, avx512_vaes, avx512_vnni, clflush, clflushopt, avx512_vbmi2, avx512_vbmi, hv
Processor Information for all 8 processors :
  Max Mhz: 1190, Current Mhz: 991, Mhz Limit: 987

Memory: 4k page, system-wide physical 7973M (776M free)
TotalPageFile size 10973M (AvailPageFile size 4M)
current process WorkingSet (physical memory assigned to process): 120M, peak: 120M
current process commit charge ("private bytes"): 222M, peak: 223M

vm_info: OpenJDK 64-Bit Server VM (17.0.12+7) for windows-amd64 JRE (17.0.12+7), built on Jul 16 2024 22:08:24 by "admin" with MS VC++ 16.10 / 16.11 (VS2019)

END.
