#
# There is insufficient memory for the Java Runtime Environment to continue.
# Native memory allocation (malloc) failed to allocate 1135056 bytes. Error detail: Chunk::new
# Possible reasons:
#   The system is out of physical RAM or swap space
#   This process is running with CompressedOops enabled, and the Java Heap may be blocking the growth of the native heap
# Possible solutions:
#   Reduce memory load on the system
#   Increase physical memory or swap space
#   Check if swap backing store is full
#   Decrease Java heap size (-Xmx/-Xms)
#   Decrease number of Java threads
#   Decrease Java thread stack sizes (-Xss)
#   Set larger code cache with -XX:ReservedCodeCacheSize=
#   JVM is running with Unscaled Compressed Oops mode in which the Java heap is
#     placed in the first 4GB address space. The Java Heap base address is the
#     maximum limit for the native heap growth. Please use -XX:HeapBaseMinAddress
#     to set the Java Heap base and to place the Java Heap above 4GB virtual address.
# This output file may be truncated or incomplete.
#
#  Out of Memory Error (arena.cpp:168), pid=11280, tid=14136
#
# JRE version: OpenJDK Runtime Environment (21.0.4+9) (build 21.0.4+9-LTS)
# Java VM: OpenJDK 64-Bit Server VM (21.0.4+9-LTS, mixed mode, sharing, tiered, compressed oops, compressed class ptrs, g1 gc, windows-amd64)
# No core dump will be written. Minidumps are not enabled by default on client versions of Windows
#

---------------  S U M M A R Y ------------

Command Line: -Dclassworlds.conf=C:\Users\areda\Downloads\apache-maven-3.9.8\bin\m2.conf -Dmaven.home=C:\Users\areda\Downloads\apache-maven-3.9.8 -Dlibrary.jansi.path=C:\Users\areda\Downloads\apache-maven-3.9.8\lib\jansi-native -Dmaven.multiModuleProjectDirectory=C:\Users\areda\Desktop\Vodafone\task_management org.codehaus.plexus.classworlds.launcher.Launcher spring-boot:run

Host: Intel(R) Core(TM) i5-1035G1 CPU @ 1.00GHz, 8 cores, 7G,  Windows 10 , 64 bit Build 19041 (10.0.19041.292)
Time: Wed Oct 16 18:23:25 2024 Egypt Standard Time elapsed time: 14.853730 seconds (0d 0h 0m 14s)

---------------  T H R E A D  ---------------

Current thread (0x000001da6f059730):  JavaThread "C2 CompilerThread0" daemon [_thread_in_native, id=14136, stack(0x0000007fbff00000,0x0000007fc0000000) (1024K)]


Current CompileTask:
C2:  14854 5126       4       java.lang.invoke.MethodType::makeImpl (109 bytes)

Stack: [0x0000007fbff00000,0x0000007fc0000000]
Native frames: (J=compiled Java code, j=interpreted, Vv=VM code, C=native code)
V  [jvm.dll+0x6d3289]
V  [jvm.dll+0x8adec1]
V  [jvm.dll+0x8b022e]
V  [jvm.dll+0x8b0913]
V  [jvm.dll+0x283506]
V  [jvm.dll+0xc584d]
V  [jvm.dll+0xc5d83]
V  [jvm.dll+0x2f6f9f]
V  [jvm.dll+0x5fbb06]
V  [jvm.dll+0x2549a2]
V  [jvm.dll+0x254d5f]
V  [jvm.dll+0x24d5e0]
V  [jvm.dll+0x24ad9c]
V  [jvm.dll+0x1ca284]
V  [jvm.dll+0x25a5b9]
V  [jvm.dll+0x258b6a]
V  [jvm.dll+0x3f5426]
V  [jvm.dll+0x856e08]
V  [jvm.dll+0x6d199d]
C  [ucrtbase.dll+0x214c2]
C  [KERNEL32.DLL+0x16fd4]
C  [ntdll.dll+0x4cec1]


---------------  P R O C E S S  ---------------

Threads class SMR info:
_java_thread_list=0x000001da741594e0, length=12, elements={
0x000001da5034d410, 0x000001da6f042480, 0x000001da6f043490, 0x000001da6f04bde0,
0x000001da6f04c930, 0x000001da6f04e490, 0x000001da6f04fb20, 0x000001da6f059730,
0x000001da6f05e6e0, 0x000001da6f2a01c0, 0x000001da6f2a09f0, 0x000001da74a46030
}

Java Threads: ( => current thread )
  0x000001da5034d410 JavaThread "main"                              [_thread_in_native, id=20836, stack(0x0000007fbf100000,0x0000007fbf200000) (1024K)]
  0x000001da6f042480 JavaThread "Reference Handler"          daemon [_thread_blocked, id=12412, stack(0x0000007fbf900000,0x0000007fbfa00000) (1024K)]
  0x000001da6f043490 JavaThread "Finalizer"                  daemon [_thread_blocked, id=24888, stack(0x0000007fbfa00000,0x0000007fbfb00000) (1024K)]
  0x000001da6f04bde0 JavaThread "Signal Dispatcher"          daemon [_thread_blocked, id=3580, stack(0x0000007fbfb00000,0x0000007fbfc00000) (1024K)]
  0x000001da6f04c930 JavaThread "Attach Listener"            daemon [_thread_blocked, id=7388, stack(0x0000007fbfc00000,0x0000007fbfd00000) (1024K)]
  0x000001da6f04e490 JavaThread "Service Thread"             daemon [_thread_blocked, id=24824, stack(0x0000007fbfd00000,0x0000007fbfe00000) (1024K)]
  0x000001da6f04fb20 JavaThread "Monitor Deflation Thread"   daemon [_thread_blocked, id=4140, stack(0x0000007fbfe00000,0x0000007fbff00000) (1024K)]
=>0x000001da6f059730 JavaThread "C2 CompilerThread0"         daemon [_thread_in_native, id=14136, stack(0x0000007fbff00000,0x0000007fc0000000) (1024K)]
  0x000001da6f05e6e0 JavaThread "C1 CompilerThread0"         daemon [_thread_blocked, id=20808, stack(0x0000007fc0000000,0x0000007fc0100000) (1024K)]
  0x000001da6f2a01c0 JavaThread "Notification Thread"        daemon [_thread_blocked, id=27836, stack(0x0000007fc0100000,0x0000007fc0200000) (1024K)]
  0x000001da6f2a09f0 JavaThread "Common-Cleaner"             daemon [_thread_blocked, id=13276, stack(0x0000007fc0200000,0x0000007fc0300000) (1024K)]
  0x000001da74a46030 JavaThread "Thread-1"                   daemon [_thread_blocked, id=23504, stack(0x0000007fc0c00000,0x0000007fc0d00000) (1024K)]
Total: 12

Other Threads:
  0x000001da6f020be0 VMThread "VM Thread"                           [id=25924, stack(0x0000007fbf800000,0x0000007fbf900000) (1024K)]
  0x000001da6f00b540 WatcherThread "VM Periodic Task Thread"        [id=23152, stack(0x0000007fbf700000,0x0000007fbf800000) (1024K)]
  0x000001da5056cb70 WorkerThread "GC Thread#0"                     [id=27356, stack(0x0000007fbf200000,0x0000007fbf300000) (1024K)]
  0x000001da6fa2bef0 WorkerThread "GC Thread#1"                     [id=12584, stack(0x0000007fc0500000,0x0000007fc0600000) (1024K)]
  0x000001da74105bc0 WorkerThread "GC Thread#2"                     [id=25816, stack(0x0000007fc0600000,0x0000007fc0700000) (1024K)]
  0x000001da74538330 WorkerThread "GC Thread#3"                     [id=14720, stack(0x0000007fc0700000,0x0000007fc0800000) (1024K)]
  0x000001da7485db50 WorkerThread "GC Thread#4"                     [id=13720, stack(0x0000007fc0800000,0x0000007fc0900000) (1024K)]
  0x000001da6f8247a0 WorkerThread "GC Thread#5"                     [id=14652, stack(0x0000007fc0900000,0x0000007fc0a00000) (1024K)]
  0x000001da6f824b40 WorkerThread "GC Thread#6"                     [id=15200, stack(0x0000007fc0a00000,0x0000007fc0b00000) (1024K)]
  0x000001da6f824ee0 WorkerThread "GC Thread#7"                     [id=3596, stack(0x0000007fc0b00000,0x0000007fc0c00000) (1024K)]
  0x000001da5057dde0 ConcurrentGCThread "G1 Main Marker"            [id=28000, stack(0x0000007fbf300000,0x0000007fbf400000) (1024K)]
  0x000001da5057e8e0 WorkerThread "G1 Conc#0"                       [id=22128, stack(0x0000007fbf400000,0x0000007fbf500000) (1024K)]
  0x000001da505ee460 ConcurrentGCThread "G1 Refine#0"               [id=2244, stack(0x0000007fbf500000,0x0000007fbf600000) (1024K)]
  0x000001da6eedd120 ConcurrentGCThread "G1 Service"                [id=17036, stack(0x0000007fbf600000,0x0000007fbf700000) (1024K)]
Total: 14

Threads with active compile tasks:
C2 CompilerThread0    14966 5126       4       java.lang.invoke.MethodType::makeImpl (109 bytes)
Total: 1

VM state: not at safepoint (normal execution)

VM Mutex/Monitor currently owned by a thread: None

Heap address: 0x0000000083600000, size: 1994 MB, Compressed Oops mode: 32-bit

CDS archive(s) mapped at: [0x000001da00000000-0x000001da00c90000-0x000001da00c90000), size 13172736, SharedBaseAddress: 0x000001da00000000, ArchiveRelocationMode: 1.
Compressed class space mapped at: 0x000001da01000000-0x000001da41000000, reserved size: 1073741824
Narrow klass base: 0x000001da00000000, Narrow klass shift: 0, Narrow klass range: 0x100000000

GC Precious Log:
 CardTable entry size: 512
 Card Set container configuration: InlinePtr #cards 5 size 8 Array Of Cards #cards 12 size 40 Howl #buckets 4 coarsen threshold 1843 Howl Bitmap #cards 512 size 80 coarsen threshold 460 Card regions per heap region 1 cards per card region 2048
 CPUs: 8 total, 8 available
 Memory: 7973M
 Large Page Support: Disabled
 NUMA Support: Disabled
 Compressed Oops: Enabled (32-bit)
 Heap Region Size: 1M
 Heap Min Capacity: 8M
 Heap Initial Capacity: 126M
 Heap Max Capacity: 1994M
 Pre-touch: Disabled
 Parallel Workers: 8
 Concurrent Workers: 2
 Concurrent Refinement Workers: 8
 Periodic GC: Disabled

Heap:
 garbage-first heap   total 129024K, used 33280K [0x0000000083600000, 0x0000000100000000)
  region size 1024K, 21 young (21504K), 5 survivors (5120K)
 Metaspace       used 19742K, committed 20096K, reserved 1114112K
  class space    used 2219K, committed 2368K, reserved 1048576K

Heap Regions: E=young(eden), S=young(survivor), O=old, HS=humongous(starts), HC=humongous(continues), CS=collection set, F=free, TAMS=top-at-mark-start, PB=parsable bottom
|   0|0x0000000083600000, 0x0000000083700000, 0x0000000083700000|100%| O|  |TAMS 0x0000000083600000| PB 0x0000000083600000| Untracked 
|   1|0x0000000083700000, 0x0000000083800000, 0x0000000083800000|100%| O|  |TAMS 0x0000000083700000| PB 0x0000000083700000| Untracked 
|   2|0x0000000083800000, 0x0000000083900000, 0x0000000083900000|100%| O|  |TAMS 0x0000000083800000| PB 0x0000000083800000| Untracked 
|   3|0x0000000083900000, 0x0000000083a00000, 0x0000000083a00000|100%| O|  |TAMS 0x0000000083900000| PB 0x0000000083900000| Untracked 
|   4|0x0000000083a00000, 0x0000000083b00000, 0x0000000083b00000|100%|HS|  |TAMS 0x0000000083a00000| PB 0x0000000083a00000| Complete 
|   5|0x0000000083b00000, 0x0000000083b00000, 0x0000000083c00000|  0%| F|  |TAMS 0x0000000083b00000| PB 0x0000000083b00000| Untracked 
|   6|0x0000000083c00000, 0x0000000083c00000, 0x0000000083d00000|  0%| F|  |TAMS 0x0000000083c00000| PB 0x0000000083c00000| Untracked 
|   7|0x0000000083d00000, 0x0000000083d00000, 0x0000000083e00000|  0%| F|  |TAMS 0x0000000083d00000| PB 0x0000000083d00000| Untracked 
|   8|0x0000000083e00000, 0x0000000083e00000, 0x0000000083f00000|  0%| F|  |TAMS 0x0000000083e00000| PB 0x0000000083e00000| Untracked 
|   9|0x0000000083f00000, 0x0000000083f00000, 0x0000000084000000|  0%| F|  |TAMS 0x0000000083f00000| PB 0x0000000083f00000| Untracked 
|  10|0x0000000084000000, 0x0000000084000000, 0x0000000084100000|  0%| F|  |TAMS 0x0000000084000000| PB 0x0000000084000000| Untracked 
|  11|0x0000000084100000, 0x0000000084100000, 0x0000000084200000|  0%| F|  |TAMS 0x0000000084100000| PB 0x0000000084100000| Untracked 
|  12|0x0000000084200000, 0x0000000084200000, 0x0000000084300000|  0%| F|  |TAMS 0x0000000084200000| PB 0x0000000084200000| Untracked 
|  13|0x0000000084300000, 0x0000000084300000, 0x0000000084400000|  0%| F|  |TAMS 0x0000000084300000| PB 0x0000000084300000| Untracked 
|  14|0x0000000084400000, 0x0000000084400000, 0x0000000084500000|  0%| F|  |TAMS 0x0000000084400000| PB 0x0000000084400000| Untracked 
|  15|0x0000000084500000, 0x0000000084500000, 0x0000000084600000|  0%| F|  |TAMS 0x0000000084500000| PB 0x0000000084500000| Untracked 
|  16|0x0000000084600000, 0x0000000084600000, 0x0000000084700000|  0%| F|  |TAMS 0x0000000084600000| PB 0x0000000084600000| Untracked 
|  17|0x0000000084700000, 0x0000000084700000, 0x0000000084800000|  0%| F|  |TAMS 0x0000000084700000| PB 0x0000000084700000| Untracked 
|  18|0x0000000084800000, 0x0000000084800000, 0x0000000084900000|  0%| F|  |TAMS 0x0000000084800000| PB 0x0000000084800000| Untracked 
|  19|0x0000000084900000, 0x0000000084900000, 0x0000000084a00000|  0%| F|  |TAMS 0x0000000084900000| PB 0x0000000084900000| Untracked 
|  20|0x0000000084a00000, 0x0000000084a00000, 0x0000000084b00000|  0%| F|  |TAMS 0x0000000084a00000| PB 0x0000000084a00000| Untracked 
|  21|0x0000000084b00000, 0x0000000084b00000, 0x0000000084c00000|  0%| F|  |TAMS 0x0000000084b00000| PB 0x0000000084b00000| Untracked 
|  22|0x0000000084c00000, 0x0000000084c00000, 0x0000000084d00000|  0%| F|  |TAMS 0x0000000084c00000| PB 0x0000000084c00000| Untracked 
|  23|0x0000000084d00000, 0x0000000084d00000, 0x0000000084e00000|  0%| F|  |TAMS 0x0000000084d00000| PB 0x0000000084d00000| Untracked 
|  24|0x0000000084e00000, 0x0000000084e00000, 0x0000000084f00000|  0%| F|  |TAMS 0x0000000084e00000| PB 0x0000000084e00000| Untracked 
|  25|0x0000000084f00000, 0x0000000084f00000, 0x0000000085000000|  0%| F|  |TAMS 0x0000000084f00000| PB 0x0000000084f00000| Untracked 
|  26|0x0000000085000000, 0x0000000085000000, 0x0000000085100000|  0%| F|  |TAMS 0x0000000085000000| PB 0x0000000085000000| Untracked 
|  27|0x0000000085100000, 0x0000000085100000, 0x0000000085200000|  0%| F|  |TAMS 0x0000000085100000| PB 0x0000000085100000| Untracked 
|  28|0x0000000085200000, 0x0000000085200000, 0x0000000085300000|  0%| F|  |TAMS 0x0000000085200000| PB 0x0000000085200000| Untracked 
|  29|0x0000000085300000, 0x0000000085300000, 0x0000000085400000|  0%| F|  |TAMS 0x0000000085300000| PB 0x0000000085300000| Untracked 
|  30|0x0000000085400000, 0x0000000085400000, 0x0000000085500000|  0%| F|  |TAMS 0x0000000085400000| PB 0x0000000085400000| Untracked 
|  31|0x0000000085500000, 0x0000000085500000, 0x0000000085600000|  0%| F|  |TAMS 0x0000000085500000| PB 0x0000000085500000| Untracked 
|  32|0x0000000085600000, 0x0000000085600000, 0x0000000085700000|  0%| F|  |TAMS 0x0000000085600000| PB 0x0000000085600000| Untracked 
|  33|0x0000000085700000, 0x0000000085700000, 0x0000000085800000|  0%| F|  |TAMS 0x0000000085700000| PB 0x0000000085700000| Untracked 
|  34|0x0000000085800000, 0x0000000085800000, 0x0000000085900000|  0%| F|  |TAMS 0x0000000085800000| PB 0x0000000085800000| Untracked 
|  35|0x0000000085900000, 0x0000000085900000, 0x0000000085a00000|  0%| F|  |TAMS 0x0000000085900000| PB 0x0000000085900000| Untracked 
|  36|0x0000000085a00000, 0x0000000085b00000, 0x0000000085b00000|100%| O|  |TAMS 0x0000000085a00000| PB 0x0000000085a00000| Untracked 
|  37|0x0000000085b00000, 0x0000000085c00000, 0x0000000085c00000|100%| O|  |TAMS 0x0000000085b00000| PB 0x0000000085b00000| Untracked 
|  38|0x0000000085c00000, 0x0000000085d00000, 0x0000000085d00000|100%| O|  |TAMS 0x0000000085c00000| PB 0x0000000085c00000| Untracked 
|  39|0x0000000085d00000, 0x0000000085e00000, 0x0000000085e00000|100%| O|  |TAMS 0x0000000085d00000| PB 0x0000000085d00000| Untracked 
|  40|0x0000000085e00000, 0x0000000085f00000, 0x0000000085f00000|100%| O|  |TAMS 0x0000000085e00000| PB 0x0000000085e00000| Untracked 
|  41|0x0000000085f00000, 0x0000000085f00000, 0x0000000086000000|  0%| F|  |TAMS 0x0000000085f00000| PB 0x0000000085f00000| Untracked 
|  42|0x0000000086000000, 0x0000000086000000, 0x0000000086100000|  0%| F|  |TAMS 0x0000000086000000| PB 0x0000000086000000| Untracked 
|  43|0x0000000086100000, 0x0000000086100000, 0x0000000086200000|  0%| F|  |TAMS 0x0000000086100000| PB 0x0000000086100000| Untracked 
|  44|0x0000000086200000, 0x0000000086200000, 0x0000000086300000|  0%| F|  |TAMS 0x0000000086200000| PB 0x0000000086200000| Untracked 
|  45|0x0000000086300000, 0x0000000086300000, 0x0000000086400000|  0%| F|  |TAMS 0x0000000086300000| PB 0x0000000086300000| Untracked 
|  46|0x0000000086400000, 0x0000000086400000, 0x0000000086500000|  0%| F|  |TAMS 0x0000000086400000| PB 0x0000000086400000| Untracked 
|  47|0x0000000086500000, 0x0000000086500000, 0x0000000086600000|  0%| F|  |TAMS 0x0000000086500000| PB 0x0000000086500000| Untracked 
|  48|0x0000000086600000, 0x0000000086600000, 0x0000000086700000|  0%| F|  |TAMS 0x0000000086600000| PB 0x0000000086600000| Untracked 
|  49|0x0000000086700000, 0x0000000086700000, 0x0000000086800000|  0%| F|  |TAMS 0x0000000086700000| PB 0x0000000086700000| Untracked 
|  50|0x0000000086800000, 0x0000000086800000, 0x0000000086900000|  0%| F|  |TAMS 0x0000000086800000| PB 0x0000000086800000| Untracked 
|  51|0x0000000086900000, 0x0000000086a00000, 0x0000000086a00000|100%| O|  |TAMS 0x0000000086900000| PB 0x0000000086900000| Untracked 
|  52|0x0000000086a00000, 0x0000000086b00000, 0x0000000086b00000|100%| O|  |TAMS 0x0000000086a00000| PB 0x0000000086a00000| Untracked 
|  53|0x0000000086b00000, 0x0000000086c00000, 0x0000000086c00000|100%| O|  |TAMS 0x0000000086b00000| PB 0x0000000086b00000| Untracked 
|  54|0x0000000086c00000, 0x0000000086d00000, 0x0000000086d00000|100%| O|  |TAMS 0x0000000086c00000| PB 0x0000000086c00000| Untracked 
|  55|0x0000000086d00000, 0x0000000086d00000, 0x0000000086e00000|  0%| F|  |TAMS 0x0000000086d00000| PB 0x0000000086d00000| Untracked 
|  56|0x0000000086e00000, 0x0000000086e80000, 0x0000000086f00000| 50%| S|CS|TAMS 0x0000000086e00000| PB 0x0000000086e00000| Complete 
|  57|0x0000000086f00000, 0x0000000087000000, 0x0000000087000000|100%| S|CS|TAMS 0x0000000086f00000| PB 0x0000000086f00000| Complete 
|  58|0x0000000087000000, 0x0000000087100000, 0x0000000087100000|100%| S|CS|TAMS 0x0000000087000000| PB 0x0000000087000000| Complete 
|  59|0x0000000087100000, 0x0000000087200000, 0x0000000087200000|100%| S|CS|TAMS 0x0000000087100000| PB 0x0000000087100000| Complete 
|  60|0x0000000087200000, 0x0000000087300000, 0x0000000087300000|100%| S|CS|TAMS 0x0000000087200000| PB 0x0000000087200000| Complete 
|  61|0x0000000087300000, 0x0000000087300000, 0x0000000087400000|  0%| F|  |TAMS 0x0000000087300000| PB 0x0000000087300000| Untracked 
|  62|0x0000000087400000, 0x0000000087400000, 0x0000000087500000|  0%| F|  |TAMS 0x0000000087400000| PB 0x0000000087400000| Untracked 
|  63|0x0000000087500000, 0x0000000087500000, 0x0000000087600000|  0%| F|  |TAMS 0x0000000087500000| PB 0x0000000087500000| Untracked 
|  64|0x0000000087600000, 0x0000000087600000, 0x0000000087700000|  0%| F|  |TAMS 0x0000000087600000| PB 0x0000000087600000| Untracked 
|  65|0x0000000087700000, 0x0000000087700000, 0x0000000087800000|  0%| F|  |TAMS 0x0000000087700000| PB 0x0000000087700000| Untracked 
|  66|0x0000000087800000, 0x0000000087800000, 0x0000000087900000|  0%| F|  |TAMS 0x0000000087800000| PB 0x0000000087800000| Untracked 
|  67|0x0000000087900000, 0x0000000087900000, 0x0000000087a00000|  0%| F|  |TAMS 0x0000000087900000| PB 0x0000000087900000| Untracked 
|  68|0x0000000087a00000, 0x0000000087a00000, 0x0000000087b00000|  0%| F|  |TAMS 0x0000000087a00000| PB 0x0000000087a00000| Untracked 
|  69|0x0000000087b00000, 0x0000000087b00000, 0x0000000087c00000|  0%| F|  |TAMS 0x0000000087b00000| PB 0x0000000087b00000| Untracked 
|  70|0x0000000087c00000, 0x0000000087c00000, 0x0000000087d00000|  0%| F|  |TAMS 0x0000000087c00000| PB 0x0000000087c00000| Untracked 
|  71|0x0000000087d00000, 0x0000000087d00000, 0x0000000087e00000|  0%| F|  |TAMS 0x0000000087d00000| PB 0x0000000087d00000| Untracked 
|  72|0x0000000087e00000, 0x0000000087e00000, 0x0000000087f00000|  0%| F|  |TAMS 0x0000000087e00000| PB 0x0000000087e00000| Untracked 
|  73|0x0000000087f00000, 0x0000000087f00000, 0x0000000088000000|  0%| F|  |TAMS 0x0000000087f00000| PB 0x0000000087f00000| Untracked 
|  74|0x0000000088000000, 0x0000000088000000, 0x0000000088100000|  0%| F|  |TAMS 0x0000000088000000| PB 0x0000000088000000| Untracked 
|  75|0x0000000088100000, 0x0000000088100000, 0x0000000088200000|  0%| F|  |TAMS 0x0000000088100000| PB 0x0000000088100000| Untracked 
|  76|0x0000000088200000, 0x0000000088200000, 0x0000000088300000|  0%| F|  |TAMS 0x0000000088200000| PB 0x0000000088200000| Untracked 
|  77|0x0000000088300000, 0x0000000088300000, 0x0000000088400000|  0%| F|  |TAMS 0x0000000088300000| PB 0x0000000088300000| Untracked 
|  78|0x0000000088400000, 0x0000000088400000, 0x0000000088500000|  0%| F|  |TAMS 0x0000000088400000| PB 0x0000000088400000| Untracked 
|  79|0x0000000088500000, 0x0000000088500000, 0x0000000088600000|  0%| F|  |TAMS 0x0000000088500000| PB 0x0000000088500000| Untracked 
|  80|0x0000000088600000, 0x0000000088600000, 0x0000000088700000|  0%| F|  |TAMS 0x0000000088600000| PB 0x0000000088600000| Untracked 
|  81|0x0000000088700000, 0x0000000088700000, 0x0000000088800000|  0%| F|  |TAMS 0x0000000088700000| PB 0x0000000088700000| Untracked 
|  82|0x0000000088800000, 0x0000000088800000, 0x0000000088900000|  0%| F|  |TAMS 0x0000000088800000| PB 0x0000000088800000| Untracked 
|  83|0x0000000088900000, 0x0000000088900000, 0x0000000088a00000|  0%| F|  |TAMS 0x0000000088900000| PB 0x0000000088900000| Untracked 
|  84|0x0000000088a00000, 0x0000000088a00000, 0x0000000088b00000|  0%| F|  |TAMS 0x0000000088a00000| PB 0x0000000088a00000| Untracked 
|  85|0x0000000088b00000, 0x0000000088b00000, 0x0000000088c00000|  0%| F|  |TAMS 0x0000000088b00000| PB 0x0000000088b00000| Untracked 
|  86|0x0000000088c00000, 0x0000000088c00000, 0x0000000088d00000|  0%| F|  |TAMS 0x0000000088c00000| PB 0x0000000088c00000| Untracked 
|  87|0x0000000088d00000, 0x0000000088d00000, 0x0000000088e00000|  0%| F|  |TAMS 0x0000000088d00000| PB 0x0000000088d00000| Untracked 
|  88|0x0000000088e00000, 0x0000000088e00000, 0x0000000088f00000|  0%| F|  |TAMS 0x0000000088e00000| PB 0x0000000088e00000| Untracked 
|  89|0x0000000088f00000, 0x0000000088f00000, 0x0000000089000000|  0%| F|  |TAMS 0x0000000088f00000| PB 0x0000000088f00000| Untracked 
|  90|0x0000000089000000, 0x0000000089000000, 0x0000000089100000|  0%| F|  |TAMS 0x0000000089000000| PB 0x0000000089000000| Untracked 
|  91|0x0000000089100000, 0x0000000089100000, 0x0000000089200000|  0%| F|  |TAMS 0x0000000089100000| PB 0x0000000089100000| Untracked 
|  92|0x0000000089200000, 0x0000000089200000, 0x0000000089300000|  0%| F|  |TAMS 0x0000000089200000| PB 0x0000000089200000| Untracked 
|  93|0x0000000089300000, 0x0000000089300000, 0x0000000089400000|  0%| F|  |TAMS 0x0000000089300000| PB 0x0000000089300000| Untracked 
|  94|0x0000000089400000, 0x0000000089400000, 0x0000000089500000|  0%| F|  |TAMS 0x0000000089400000| PB 0x0000000089400000| Untracked 
|  95|0x0000000089500000, 0x0000000089500000, 0x0000000089600000|  0%| F|  |TAMS 0x0000000089500000| PB 0x0000000089500000| Untracked 
|  96|0x0000000089600000, 0x0000000089600000, 0x0000000089700000|  0%| F|  |TAMS 0x0000000089600000| PB 0x0000000089600000| Untracked 
|  97|0x0000000089700000, 0x0000000089700000, 0x0000000089800000|  0%| F|  |TAMS 0x0000000089700000| PB 0x0000000089700000| Untracked 
|  98|0x0000000089800000, 0x0000000089800000, 0x0000000089900000|  0%| F|  |TAMS 0x0000000089800000| PB 0x0000000089800000| Untracked 
|  99|0x0000000089900000, 0x0000000089900000, 0x0000000089a00000|  0%| F|  |TAMS 0x0000000089900000| PB 0x0000000089900000| Untracked 
| 100|0x0000000089a00000, 0x0000000089a00000, 0x0000000089b00000|  0%| F|  |TAMS 0x0000000089a00000| PB 0x0000000089a00000| Untracked 
| 101|0x0000000089b00000, 0x0000000089b00000, 0x0000000089c00000|  0%| F|  |TAMS 0x0000000089b00000| PB 0x0000000089b00000| Untracked 
| 102|0x0000000089c00000, 0x0000000089c00000, 0x0000000089d00000|  0%| F|  |TAMS 0x0000000089c00000| PB 0x0000000089c00000| Untracked 
| 103|0x0000000089d00000, 0x0000000089d00000, 0x0000000089e00000|  0%| F|  |TAMS 0x0000000089d00000| PB 0x0000000089d00000| Untracked 
| 104|0x0000000089e00000, 0x0000000089e00000, 0x0000000089f00000|  0%| F|  |TAMS 0x0000000089e00000| PB 0x0000000089e00000| Untracked 
| 105|0x0000000089f00000, 0x0000000089f00000, 0x000000008a000000|  0%| F|  |TAMS 0x0000000089f00000| PB 0x0000000089f00000| Untracked 
| 106|0x000000008a000000, 0x000000008a000000, 0x000000008a100000|  0%| F|  |TAMS 0x000000008a000000| PB 0x000000008a000000| Untracked 
| 107|0x000000008a100000, 0x000000008a100000, 0x000000008a200000|  0%| F|  |TAMS 0x000000008a100000| PB 0x000000008a100000| Untracked 
| 108|0x000000008a200000, 0x000000008a200000, 0x000000008a300000|  0%| F|  |TAMS 0x000000008a200000| PB 0x000000008a200000| Untracked 
| 109|0x000000008a300000, 0x000000008a300000, 0x000000008a400000|  0%| F|  |TAMS 0x000000008a300000| PB 0x000000008a300000| Untracked 
| 110|0x000000008a400000, 0x000000008a500000, 0x000000008a500000|100%| E|  |TAMS 0x000000008a400000| PB 0x000000008a400000| Complete 
| 111|0x000000008a500000, 0x000000008a600000, 0x000000008a600000|100%| E|CS|TAMS 0x000000008a500000| PB 0x000000008a500000| Complete 
| 112|0x000000008a600000, 0x000000008a700000, 0x000000008a700000|100%| E|CS|TAMS 0x000000008a600000| PB 0x000000008a600000| Complete 
| 113|0x000000008a700000, 0x000000008a800000, 0x000000008a800000|100%| E|CS|TAMS 0x000000008a700000| PB 0x000000008a700000| Complete 
| 114|0x000000008a800000, 0x000000008a900000, 0x000000008a900000|100%| E|CS|TAMS 0x000000008a800000| PB 0x000000008a800000| Complete 
| 115|0x000000008a900000, 0x000000008aa00000, 0x000000008aa00000|100%| E|CS|TAMS 0x000000008a900000| PB 0x000000008a900000| Complete 
| 116|0x000000008aa00000, 0x000000008ab00000, 0x000000008ab00000|100%| E|CS|TAMS 0x000000008aa00000| PB 0x000000008aa00000| Complete 
| 117|0x000000008ab00000, 0x000000008ac00000, 0x000000008ac00000|100%| E|CS|TAMS 0x000000008ab00000| PB 0x000000008ab00000| Complete 
| 118|0x000000008ac00000, 0x000000008ad00000, 0x000000008ad00000|100%| E|CS|TAMS 0x000000008ac00000| PB 0x000000008ac00000| Complete 
| 119|0x000000008ad00000, 0x000000008ae00000, 0x000000008ae00000|100%| E|CS|TAMS 0x000000008ad00000| PB 0x000000008ad00000| Complete 
| 120|0x000000008ae00000, 0x000000008af00000, 0x000000008af00000|100%| E|CS|TAMS 0x000000008ae00000| PB 0x000000008ae00000| Complete 
| 121|0x000000008af00000, 0x000000008b000000, 0x000000008b000000|100%| E|CS|TAMS 0x000000008af00000| PB 0x000000008af00000| Complete 
| 122|0x000000008b000000, 0x000000008b100000, 0x000000008b100000|100%| E|CS|TAMS 0x000000008b000000| PB 0x000000008b000000| Complete 
| 123|0x000000008b100000, 0x000000008b200000, 0x000000008b200000|100%| E|CS|TAMS 0x000000008b100000| PB 0x000000008b100000| Complete 
| 124|0x000000008b200000, 0x000000008b300000, 0x000000008b300000|100%| E|CS|TAMS 0x000000008b200000| PB 0x000000008b200000| Complete 
| 125|0x000000008b300000, 0x000000008b400000, 0x000000008b400000|100%| E|  |TAMS 0x000000008b300000| PB 0x000000008b300000| Complete 

Card table byte_map: [0x000001da6a280000,0x000001da6a670000] _byte_map_base: 0x000001da69e65000

Marking Bits: (CMBitMap*) 0x000001da5056d270
 Bits: [0x000001da6a670000, 0x000001da6c598000)

Polling page: 0x000001da505f0000

Metaspace:

Usage:
  Non-class:     17.11 MB used.
      Class:      2.17 MB used.
       Both:     19.28 MB used.

Virtual space:
  Non-class space:       64.00 MB reserved,      17.31 MB ( 27%) committed,  1 nodes.
      Class space:        1.00 GB reserved,       2.31 MB ( <1%) committed,  1 nodes.
             Both:        1.06 GB reserved,      19.62 MB (  2%) committed. 

Chunk freelists:
   Non-Class:  14.25 MB
       Class:  13.63 MB
        Both:  27.87 MB

MaxMetaspaceSize: unlimited
CompressedClassSpaceSize: 1.00 GB
Initial GC threshold: 21.00 MB
Current GC threshold: 21.00 MB
CDS: on
 - commit_granule_bytes: 65536.
 - commit_granule_words: 8192.
 - virtual_space_node_default_size: 8388608.
 - enlarge_chunks_in_place: 1.
 - use_allocation_guard: 0.


Internal statistics:

num_allocs_failed_limit: 0.
num_arena_births: 220.
num_arena_deaths: 0.
num_vsnodes_births: 2.
num_vsnodes_deaths: 0.
num_space_committed: 314.
num_space_uncommitted: 0.
num_chunks_returned_to_freelist: 0.
num_chunks_taken_from_freelist: 875.
num_chunk_merges: 0.
num_chunk_splits: 622.
num_chunks_enlarged: 507.
num_inconsistent_stats: 0.

CodeHeap 'non-profiled nmethods': size=120000Kb used=2736Kb max_used=2736Kb free=117264Kb
 bounds [0x000001da61ee0000, 0x000001da62190000, 0x000001da69410000]
CodeHeap 'profiled nmethods': size=120000Kb used=10913Kb max_used=10913Kb free=109086Kb
 bounds [0x000001da5a410000, 0x000001da5aec0000, 0x000001da61940000]
CodeHeap 'non-nmethods': size=5760Kb used=1580Kb max_used=1604Kb free=4179Kb
 bounds [0x000001da61940000, 0x000001da61bb0000, 0x000001da61ee0000]
 total_blobs=5673 nmethods=5154 adapters=423
 compilation: enabled
              stopped_count=0, restarted_count=0
 full_count=0

Compilation events (20 events):
Event: 14.569 Thread 0x000001da6f05e6e0 5144       3       java.util.ImmutableCollections$ListN::get (7 bytes)
Event: 14.569 Thread 0x000001da6f05e6e0 nmethod 5144 0x000001da5aeb4210 code [0x000001da5aeb43a0, 0x000001da5aeb44d8]
Event: 14.569 Thread 0x000001da6f05e6e0 5145       3       java.lang.invoke.InvokerBytecodeGenerator::isStaticallyNameable (148 bytes)
Event: 14.570 Thread 0x000001da6f05e6e0 nmethod 5145 0x000001da5aeb4590 code [0x000001da5aeb4840, 0x000001da5aeb5330]
Event: 14.570 Thread 0x000001da6f05e6e0 5146       3       jdk.internal.org.objectweb.asm.FieldVisitor::<init> (78 bytes)
Event: 14.570 Thread 0x000001da6f05e6e0 nmethod 5146 0x000001da5aeb5610 code [0x000001da5aeb5840, 0x000001da5aeb5ff8]
Event: 14.571 Thread 0x000001da6f05e6e0 5147       3       java.lang.invoke.InfoFromMemberName::getModifiers (8 bytes)
Event: 14.572 Thread 0x000001da6f05e6e0 nmethod 5147 0x000001da5aeb6290 code [0x000001da5aeb6420, 0x000001da5aeb6598]
Event: 14.574 Thread 0x000001da6f05e6e0 5148       3       java.lang.ProcessEnvironment$CheckedEntrySet$1::hasNext (10 bytes)
Event: 14.574 Thread 0x000001da6f05e6e0 nmethod 5148 0x000001da5aeb6690 code [0x000001da5aeb6840, 0x000001da5aeb6a18]
Event: 14.575 Thread 0x000001da6f05e6e0 5150       3       java.lang.ProcessEnvironment$CheckedEntry::getKey (5 bytes)
Event: 14.576 Thread 0x000001da6f05e6e0 nmethod 5150 0x000001da5aeb6b10 code [0x000001da5aeb6cc0, 0x000001da5aeb6fe8]
Event: 14.576 Thread 0x000001da6f05e6e0 5151       3       java.lang.ProcessEnvironment$CheckedEntry::getKey (13 bytes)
Event: 14.576 Thread 0x000001da6f05e6e0 nmethod 5151 0x000001da5aeb7110 code [0x000001da5aeb72c0, 0x000001da5aeb7588]
Event: 14.576 Thread 0x000001da6f05e6e0 5149       3       java.lang.ProcessEnvironment$CheckedEntrySet$1::next (5 bytes)
Event: 14.576 Thread 0x000001da6f05e6e0 nmethod 5149 0x000001da5aeb7690 code [0x000001da5aeb7860, 0x000001da5aeb7d30]
Event: 14.576 Thread 0x000001da6f05e6e0 5152       3       java.lang.ProcessEnvironment$CheckedEntry::getValue (5 bytes)
Event: 14.576 Thread 0x000001da6f05e6e0 nmethod 5152 0x000001da5aeb7e90 code [0x000001da5aeb8040, 0x000001da5aeb8378]
Event: 14.605 Thread 0x000001da6f05e6e0 5156       3       jdk.internal.org.objectweb.asm.FieldWriter::visitEnd (1 bytes)
Event: 14.605 Thread 0x000001da6f05e6e0 nmethod 5156 0x000001da5aeb8490 code [0x000001da5aeb8620, 0x000001da5aeb8728]

GC Heap History (8 events):
Event: 2.863 GC heap before
{Heap before GC invocations=0 (full 0):
 garbage-first heap   total 129024K, used 23552K [0x0000000083600000, 0x0000000100000000)
  region size 1024K, 23 young (23552K), 0 survivors (0K)
 Metaspace       used 5681K, committed 5888K, reserved 1114112K
  class space    used 668K, committed 768K, reserved 1048576K
}
Event: 2.869 GC heap after
{Heap after GC invocations=1 (full 0):
 garbage-first heap   total 129024K, used 3747K [0x0000000083600000, 0x0000000100000000)
  region size 1024K, 3 young (3072K), 3 survivors (3072K)
 Metaspace       used 5681K, committed 5888K, reserved 1114112K
  class space    used 668K, committed 768K, reserved 1048576K
}
Event: 3.715 GC heap before
{Heap before GC invocations=1 (full 0):
 garbage-first heap   total 129024K, used 35491K [0x0000000083600000, 0x0000000100000000)
  region size 1024K, 34 young (34816K), 3 survivors (3072K)
 Metaspace       used 10345K, committed 10496K, reserved 1114112K
  class space    used 1239K, committed 1344K, reserved 1048576K
}
Event: 3.721 GC heap after
{Heap after GC invocations=2 (full 0):
 garbage-first heap   total 129024K, used 5873K [0x0000000083600000, 0x0000000100000000)
  region size 1024K, 2 young (2048K), 2 survivors (2048K)
 Metaspace       used 10345K, committed 10496K, reserved 1114112K
  class space    used 1239K, committed 1344K, reserved 1048576K
}
Event: 7.582 GC heap before
{Heap before GC invocations=2 (full 0):
 garbage-first heap   total 129024K, used 80625K [0x0000000083600000, 0x0000000100000000)
  region size 1024K, 75 young (76800K), 2 survivors (2048K)
 Metaspace       used 16069K, committed 16320K, reserved 1114112K
  class space    used 1875K, committed 1984K, reserved 1048576K
}
Event: 7.595 GC heap after
{Heap after GC invocations=3 (full 0):
 garbage-first heap   total 129024K, used 14217K [0x0000000083600000, 0x0000000100000000)
  region size 1024K, 10 young (10240K), 10 survivors (10240K)
 Metaspace       used 16069K, committed 16320K, reserved 1114112K
  class space    used 1875K, committed 1984K, reserved 1048576K
}
Event: 11.180 GC heap before
{Heap before GC invocations=3 (full 0):
 garbage-first heap   total 129024K, used 113545K [0x0000000083600000, 0x0000000100000000)
  region size 1024K, 75 young (76800K), 10 survivors (10240K)
 Metaspace       used 18726K, committed 19008K, reserved 1114112K
  class space    used 2109K, committed 2240K, reserved 1048576K
}
Event: 11.195 GC heap after
{Heap after GC invocations=4 (full 0):
 garbage-first heap   total 129024K, used 17920K [0x0000000083600000, 0x0000000100000000)
  region size 1024K, 5 young (5120K), 5 survivors (5120K)
 Metaspace       used 18726K, committed 19008K, reserved 1114112K
  class space    used 2109K, committed 2240K, reserved 1048576K
}

Dll operation events (8 events):
Event: 0.133 Loaded shared library C:\Program Files\BellSoft\LibericaJDK-21\bin\java.dll
Event: 0.566 Loaded shared library C:\Program Files\BellSoft\LibericaJDK-21\bin\jsvml.dll
Event: 0.603 Loaded shared library C:\Program Files\BellSoft\LibericaJDK-21\bin\net.dll
Event: 0.641 Loaded shared library C:\Program Files\BellSoft\LibericaJDK-21\bin\nio.dll
Event: 0.676 Loaded shared library C:\Program Files\BellSoft\LibericaJDK-21\bin\zip.dll
Event: 2.032 Loaded shared library C:\Program Files\BellSoft\LibericaJDK-21\bin\jimage.dll
Event: 2.047 Loaded shared library C:\Users\areda\Downloads\apache-maven-3.9.8\lib\jansi-native\Windows\x86_64\jansi.dll
Event: 2.080 Loaded shared library C:\Program Files\BellSoft\LibericaJDK-21\bin\verify.dll

Deoptimization events (20 events):
Event: 14.418 Thread 0x000001da5034d410 Uncommon trap: trap_request=0xffffff45 fr.pc=0x000001da62138834 relative=0x00000000000004f4
Event: 14.418 Thread 0x000001da5034d410 Uncommon trap: reason=unstable_if action=reinterpret pc=0x000001da62138834 method=sun.nio.fs.WindowsPathParser.nextNonSlash(Ljava/lang/String;II)I @ 2 c2
Event: 14.418 Thread 0x000001da5034d410 DEOPT PACKING pc=0x000001da62138834 sp=0x0000007fbf1fd1f0
Event: 14.418 Thread 0x000001da5034d410 DEOPT UNPACKING pc=0x000001da61997da2 sp=0x0000007fbf1fd160 mode 2
Event: 14.574 Thread 0x000001da5034d410 Uncommon trap: trap_request=0xffffffbe fr.pc=0x000001da61fe2b6c relative=0x00000000000011cc
Event: 14.574 Thread 0x000001da5034d410 Uncommon trap: reason=profile_predicate action=maybe_recompile pc=0x000001da61fe2b6c method=java.util.TimSort.binarySort([Ljava/lang/Object;IIILjava/util/Comparator;)V @ 34 c2
Event: 14.574 Thread 0x000001da5034d410 DEOPT PACKING pc=0x000001da61fe2b6c sp=0x0000007fbf1fdcf0
Event: 14.574 Thread 0x000001da5034d410 DEOPT UNPACKING pc=0x000001da61997da2 sp=0x0000007fbf1fdcc0 mode 2
Event: 14.574 Thread 0x000001da5034d410 Uncommon trap: trap_request=0xffffffbe fr.pc=0x000001da61fe2b6c relative=0x00000000000011cc
Event: 14.574 Thread 0x000001da5034d410 Uncommon trap: reason=profile_predicate action=maybe_recompile pc=0x000001da61fe2b6c method=java.util.TimSort.binarySort([Ljava/lang/Object;IIILjava/util/Comparator;)V @ 34 c2
Event: 14.574 Thread 0x000001da5034d410 DEOPT PACKING pc=0x000001da61fe2b6c sp=0x0000007fbf1fdcf0
Event: 14.574 Thread 0x000001da5034d410 DEOPT UNPACKING pc=0x000001da61997da2 sp=0x0000007fbf1fdcc0 mode 2
Event: 14.575 Thread 0x000001da5034d410 Uncommon trap: trap_request=0xffffffbe fr.pc=0x000001da61fe2b6c relative=0x00000000000011cc
Event: 14.575 Thread 0x000001da5034d410 Uncommon trap: reason=profile_predicate action=maybe_recompile pc=0x000001da61fe2b6c method=java.util.TimSort.binarySort([Ljava/lang/Object;IIILjava/util/Comparator;)V @ 34 c2
Event: 14.575 Thread 0x000001da5034d410 DEOPT PACKING pc=0x000001da61fe2b6c sp=0x0000007fbf1fdcf0
Event: 14.575 Thread 0x000001da5034d410 DEOPT UNPACKING pc=0x000001da61997da2 sp=0x0000007fbf1fdcc0 mode 2
Event: 14.575 Thread 0x000001da5034d410 Uncommon trap: trap_request=0xffffffbe fr.pc=0x000001da61fe2b6c relative=0x00000000000011cc
Event: 14.575 Thread 0x000001da5034d410 Uncommon trap: reason=profile_predicate action=maybe_recompile pc=0x000001da61fe2b6c method=java.util.TimSort.binarySort([Ljava/lang/Object;IIILjava/util/Comparator;)V @ 34 c2
Event: 14.575 Thread 0x000001da5034d410 DEOPT PACKING pc=0x000001da61fe2b6c sp=0x0000007fbf1fdcf0
Event: 14.575 Thread 0x000001da5034d410 DEOPT UNPACKING pc=0x000001da61997da2 sp=0x0000007fbf1fdcc0 mode 2

Classes loaded (20 events):
Event: 14.602 Loading class jdk/internal/logger/LazyLoggers$LazyLoggerFactories
Event: 14.602 Loading class jdk/internal/logger/LazyLoggers$LazyLoggerFactories done
Event: 14.602 Loading class jdk/internal/logger/LoggerFinderLoader
Event: 14.602 Loading class jdk/internal/logger/LoggerFinderLoader done
Event: 14.603 Loading class jdk/internal/logger/LoggerFinderLoader$TemporaryLoggerFinder
Event: 14.603 Loading class jdk/internal/logger/LoggerFinderLoader$TemporaryLoggerFinder done
Event: 14.603 Loading class sun/util/logging/internal/LoggingProviderImpl$JULWrapper
Event: 14.603 Loading class sun/util/logging/PlatformLogger$ConfigurableBridge$LoggerConfiguration
Event: 14.603 Loading class sun/util/logging/PlatformLogger$ConfigurableBridge$LoggerConfiguration done
Event: 14.603 Loading class sun/util/logging/internal/LoggingProviderImpl$JULWrapper done
Event: 14.604 Loading class java/lang/System$Logger$Level
Event: 14.604 Loading class java/lang/System$Logger$Level done
Event: 14.605 Loading class sun/misc/Signal
Event: 14.605 Loading class sun/misc/Signal done
Event: 14.605 Loading class sun/misc/SignalHandler
Event: 14.605 Loading class sun/misc/SignalHandler done
Event: 14.605 Loading class sun/misc/Signal$InternalMiscHandler
Event: 14.605 Loading class sun/misc/Signal$InternalMiscHandler done
Event: 14.605 Loading class sun/misc/Signal$SunMiscHandler
Event: 14.605 Loading class sun/misc/Signal$SunMiscHandler done

Classes unloaded (0 events):
No events

Classes redefined (0 events):
No events

Internal exceptions (20 events):
Event: 4.414 Thread 0x000001da5034d410 Implicit null exception at 0x000001da61f17f24 to 0x000001da61f185f4
Event: 4.414 Thread 0x000001da5034d410 Implicit null exception at 0x000001da61f18ca0 to 0x000001da61f19360
Event: 4.505 Thread 0x000001da5034d410 Exception <a 'java/lang/NoSuchMethodError'{0x000000008a058ef8}: 'void java.lang.invoke.DirectMethodHandle$Holder.invokeSpecial(java.lang.Object, java.lang.Object, java.lang.Object, java.lang.Object, java.lang.Object)'> (0x000000008a058ef8) 
thrown [s\src\hotspot\share\interpreter\linkResolver.cpp, line 773]
Event: 4.510 Thread 0x000001da5034d410 Exception <a 'java/lang/NoSuchMethodError'{0x000000008a06f508}: 'void java.lang.invoke.DirectMethodHandle$Holder.invokeSpecial(java.lang.Object, java.lang.Object, java.lang.Object, java.lang.Object, java.lang.Object, java.lang.Object)'> (0x000000008a06f508) 
thrown [s\src\hotspot\share\interpreter\linkResolver.cpp, line 773]
Event: 4.562 Thread 0x000001da5034d410 Exception <a 'java/lang/NoSuchMethodError'{0x0000000089f6ad40}: 'java.lang.Object java.lang.invoke.DirectMethodHandle$Holder.invokeVirtual(java.lang.Object, java.lang.Object, java.lang.Object)'> (0x0000000089f6ad40) 
thrown [s\src\hotspot\share\interpreter\linkResolver.cpp, line 773]
Event: 4.633 Thread 0x000001da5034d410 Exception <a 'java/lang/NoSuchMethodError'{0x0000000089d38500}: 'void java.lang.invoke.DirectMethodHandle$Holder.invokeVirtual(java.lang.Object, java.lang.Object, int)'> (0x0000000089d38500) 
thrown [s\src\hotspot\share\interpreter\linkResolver.cpp, line 773]
Event: 4.633 Thread 0x000001da5034d410 Exception <a 'java/lang/NoSuchMethodError'{0x0000000089d3f5a0}: 'void java.lang.invoke.DelegatingMethodHandle$Holder.reinvoke_L(java.lang.Object, java.lang.Object, int)'> (0x0000000089d3f5a0) 
thrown [s\src\hotspot\share\interpreter\linkResolver.cpp, line 773]
Event: 5.782 Thread 0x000001da5034d410 Implicit null exception at 0x000001da620357cc to 0x000001da62036b10
Event: 5.782 Thread 0x000001da5034d410 Implicit null exception at 0x000001da61fa1a98 to 0x000001da61fa1c74
Event: 5.782 Thread 0x000001da5034d410 Implicit null exception at 0x000001da61ffa40d to 0x000001da61ffac68
Event: 8.311 Thread 0x000001da5034d410 Implicit null exception at 0x000001da61f860bd to 0x000001da61f86141
Event: 8.483 Thread 0x000001da5034d410 Exception <a 'java/lang/NoSuchMethodError'{0x000000008a0dc8e0}: 'java.lang.Object java.lang.invoke.DirectMethodHandle$Holder.newInvokeSpecial(java.lang.Object, java.lang.Object, java.lang.Object, java.lang.Object, java.lang.Object, java.lang.Object, java.lang.Object)'> (0x000000008a0dc8e0) 
thrown [s\src\hotspot\share\interpreter\linkResolver.cpp, line 773]
Event: 8.958 Thread 0x000001da5034d410 Implicit null exception at 0x000001da620ea0d7 to 0x000001da620ea8c0
Event: 8.967 Thread 0x000001da5034d410 Exception <a 'java/lang/NoSuchMethodError'{0x00000000896c2bf0}: 'int java.lang.invoke.DirectMethodHandle$Holder.invokeVirtual(java.lang.Object, java.lang.Object)'> (0x00000000896c2bf0) 
thrown [s\src\hotspot\share\interpreter\linkResolver.cpp, line 773]
Event: 9.006 Thread 0x000001da5034d410 Exception <a 'java/lang/NoSuchMethodError'{0x00000000895e4510}: 'void java.lang.invoke.Invokers$Holder.invokeExact_MT(java.lang.Object, java.lang.Object, int, java.lang.Object)'> (0x00000000895e4510) 
thrown [s\src\hotspot\share\interpreter\linkResolver.cpp, line 773]
Event: 14.530 Thread 0x000001da5034d410 Exception <a 'java/lang/NoSuchMethodError'{0x000000008a42d458}: 'java.lang.Object java.lang.invoke.DirectMethodHandle$Holder.invokeStaticInit(java.lang.Object, java.lang.Object, int, int, int, int)'> (0x000000008a42d458) 
thrown [s\src\hotspot\share\interpreter\linkResolver.cpp, line 773]
Event: 14.596 Thread 0x000001da5034d410 Exception <a 'java/lang/NoSuchMethodError'{0x000000008a46ee40}: 'void java.lang.invoke.DirectMethodHandle$Holder.invokeStatic(java.lang.Object, long)'> (0x000000008a46ee40) 
thrown [s\src\hotspot\share\interpreter\linkResolver.cpp, line 773]
Event: 14.596 Thread 0x000001da5034d410 Exception <a 'java/lang/NoSuchMethodError'{0x000000008a473ca8}: 'java.lang.Object java.lang.invoke.DirectMethodHandle$Holder.newInvokeSpecial(java.lang.Object, long)'> (0x000000008a473ca8) 
thrown [s\src\hotspot\share\interpreter\linkResolver.cpp, line 773]
Event: 14.598 Thread 0x000001da5034d410 Exception <a 'java/lang/NoSuchMethodError'{0x000000008a47a878}: 'java.lang.Object java.lang.invoke.DirectMethodHandle$Holder.invokeStatic(java.lang.Object, long, java.lang.Object)'> (0x000000008a47a878) 
thrown [s\src\hotspot\share\interpreter\linkResolver.cpp, line 773]
Event: 14.599 Thread 0x000001da5034d410 Exception <a 'java/lang/NoSuchMethodError'{0x000000008a47df00}: 'java.lang.Object java.lang.invoke.DirectMethodHandle$Holder.invokeStaticInit(java.lang.Object, long, java.lang.Object)'> (0x000000008a47df00) 
thrown [s\src\hotspot\share\interpreter\linkResolver.cpp, line 773]

ZGC Phase Switch (0 events):
No events

VM Operations (20 events):
Event: 7.582 Executing VM operation: G1CollectForAllocation (G1 Evacuation Pause)
Event: 7.595 Executing VM operation: G1CollectForAllocation (G1 Evacuation Pause) done
Event: 8.596 Executing VM operation: Cleanup
Event: 8.596 Executing VM operation: Cleanup done
Event: 9.351 Executing VM operation: ICBufferFull
Event: 9.351 Executing VM operation: ICBufferFull done
Event: 9.607 Executing VM operation: HandshakeAllThreads (Deoptimize)
Event: 9.607 Executing VM operation: HandshakeAllThreads (Deoptimize) done
Event: 10.610 Executing VM operation: Cleanup
Event: 10.611 Executing VM operation: Cleanup done
Event: 11.180 Executing VM operation: G1CollectForAllocation (G1 Evacuation Pause)
Event: 11.195 Executing VM operation: G1CollectForAllocation (G1 Evacuation Pause) done
Event: 12.202 Executing VM operation: Cleanup
Event: 12.202 Executing VM operation: Cleanup done
Event: 13.215 Executing VM operation: Cleanup
Event: 13.215 Executing VM operation: Cleanup done
Event: 14.515 Executing VM operation: HandshakeAllThreads (Deoptimize)
Event: 14.515 Executing VM operation: HandshakeAllThreads (Deoptimize) done
Event: 14.515 Executing VM operation: Cleanup
Event: 14.515 Executing VM operation: Cleanup done

Memory protections (0 events):
No events

Nmethod flushes (0 events):
No events

Events (20 events):
Event: 0.465 Thread 0x000001da5034d410 Thread added: 0x000001da6f04fb20
Event: 0.465 Thread 0x000001da5034d410 Thread added: 0x000001da6f059730
Event: 0.465 Thread 0x000001da5034d410 Thread added: 0x000001da6f05e6e0
Event: 0.496 Thread 0x000001da5034d410 Thread added: 0x000001da6f2a01c0
Event: 0.500 Thread 0x000001da5034d410 Thread added: 0x000001da6f2a09f0
Event: 1.952 Thread 0x000001da5034d410 Thread added: 0x000001da6f5e3130
Event: 2.062 Thread 0x000001da6f5e3130 Thread exited: 0x000001da6f5e3130
Event: 2.353 Thread 0x000001da6f05e6e0 Thread added: 0x000001da6f6adfb0
Event: 2.809 Thread 0x000001da6f05e6e0 Thread added: 0x000001da7405b2e0
Event: 4.329 Thread 0x000001da5034d410 Thread added: 0x000001da74a46030
Event: 4.410 Thread 0x000001da7405b2e0 Thread exited: 0x000001da7405b2e0
Event: 5.419 Thread 0x000001da6f6adfb0 Thread exited: 0x000001da6f6adfb0
Event: 5.794 Thread 0x000001da6f05e6e0 Thread added: 0x000001da7428edb0
Event: 6.768 Thread 0x000001da7428edb0 Thread exited: 0x000001da7428edb0
Event: 8.314 Thread 0x000001da6f05e6e0 Thread added: 0x000001da750811b0
Event: 8.318 Thread 0x000001da6f05e6e0 Thread added: 0x000001da75081860
Event: 8.597 Thread 0x000001da75081860 Thread exited: 0x000001da75081860
Event: 9.206 Thread 0x000001da750811b0 Thread exited: 0x000001da750811b0
Event: 12.176 Thread 0x000001da6f05e6e0 Thread added: 0x000001da6f7f3660
Event: 13.046 Thread 0x000001da6f7f3660 Thread exited: 0x000001da6f7f3660


Dynamic libraries:
0x00007ff752010000 - 0x00007ff75201e000 	C:\Program Files\BellSoft\LibericaJDK-21\bin\java.exe
0x00007ffadc030000 - 0x00007ffadc225000 	C:\windows\SYSTEM32\ntdll.dll
0x00007ffada0f0000 - 0x00007ffada1ad000 	C:\windows\System32\KERNEL32.DLL
0x00007ffad97f0000 - 0x00007ffad9ab7000 	C:\windows\System32\KERNELBASE.dll
0x00007ffad95e0000 - 0x00007ffad96e0000 	C:\windows\System32\ucrtbase.dll
0x00007ffac6c30000 - 0x00007ffac6c48000 	C:\Program Files\BellSoft\LibericaJDK-21\bin\jli.dll
0x00007ffada1b0000 - 0x00007ffada350000 	C:\windows\System32\USER32.dll
0x00007ffad9d00000 - 0x00007ffad9d22000 	C:\windows\System32\win32u.dll
0x00007ffac1430000 - 0x00007ffac16cb000 	C:\windows\WinSxS\amd64_microsoft.windows.common-controls_6595b64144ccf1df_6.0.19041.488_none_ca04af081b815d21\COMCTL32.dll
0x00007ffada0c0000 - 0x00007ffada0ea000 	C:\windows\System32\GDI32.dll
0x00007ffada350000 - 0x00007ffada3ee000 	C:\windows\System32\msvcrt.dll
0x00007ffad96e0000 - 0x00007ffad97e9000 	C:\windows\System32\gdi32full.dll
0x00007ffad9540000 - 0x00007ffad95dd000 	C:\windows\System32\msvcp_win.dll
0x00007ffac6070000 - 0x00007ffac608b000 	C:\Program Files\BellSoft\LibericaJDK-21\bin\VCRUNTIME140.dll
0x00007ffadade0000 - 0x00007ffadae10000 	C:\windows\System32\IMM32.DLL
0x00007ffad2880000 - 0x00007ffad288c000 	C:\Program Files\BellSoft\LibericaJDK-21\bin\vcruntime140_1.dll
0x00007ffaaeca0000 - 0x00007ffaaed2e000 	C:\Program Files\BellSoft\LibericaJDK-21\bin\msvcp140.dll
0x00007ffa8d970000 - 0x00007ffa8e712000 	C:\Program Files\BellSoft\LibericaJDK-21\bin\server\jvm.dll
0x00007ffada4a0000 - 0x00007ffada54a000 	C:\windows\System32\ADVAPI32.dll
0x00007ffada400000 - 0x00007ffada49b000 	C:\windows\System32\sechost.dll
0x00007ffadb5f0000 - 0x00007ffadb713000 	C:\windows\System32\RPCRT4.dll
0x00007ffadb720000 - 0x00007ffadb78b000 	C:\windows\System32\WS2_32.dll
0x00007ffad8ed0000 - 0x00007ffad8f1b000 	C:\windows\SYSTEM32\POWRPROF.dll
0x00007ffabe2f0000 - 0x00007ffabe317000 	C:\windows\SYSTEM32\WINMM.dll
0x00007ffad0f70000 - 0x00007ffad0f7a000 	C:\windows\SYSTEM32\VERSION.dll
0x00007ffad8ea0000 - 0x00007ffad8eb2000 	C:\windows\SYSTEM32\UMPDC.dll
0x00007ffad7e40000 - 0x00007ffad7e53000 	C:\windows\SYSTEM32\kernel.appcore.dll
0x00007ffac7ab0000 - 0x00007ffac7aba000 	C:\Program Files\BellSoft\LibericaJDK-21\bin\jimage.dll
0x00007ffad7b10000 - 0x00007ffad7cf4000 	C:\windows\SYSTEM32\DBGHELP.DLL
0x00007ffabb870000 - 0x00007ffabb89c000 	C:\windows\SYSTEM32\dbgcore.DLL
0x00007ffad9fe0000 - 0x00007ffada05f000 	C:\windows\System32\bcryptPrimitives.dll
0x00007ffac41c0000 - 0x00007ffac41df000 	C:\Program Files\BellSoft\LibericaJDK-21\bin\java.dll
0x00007ffada5b0000 - 0x00007ffadacf1000 	C:\windows\System32\SHELL32.dll
0x00007ffad72a0000 - 0x00007ffad7a32000 	C:\windows\SYSTEM32\windows.storage.dll
0x00007ffadb8c0000 - 0x00007ffadbc14000 	C:\windows\System32\combase.dll
0x00007ffad8e70000 - 0x00007ffad8e9c000 	C:\windows\SYSTEM32\Wldp.dll
0x00007ffadbf10000 - 0x00007ffadbfbe000 	C:\windows\System32\SHCORE.dll
0x00007ffadaf70000 - 0x00007ffadafc5000 	C:\windows\System32\shlwapi.dll
0x00007ffad9470000 - 0x00007ffad9496000 	C:\windows\SYSTEM32\profapi.dll
0x00007ffaa7530000 - 0x00007ffaa7607000 	C:\Program Files\BellSoft\LibericaJDK-21\bin\jsvml.dll
0x00007ffac6c20000 - 0x00007ffac6c30000 	C:\Program Files\BellSoft\LibericaJDK-21\bin\net.dll
0x00007ffacdaa0000 - 0x00007ffacdba0000 	C:\windows\SYSTEM32\WINHTTP.dll
0x00007ffad8c00000 - 0x00007ffad8c6a000 	C:\windows\system32\mswsock.dll
0x00007ffac2380000 - 0x00007ffac2396000 	C:\Program Files\BellSoft\LibericaJDK-21\bin\nio.dll
0x00007ffac07a0000 - 0x00007ffac07b8000 	C:\Program Files\BellSoft\LibericaJDK-21\bin\zip.dll
0x00007ffac03b0000 - 0x00007ffac03d4000 	C:\Users\areda\Downloads\apache-maven-3.9.8\lib\jansi-native\Windows\x86_64\jansi.dll
0x00007ffac4960000 - 0x00007ffac4970000 	C:\Program Files\BellSoft\LibericaJDK-21\bin\verify.dll
0x00007ffad8f20000 - 0x00007ffad8f38000 	C:\windows\SYSTEM32\CRYPTSP.dll
0x00007ffad85b0000 - 0x00007ffad85e4000 	C:\windows\system32\rsaenh.dll
0x00007ffad9ac0000 - 0x00007ffad9ae7000 	C:\windows\System32\bcrypt.dll
0x00007ffad93f0000 - 0x00007ffad941e000 	C:\windows\SYSTEM32\USERENV.dll
0x00007ffad8d80000 - 0x00007ffad8d8c000 	C:\windows\SYSTEM32\CRYPTBASE.dll
0x00007ffad8910000 - 0x00007ffad894b000 	C:\windows\SYSTEM32\IPHLPAPI.DLL
0x00007ffada3f0000 - 0x00007ffada3f9000 	C:\windows\System32\NSI.dll

dbghelp: loaded successfully - version: 4.0.5 - missing functions: none
symbol engine: initialized successfully - sym options: 0x614 - pdb path: .;C:\Program Files\BellSoft\LibericaJDK-21\bin;C:\windows\SYSTEM32;C:\windows\WinSxS\amd64_microsoft.windows.common-controls_6595b64144ccf1df_6.0.19041.488_none_ca04af081b815d21;C:\Program Files\BellSoft\LibericaJDK-21\bin\server;C:\Users\areda\Downloads\apache-maven-3.9.8\lib\jansi-native\Windows\x86_64

VM Arguments:
jvm_args: -Dclassworlds.conf=C:\Users\areda\Downloads\apache-maven-3.9.8\bin\m2.conf -Dmaven.home=C:\Users\areda\Downloads\apache-maven-3.9.8 -Dlibrary.jansi.path=C:\Users\areda\Downloads\apache-maven-3.9.8\lib\jansi-native -Dmaven.multiModuleProjectDirectory=C:\Users\areda\Desktop\Vodafone\task_management 
java_command: org.codehaus.plexus.classworlds.launcher.Launcher spring-boot:run
java_class_path (initial): C:\Users\areda\Downloads\apache-maven-3.9.8\boot\plexus-classworlds-2.8.0.jar
Launcher Type: SUN_STANDARD

[Global flags]
     intx CICompilerCount                          = 4                                         {product} {ergonomic}
     uint ConcGCThreads                            = 2                                         {product} {ergonomic}
     uint G1ConcRefinementThreads                  = 8                                         {product} {ergonomic}
   size_t G1HeapRegionSize                         = 1048576                                   {product} {ergonomic}
    uintx GCDrainStackTargetSize                   = 64                                        {product} {ergonomic}
   size_t InitialHeapSize                          = 132120576                                 {product} {ergonomic}
   size_t MarkStackSize                            = 4194304                                   {product} {ergonomic}
   size_t MaxHeapSize                              = 2090860544                                {product} {ergonomic}
   size_t MaxNewSize                               = 1254096896                                {product} {ergonomic}
   size_t MinHeapDeltaBytes                        = 1048576                                   {product} {ergonomic}
   size_t MinHeapSize                              = 8388608                                   {product} {ergonomic}
    uintx NonNMethodCodeHeapSize                   = 5839372                                {pd product} {ergonomic}
    uintx NonProfiledCodeHeapSize                  = 122909434                              {pd product} {ergonomic}
    uintx ProfiledCodeHeapSize                     = 122909434                              {pd product} {ergonomic}
    uintx ReservedCodeCacheSize                    = 251658240                              {pd product} {ergonomic}
     bool SegmentedCodeCache                       = true                                      {product} {ergonomic}
   size_t SoftMaxHeapSize                          = 2090860544                             {manageable} {ergonomic}
     bool UseCompressedOops                        = true                           {product lp64_product} {ergonomic}
     bool UseG1GC                                  = true                                      {product} {ergonomic}
     bool UseLargePagesIndividualAllocation        = false                                  {pd product} {ergonomic}

Logging:
Log output configuration:
 #0: stdout all=warning uptime,level,tags foldmultilines=false
 #1: stderr all=off uptime,level,tags foldmultilines=false

Environment Variables:
JAVA_HOME=C:\Program Files\BellSoft\LibericaJDK-21\
PATH=C:\Program Files\BellSoft\LibericaJDK-21\bin\;C:\Program Files (x86)\Common Files\Oracle\Java\java8path;C:\Program Files (x86)\Common Files\Oracle\Java\javapath;C:\Program Files (x86)\VMware\VMware Workstation\bin\;C:\oraclexe\app\oracle\product\11.2.0\server\bin;C:\windows\system32;C:\windows;C:\windows\System32\Wbem;C:\windows\System32\WindowsPowerShell\v1.0\;C:\windows\System32\OpenSSH\;C:\Program Files (x86)\NVIDIA Corporation\PhysX\Common;C:\Program Files\NVIDIA Corporation\NVIDIA NvDLISR;C:\Program Files\Java\jdk1.8.0_202\bin;C:\Users\areda\Downloads\apache-maven-3.9.8\bin;C:\Program Files\BellSoft\LibericaJDK-21\\bin;C:\Program Files\nodejs\;C:\Program Files\Git\cmd;C:\Program Files\GitHub CLI\;C:\Ruby33-x64\bin;C:\Users\areda\AppData\Local\Microsoft\WindowsApps;C:\Users\areda\AppData\Local\Programs\Microsoft VS Code\bin;C:\Users\areda\AppData\Roaming\npm
USERNAME=Areda
LANG=en_US.UTF-8
OS=Windows_NT
PROCESSOR_IDENTIFIER=Intel64 Family 6 Model 126 Stepping 5, GenuineIntel
TMP=C:\Users\areda\AppData\Local\Temp
TEMP=C:\Users\areda\AppData\Local\Temp




Periodic native trim disabled

---------------  S Y S T E M  ---------------

OS:
 Windows 10 , 64 bit Build 19041 (10.0.19041.292)
OS uptime: 18 days 1:52 hours
Hyper-V role detected

CPU: total 8 (initial active 8) (4 cores per cpu, 2 threads per core) family 6 model 126 stepping 5 microcode 0x96, cx8, cmov, fxsr, ht, mmx, 3dnowpref, sse, sse2, sse3, ssse3, sse4.1, sse4.2, popcnt, lzcnt, tsc, tscinvbit, avx, avx2, aes, erms, clmul, bmi1, bmi2, adx, avx512f, avx512dq, avx512cd, avx512bw, avx512vl, sha, fma, vzeroupper, avx512_vpopcntdq, avx512_vpclmulqdq, avx512_vaes, avx512_vnni, clflush, clflushopt, avx512_vbmi2, avx512_vbmi, hv, rdtscp, rdpid, fsrm, gfni, avx512_bitalg, f16c, avx512_ifma
Processor Information for all 8 processors :
  Max Mhz: 1190, Current Mhz: 991, Mhz Limit: 987

Memory: 4k page, system-wide physical 7973M (1071M free)
TotalPageFile size 10973M (AvailPageFile size 0M)
current process WorkingSet (physical memory assigned to process): 222M, peak: 222M
current process commit charge ("private bytes"): 264M, peak: 268M

vm_info: OpenJDK 64-Bit Server VM (21.0.4+9-LTS) for windows-amd64 JRE (21.0.4+9-LTS), built on 2024-07-12T19:23:47Z by "hudson" with MS VC++ 17.1 (VS2022)

END.
